54269.000  9278.378594
54270.000  9278.466553
54271.000  9278.899459
54274.000  9278.823219
54276.000  9278.983983
54277.000  9279.144008
54278.000  9278.876483
54279.000  9277.699839
54280.000  9279.102629
54281.000  9278.464311
54282.000  9278.984766
54283.000  9277.666053
54284.000  9278.418788
54285.000  9279.244307
54286.000  9278.312783
54287.000  9275.020554
54288.000  9276.362759
54289.000  9277.949577
54290.000  9276.582852
54291.000  9276.184841
54292.000  9274.973099
54293.000  9273.394639
54294.000  9274.742352
54295.000  9278.005155
54296.000  9278.780358
54297.000  9277.980910
54298.000  9279.424870
54299.000  9279.388835
54300.000  9279.171910
54301.000  9279.436654
54302.000  9279.419816
54303.000  9279.389325
54304.000  9279.271727
54305.000  9279.419064
54306.000  9279.443391
54307.000  9279.407083
54308.000  9278.353765
54309.000  9278.279771
54310.000  9276.636223
54311.000  9278.589411
54312.000  9278.665868
54313.000  9279.102204
54314.000  9279.355054
54315.000  9277.955973
54316.000  9278.343346
54317.000  9278.311748
54318.000  9278.799341
54319.000  9278.378631
54320.000  9276.146525
54321.000  9276.473764
54322.000  9278.061869
54323.000  9279.408298
54324.000  9279.253516
54325.000  9279.027744
54326.000  9279.479818
54327.000  9278.060939
54328.000  9278.757127
54329.000  9278.855931
54330.000  9278.037413
54331.000  9276.195338
54332.000  9277.846742
54333.000  9277.489475
54334.000  9276.098499
54335.000  9278.731899
54336.000  9278.861036
54337.000  9275.895499
54338.000  9275.363106
54339.000  9277.237032
54340.000  9276.214450
54341.000  9276.578324
54342.000  9274.274621
54343.000  9276.984836
54344.000  9275.421124
54345.000  9275.056765
54346.000  9274.987176
54347.000  9272.819421
54348.000  9276.776066
54349.000  9274.180674
54350.000  9276.896779
54351.000  9277.620878
54352.000  9272.918711
54353.000  9275.412566
54354.000  9274.663201
54355.000  9276.633527
54356.000  9277.287874
54357.000  9278.168529
54358.000  9278.955481
54359.000  9277.681095
54360.000  9274.802559
54361.000  9276.190167
54362.000  9273.464698
54363.000  9273.247499
54364.000  9275.290451
54365.000  9277.973591
54366.000  9277.171222
54367.000  9276.948810
54368.000  9277.022737
54369.000  9279.083584
54370.000  9278.821128
54371.000  9278.490827
54372.000  9278.620192
54373.000  9279.282321
54374.000  9279.516324
54375.000  9279.262364
54376.000  9279.325084
54377.000  9279.394245
54378.000  9279.017014
54379.000  9279.513629
54380.000  9279.523051
54381.000  9279.518118
54382.000  9279.516448
54383.000  9279.038804
54384.000  9279.227582
54385.000  9279.117469
54386.000  9279.525174
54387.000  9279.515365
54388.000  9279.437378
54389.000  9279.527235
54390.000  9278.973787
54391.000  9279.374691
54392.000  9279.511211
54393.000  9279.527712
54394.000  9279.449369
54395.000  9279.442095
54396.000  9279.094158
54397.000  9278.233433
54398.000  9279.365457
54399.000  9278.969994
54400.000  9279.474243
54401.000  9279.423453
54402.000  9279.311509
54403.000  9279.492346
54404.000  9279.138024
54405.000  9277.459807
54406.000  9275.701623
54407.000  9278.454806
54408.000  9278.977274
54409.000  9279.514879
54410.000  9279.349553
54411.000  9278.443441
54412.000  9279.250345
54413.000  9279.435662
54414.000  9279.527017
54415.000  9278.948097
54416.000  9279.143661
54417.000  9279.534938
54418.000  9279.254208
54419.000  9278.934599
54420.000  9279.535171
54421.000  9279.539658
54422.000  9279.530414
54423.000  9279.531037
54424.000  9279.526324
54425.000  9279.538910
54426.000  9279.523784
54427.000  9279.531181
54428.000  9279.534601
54429.000  9279.540150
54430.000  9279.526614
54431.000  9279.254266
54432.000  9279.328632
54433.000  9279.524748
54434.000  9279.385408
54435.000  9279.442653
54436.000  9279.539562
54437.000  9279.453090
54438.000  9279.534188
54439.000  9279.494096
54440.000  9279.448235
54441.000  9279.536934
54442.000  9279.405193
54443.000  9279.347324
54444.000  9279.215306
54445.000  9279.525121
54446.000  9279.469612
54447.000  9279.475646
54448.000  9279.324033
54449.000  9279.037413
54450.000  9279.540105
54451.000  9279.309415
54452.000  9279.238702
54453.000  9278.022330
54454.000  9278.842978
54455.000  9279.532667
54456.000  9276.370267
54457.000  9275.844240
54458.000  9278.703163
54459.000  9277.069896
54460.000  9276.876736
54461.000  9278.204379
54462.000  9277.682534
54463.000  9278.288342
54464.000  9279.166738
54465.000  9279.358958
54466.000  9279.444984
54467.000  9279.539478
54468.000  9279.207203
54469.000  9278.937632
54470.000  9278.434138
54471.000  9278.442390
54472.000  9279.204561
54473.000  9279.414163
54474.000  9279.539323
54475.000  9279.540569
54476.000  9279.464216
54477.000  9277.493262
54478.000  9277.664116
54479.000  9271.739608
54480.000  9271.631054
54481.000  9276.905393
54482.000  9273.525309
54483.000  9277.059453
54484.000  9277.138246
54485.000  9278.218382
54486.000  9279.314873
54487.000  9279.450473
54488.000  9279.393505
54489.000  9278.747681
54490.000  9278.885505
54491.000  9278.302938
54492.000  9278.134147
54493.000  9276.659671
54494.000  9275.148726
54495.000  9277.305633
54496.000  9278.396923
54497.000  9278.438459
54498.000  9279.067712
54499.000  9279.288262
54500.000  9278.557680
54501.000  9279.249295
54502.000  9277.376129
54503.000  9278.221806
54504.000  9277.697934
54505.000  9278.682324
54506.000  9279.550310
54507.000  9279.445837
54508.000  9279.509676
54509.000  9279.507743
54510.000  9279.550055
54511.000  9279.534080
54512.000  9278.613868
54513.000  9279.494146
54514.000  9275.395272
54516.000  9277.403414
54517.000  9279.519744
54518.000  9275.075239
54519.000  9279.529515
54520.000  9278.615618
54521.000  9279.338722
54522.000  9273.638067
54523.000  9273.701385
54524.000  9276.301997
54525.000  9279.430282
54526.000  9279.556692
54527.000  9279.554480
54528.000  9279.476029
54529.000  9279.390049
54530.000  9279.357574
54531.000  9279.453533
54532.000  9279.168077
54533.000  9279.464854
54534.000  9279.514963
54535.000  9279.213534
54536.000  9279.244632
54537.000  9279.559706
54538.000  9278.325850
54539.000  9278.719561
54540.000  9279.126682
54541.000  9279.313169
54542.000  9278.246386
54543.000  9277.354659
54544.000  9279.227043
54545.000  9279.480891
54546.000  9279.558019
54547.000  9279.559164
54548.000  9278.947483
54549.000  9278.161514
54550.000  9277.581532
54551.000  9277.855487
54552.000  9278.280711
54553.000  9279.210102
54554.000  9278.457014
54555.000  9278.871247
54556.000  9279.169543
54557.000  9279.546165
54558.000  9279.189487
54559.000  9278.951040
54560.000  9279.556440
54561.000  9279.427081
54562.000  9279.533367
54564.000  9279.338750
54565.000  9279.533496
54566.000  9279.551111
54567.000  9279.304872
54568.000  9278.925974
54569.000  9279.381707
54570.000  9279.271144
54571.000  9278.736116
54572.000  9278.928057
54573.000  9278.295016
54574.000  9279.227578
54575.000  9279.322632
54576.000  9279.558512
54577.000  9279.444272
54578.000  9279.562640
54579.000  9279.544537
54580.000  9279.561669
54581.000  9279.118449
54582.000  9279.565852
54583.000  9279.566381
54584.000  9279.567287
54585.000  9279.326307
54586.000  9279.557328
54587.000  9279.555649
54588.000  9279.548972
54589.000  9279.469991
54590.000  9279.398733
54591.000  9279.263745
54592.000  9279.420987
54593.000  9279.527129
54594.000  9279.487683
54595.000  9279.568170
54596.000  9279.329968
54597.000  9279.087937
54598.000  9279.086848
54599.000  9279.544512
54600.000  9277.750825
54601.000  9279.420765
54602.000  9279.552853
54603.000  9279.500100
54604.000  9279.407549
54605.000  9279.568491
54606.000  9279.442162
54607.000  9279.568756
54608.000  9279.439695
54609.000  9279.514727
54610.000  9279.569454
54611.000  9279.477562
54612.000  9279.526945
54613.000  9279.025188
54614.000  9279.568833
54615.000  9279.129772
54616.000  9277.594308
54617.000  9279.143549
54618.000  9279.355107
54619.000  9278.416094
54620.000  9279.433148
54621.000  9279.486402
54622.000  9278.297566
54623.000  9277.472851
54624.000  9279.538092
54625.000  9279.568548
54626.000  9279.455811
54627.000  9279.473453
54628.000  9279.566669
54629.000  9279.550977
54630.000  9278.249514
54631.000  9279.549977
54632.000  9279.561641
54633.000  9279.563680
54634.000  9278.672065
54635.000  9278.452185
54636.000  9278.533730
54637.000  9278.927917
54638.000  9279.491734
54639.000  9278.454057
54640.000  9277.834614
54641.000  9278.013027
54642.000  9279.236803
54643.000  9279.462816
54648.000  9277.385698
54649.000  9277.765527
54650.000  9279.484818
54651.000  9279.386576
54652.000  9279.536445
54653.000  9279.518057
54654.000  9279.231310
54655.000  9279.256988
54656.000  9278.192959
54657.000  9278.396934
54658.000  9279.392203
54659.000  9279.565078
54660.000  9279.553136
54661.000  9278.986669
54662.000  9279.308303
54663.000  9279.247863
54664.000  9278.589218
54665.000  9279.436297
54666.000  9278.381629
54667.000  9279.030853
54668.000  9279.238466
54669.000  9279.277370
54670.000  9279.165506
54672.000  9279.166848
54673.000  9279.194206
54674.000  9279.096152
54675.000  9279.140314
54676.000  9278.990159
54677.000  9278.866007
54678.000  9279.464287
54679.000  9279.564054
54680.000  9279.508292
54681.000  9279.542717
54682.000  9279.076666
54683.000  9279.300633
54684.000  9278.235562
54685.000  9279.517260
54686.000  9278.711897
54687.000  9276.660277
54688.000  9277.587913
54689.000  9279.265737
54690.000  9279.097587
54691.000  9271.214396
54692.000  9276.417713
54693.000  9275.592744
54694.000  9278.017101
54695.000  9275.527308
54696.000  9275.889289
54697.000  9277.376288
54698.000  9279.360419
54699.000  9278.959310
54700.000  9277.301382
54701.000  9276.005147
54702.000  9277.912619
54703.000  9278.772628
54704.000  9279.007838
54705.000  9279.564430
54706.000  9277.627491
54707.000  9277.680039
54708.000  9277.865830
54709.000  9277.282754
54710.000  9275.823766
54711.000  9276.734775
54712.000  9275.222419
54713.000  9275.661342
54714.000  9275.191121
54715.000  9277.825932
54716.000  9276.333701
54717.000  9275.718268
54718.000  9274.253060
54719.000  9275.753838
54720.000  9276.186164
54721.000  9275.049089
54722.000  9277.000530
54723.000  9277.490628
54724.000  9279.269375
54725.000  9278.675413
54726.000  9276.358774
54727.000  9276.589384
54728.000  9278.034047
54729.000  9278.641929
54730.000  9278.849226
54731.000  9277.982500
54732.000  9278.615018
54733.000  9277.062058
54734.000  9279.274979
54735.000  9279.532121
54736.000  9279.568681
54737.000  9279.561207
54738.000  9279.074433
54739.000  9278.687098
54740.000  9278.983967
54741.000  9279.368592
54742.000  9279.448807
54743.000  9278.383148
54744.000  9279.307116
54745.000  9279.552900
54746.000  9278.382721
54747.000  9278.746996
54748.000  9278.079090
54749.000  9277.845276
54750.000  9279.196761
54751.000  9279.416283
54752.000  9279.522780
54753.000  9279.415947
54754.000  9278.916908
54755.000  9278.593021
54756.000  9277.801124
54757.000  9277.295255
54758.000  9279.203286
54759.000  9278.300874
54760.000  9278.313990
54761.000  9278.830757
54762.000  9279.447119
54763.000  9278.918124
54764.000  9279.380661
54765.000  9279.165062
54766.000  9279.442360
54767.000  9279.195270
54768.000  9279.017342
54769.000  9277.994456
54770.000  9277.814519
54771.000  9278.395502
54772.000  9278.280823
54773.000  9279.314977
54774.000  9278.539983
54775.000  9279.178629
54776.000  9279.481051
54777.000  9279.562861
54778.000  9277.704531
54779.000  9276.248265
54780.000  9278.041288
54781.000  9275.845136
54782.000  9277.371314
54783.000  9279.122680
54784.000  9279.065623
54785.000  9276.853661
54786.000  9277.979422
54787.000  9278.102508
54788.000  9279.127604
54789.000  9279.540995
54790.000  9279.541109
54791.000  9279.516205
54793.000  9279.357957
54794.000  9279.417270
54795.000  9279.338877
54796.000  9277.620130
54797.000  9276.730366
54798.000  9278.871064
54799.000  9277.069100
54800.000  9276.647334
54801.000  9274.816244
54802.000  9273.444412
54803.000  9275.344475
54804.000  9277.132809
54805.000  9278.085144
54806.000  9278.101369
54807.000  9279.129559
54808.000  9278.144525
54809.000  9278.301661
54810.000  9277.111936
54811.000  9273.086161
54812.000  9276.103245
54813.000  9278.368710
54814.000  9278.010038
54815.000  9277.055383
54816.000  9275.282122
54817.000  9275.607238
54818.000  9273.160227
54819.000  9274.187023
54820.000  9269.694628
54821.000  9274.882616
54822.000  9278.010914
54823.000  9275.597178
54826.000  9274.427038
54827.000  9278.647397
54828.000  9277.913964
54829.000  9276.135326
54830.000  9276.944471
54831.000  9279.069763
54832.000  9278.689189
54833.000  9273.033310
54834.000  9270.682831
54837.000  9278.665442
54838.000  9277.123388
54839.000  9277.229551
54841.000  9279.217416
54842.000  9279.208699
54843.000  9279.535848
54844.000  9279.533090
54845.000  9279.548481
54846.000  9279.518855
54847.000  9279.532244
54848.000  9279.552831
54849.000  9279.545413
54850.000  9279.550711
54851.000  9279.545802
54852.000  9279.351769
54853.000  9278.779806
54854.000  9279.538766
54855.000  9279.436447
54856.000  9279.551305
54857.000  9279.549408
54858.000  9279.213747
54859.000  9279.549343
54860.000  9279.503799
54861.000  9279.548991
54862.000  9279.282720
54863.000  9279.479810
54864.000  9278.807896
54865.000  9278.263221
54866.000  9278.774176
54867.000  9279.462129
54868.000  9279.516616
54869.000  9279.533696
54870.000  9279.387032
54871.000  9279.436104
54872.000  9278.085194
54873.000  9277.966730
54875.000  9278.356404
54876.000  9279.023659
54877.000  9277.137447
54878.000  9277.414826
54879.000  9279.295825
54898.000  9278.958344
54899.000  9278.876082
54900.000  9279.396925
54901.000  9279.451991
54902.000  9279.382351
54903.000  9279.494958
54904.000  9279.509968
54905.000  9279.325799
54906.000  9279.522603
54907.000  9278.591362
54908.000  9278.603465
54909.000  9278.624171
54910.000  9278.709623
54911.000  9279.382419
54912.000  9279.256734
54913.000  9279.305134
54914.000  9279.176216
54915.000  9279.454134
54916.000  9279.309824
54917.000  9279.321424
54918.000  9279.532583
54919.000  9279.501431
54920.000  9279.538289
54921.000  9279.370517
54922.000  9279.234889
54923.000  9279.549337
54924.000  9279.512374
54925.000  9279.552648
54926.000  9279.542453
54927.000  9279.201144
54928.000  9279.401533
54929.000  9278.555418
54930.000  9278.113922
54931.000  9278.799875
54932.000  9279.266111
54933.000  9279.523720
54934.000  9279.530298
54935.000  9279.486977
54936.000  9279.419364
54937.000  9279.153541
54938.000  9279.148837
54939.000  9279.476797
54940.000  9279.530480
54941.000  9279.555029
54942.000  9279.356260
54943.000  9279.478051
54944.000  9279.499564
54945.000  9279.354540
54946.000  9279.312343
54947.000  9279.532934
54948.000  9279.535696
54949.000  9279.540899
54950.000  9279.171047
54951.000  9279.548823
54952.000  9279.549830
54953.000  9279.547820
54954.000  9279.553758
54955.000  9279.501681
54956.000  9279.143119
54957.000  9279.366054
54958.000  9279.548695
54959.000  9279.454272
54960.000  9277.851225
54961.000  9279.239827
54962.000  9279.535269
54963.000  9278.240373
54964.000  9278.948312
54965.000  9279.546221
54966.000  9279.532708
54967.000  9279.552147
54968.000  9279.065055
54969.000  9279.507963
54970.000  9279.534374
54971.000  9277.342941
54972.000  9279.377705
54973.000  9279.540186
54974.000  9278.283419
54975.000  9279.096443
54976.000  9279.139465
54977.000  9278.000352
54978.000  9276.185045
54979.000  9279.441997
54980.000  9278.932969
54981.000  9278.912086
54982.000  9278.942845
54983.000  9279.496486
54984.000  9278.701871
54985.000  9279.319631
54986.000  9278.365761
54987.000  9277.323252
54988.000  9277.770348
54989.000  9277.896826
54990.000  9279.215767
54991.000  9278.357656
54992.000  9277.315521
54993.000  9278.944565
54994.000  9278.830844
54995.000  9279.050909
54996.000  9279.462192
54997.000  9279.513890
54998.000  9279.237558
54999.000  9279.550247
55000.000  9279.528438
55001.000  9279.053636
55002.000  9279.304207
55003.000  9279.160702
55004.000  9279.408392
55005.000  9278.483375
55006.000  9278.847089
55007.000  9279.139139
55008.000  9279.538865
55009.000  9279.314949
55010.000  9278.021324
55011.000  9279.551326
55012.000  9279.389618
55013.000  9279.521785
55014.000  9279.178113
55015.000  9279.542342
55016.000  9279.349130
55017.000  9279.160700
55018.000  9279.551609
55019.000  9279.540507
55020.000  9279.497264
55021.000  9279.431020
55022.000  9279.536783
55023.000  9278.291339
55024.000  9279.489568
55025.000  9279.496018
55026.000  9279.072357
55027.000  9279.211609
55029.000  9279.390577
55030.000  9279.406201
55031.000  9279.539221
55032.000  9279.344945
55033.000  9279.068646
55034.000  9279.349527
55035.000  9279.520942
55036.000  9279.507460
55037.000  9279.485733
55038.000  9278.968946
55039.000  9277.984431
55040.000  9278.453588
55041.000  9278.979167
55042.000  9279.539818
55043.000  9279.175945
55044.000  9277.640730
55045.000  9276.788386
55046.000  9274.220078
55047.000  9275.794437
55048.000  9277.033627
55049.000  9274.414591
55050.000  9277.641180
55051.000  9277.183583
55052.000  9278.680622
55053.000  9278.384160
55054.000  9277.782106
55055.000  9276.770009
55056.000  9278.682291
55057.000  9276.562022
55058.000  9275.107960
55059.000  9276.217165
55060.000  9278.594450
55061.000  9276.704513
55062.000  9278.939094
55063.000  9277.538498
55064.000  9278.331987
55065.000  9276.243356
55066.000  9273.229686
55067.000  9276.468396
55068.000  9277.328404
55069.000  9279.399046
55070.000  9279.259894
55071.000  9279.215904
55072.000  9279.452335
55073.000  9279.455987
55074.000  9276.766841
55075.000  9278.338122
55076.000  9277.979632
55077.000  9275.851018
55078.000  9276.030987
55079.000  9277.795369
55080.000  9274.662358
55081.000  9277.769418
55082.000  9278.454139
55083.000  9279.368813
55084.000  9279.205562
55085.000  9279.526360
55086.000  9279.525029
55087.000  9279.511784
55088.000  9279.304386
55089.000  9279.189128
55090.000  9279.430062
55091.000  9279.098165
55092.000  9279.413596
55093.000  9279.219705
55094.000  9279.016194
55095.000  9276.280896
55096.000  9278.375827
55097.000  9279.315649
55098.000  9275.873785
55099.000  9277.038683
55100.000  9277.981300
55101.000  9278.792851
55102.000  9278.046831
55103.000  9276.724441
55104.000  9278.603125
55105.000  9279.069050
55106.000  9279.406274
55107.000  9279.291664
55108.000  9278.372484
55109.000  9278.459454
55110.000  9279.168875
55111.000  9279.156151
55112.000  9278.112192
55113.000  9272.137430
55114.000  9273.919568
55115.000  9276.659019
55116.000  9277.023795
55117.000  9279.400526
55118.000  9278.848247
55119.000  9279.417057
55120.000  9278.976152
55121.000  9277.769604
55122.000  9278.307443
55123.000  9278.461567
55124.000  9277.215265
55125.000  9277.099232
55126.000  9276.670375
55127.000  9278.877476
55128.000  9278.716440
55129.000  9275.003869
55130.000  9276.681732
55131.000  9277.579455
55132.000  9277.754284
55133.000  9277.999061
55134.000  9278.511323
55135.000  9278.924800
55136.000  9279.058345
55137.000  9277.449547
55138.000  9276.081325
55139.000  9274.261317
55140.000  9272.665620
55141.000  9275.362674
55142.000  9274.526202
55143.000  9274.326286
55144.000  9276.033602
55145.000  9274.262649
55146.000  9276.625228
55147.000  9277.956378
55148.000  9279.327874
55149.000  9278.124781
55150.000  9278.688261
55151.000  9278.337440
55152.000  9277.979711
55153.000  9277.730920
55154.000  9278.010610
55155.000  9278.877586
55156.000  9278.482973
55157.000  9278.318841
55158.000  9275.031568
55159.000  9277.060566
55160.000  9278.135387
55161.000  9278.734257
55162.000  9279.424625
55163.000  9279.337796
55164.000  9277.095281
55165.000  9273.777435
55166.000  9265.391452
55167.000  9271.214647
55168.000  9267.202047
55169.000  9264.227697
55170.000  9260.499316
55171.000  9262.198583
55172.000  9263.615410
55173.000  9265.775635
55174.000  9264.173397
55175.000  9257.408629
55177.000  9258.429480
55178.000  9274.139573
55180.000  9276.476025
55187.000  9267.152327
55188.000  9255.440057
55189.000  9260.083986
55190.000  9266.014569
55191.000  9267.528364
55192.000  9268.417609
55193.000  9268.732444
55194.000  9270.826599
55195.000  9271.729831
55196.000  9270.435176
55197.000  9272.368264
55198.000  9274.808217
55199.000  9275.756015
55200.000  9274.038353
55201.000  9273.460028
55202.000  9274.243759
55203.000  9271.662570
55204.000  9270.329748
55205.000  9274.899104
55206.000  9276.958673
55207.000  9278.892253
55208.000  9277.957810
55209.000  9276.945225
55210.000  9277.650796
55211.000  9276.093920
55212.000  9270.849553
55213.000  9269.471790
55214.000  9274.283772
55215.000  9274.935683
55217.000  9275.759831
55218.000  9279.442157
55219.000  9278.710088
55220.000  9276.651256
55221.000  9278.491266
55222.000  9277.866200
55223.000  9277.873334
55224.000  9278.569673
55225.000  9278.283250
55226.000  9278.114693
55227.000  9276.743781
55228.000  9277.202627
55229.000  9277.607075
55230.000  9277.711146
55231.000  9277.477567
55261.000  9275.887467
55264.000  9272.157374
55265.000  9277.708254
55266.000  9278.919460
55267.000  9279.128222
55269.000  9278.856176
55271.000  9279.108644
55272.000  9279.269579
55273.000  9278.841108
55274.000  9277.804616
55275.000  9279.152462
55276.000  9279.182126
55277.000  9279.496102
55278.000  9279.472785
55279.000  9278.929742
55280.000  9279.513994
55281.000  9279.495898
55282.000  9279.464937
55283.000  9279.480077
55284.000  9279.388640
55285.000  9279.519487
55286.000  9279.522700
55287.000  9279.287156
55288.000  9279.441357
55289.000  9279.296201
55290.000  9278.958447
55291.000  9278.169459
55292.000  9278.406596
55293.000  9278.543510
55294.000  9279.103396
55295.000  9279.344899
55296.000  9279.521608
55297.000  9279.513391
55298.000  9279.442420
55299.000  9279.452776
55300.000  9279.528246
55301.000  9279.524816
55302.000  9278.661724
55303.000  9278.265440
55304.000  9279.112296
55305.000  9278.810668
55306.000  9278.508498
55307.000  9279.306169
55308.000  9279.428884
55309.000  9279.457539
55310.000  9279.527116
55311.000  9279.169675
55312.000  9279.507417
55313.000  9279.517321
55314.000  9279.520978
55315.000  9279.249879
55316.000  9279.484138
55317.000  9279.499477
55318.000  9279.526450
55319.000  9279.537013
55320.000  9278.432553
55321.000  9278.961488
55322.000  9278.250567
55323.000  9276.842698
55324.000  9277.505787
55325.000  9278.611975
55326.000  9278.282087
55327.000  9277.074113
55328.000  9278.838913
55329.000  9278.850502
55330.000  9278.837977
55331.000  9278.081556
55332.000  9279.106583
55333.000  9279.334683
55334.000  9279.486952
55335.000  9278.958479
55336.000  9278.533735
55337.000  9278.804421
55338.000  9278.916388
55339.000  9278.590694
55340.000  9278.203463
55341.000  9279.077865
55342.000  9279.470503
55343.000  9279.101725
55344.000  9279.527642
55345.000  9279.527431
55346.000  9279.230917
55347.000  9278.329687
55348.000  9278.563439
55349.000  9279.069002
55350.000  9278.900660
55351.000  9279.522767
55352.000  9279.298201
55353.000  9278.441849
55354.000  9279.507578
55355.000  9279.204542
55356.000  9279.349199
55357.000  9279.501029
55358.000  9279.525597
55359.000  9279.526035
55360.000  9279.489998
55361.000  9279.543977
55362.000  9278.763167
55363.000  9279.542512
55364.000  9279.520955
55365.000  9279.529138
55366.000  9279.459166
55367.000  9279.532512
55368.000  9279.464831
55369.000  9279.307218
55370.000  9279.377020
55371.000  9279.471898
55372.000  9278.381863
55373.000  9279.003184
55374.000  9278.985983
55375.000  9279.537334
55376.000  9279.535921
55377.000  9279.529135
55378.000  9279.035552
55379.000  9279.515372
55380.000  9279.275494
55381.000  9278.663372
55382.000  9279.545994
55383.000  9279.468621
55384.000  9278.639992
55385.000  9279.170748
55386.000  9279.527781
55387.000  9275.618585
55388.000  9279.170368
55389.000  9279.518006
55390.000  9278.766221
55391.000  9279.540157
55392.000  9279.544377
55393.000  9278.885647
55394.000  9279.171124
55395.000  9278.051733
55396.000  9277.127147
55397.000  9276.255248
55398.000  9278.742472
55399.000  9274.660549
55400.000  9277.616281
55401.000  9277.747479
55402.000  9277.422205
55403.000  9278.610613
55404.000  9279.461120
55405.000  9279.393809
55406.000  9278.990414
55409.000  9278.292865
55410.000  9279.349561
55411.000  9279.460447
55412.000  9279.200187
55413.000  9279.456874
55414.000  9279.497735
55415.000  9279.498244
55416.000  9279.143719
55417.000  9279.351901
55418.000  9278.888528
55419.000  9279.459086
55420.000  9279.393409
55421.000  9279.331847
55422.000  9279.541452
55423.000  9279.419643
55424.000  9279.550108
55425.000  9278.933069
55426.000  9279.550100
55427.000  9279.543564
55428.000  9279.424998
55429.000  9279.541492
55430.000  9279.502883
55431.000  9278.651723
55432.000  9277.237754
55433.000  9278.781340
55434.000  9279.134738
55435.000  9279.280851
55436.000  9278.573743
55437.000  9279.549003
55438.000  9279.515368
55439.000  9279.547137
55440.000  9278.495349
55441.000  9278.909333
55442.000  9279.312802
55443.000  9278.199619
55444.000  9279.172517
55445.000  9279.491984
55446.000  9279.536278
55447.000  9278.895343
55448.000  9278.352670
55449.000  9279.000608
55450.000  9279.282962
55451.000  9277.862662
55452.000  9278.956788
55453.000  9278.017175
55454.000  9279.536722
55455.000  9279.534381
55456.000  9279.487452
55457.000  9279.546310
55458.000  9279.551776
55459.000  9279.528095
55460.000  9279.402325
55461.000  9279.206324
55462.000  9279.099403
55463.000  9279.123154
55464.000  9279.545832
55465.000  9279.548707
55466.000  9279.506899
55467.000  9279.531245
55468.000  9279.549506
55469.000  9279.504082
55470.000  9278.739688
55471.000  9278.474538
55472.000  9277.840086
55473.000  9279.441985
55474.000  9279.449510
55475.000  9279.483003
55476.000  9279.424307
55477.000  9279.545983
55478.000  9279.545141
55479.000  9279.532515
55480.000  9279.250879
55481.000  9279.544555
55482.000  9279.534280
55483.000  9279.544601
55484.000  9278.980774
55485.000  9279.503550
55486.000  9279.526026
55487.000  9279.448215
55488.000  9279.547815
55489.000  9278.326610
55490.000  9278.505456
55491.000  9279.179552
55492.000  9279.548160
55493.000  9279.442221
55494.000  9279.487789
55495.000  9279.546040
55496.000  9279.469835
55497.000  9279.477311
55498.000  9279.282424
55499.000  9279.531049
55500.000  9279.525802
55501.000  9279.060849
55502.000  9279.527407
55503.000  9279.279682
55504.000  9279.511767
55505.000  9279.532929
55506.000  9279.469129
55507.000  9279.077648
55508.000  9279.348978
55509.000  9279.005557
55510.000  9278.253733
55511.000  9277.743507
55512.000  9279.422339
55513.000  9279.369492
55514.000  9279.361168
55515.000  9279.529288
55516.000  9278.703385
55517.000  9278.197950
55518.000  9278.610014
55519.000  9278.994365
55520.000  9279.400574
55521.000  9279.483213
55522.000  9279.481617
55523.000  9279.528504
55524.000  9279.529798
55525.000  9279.535231
55526.000  9279.529820
55527.000  9279.466363
55528.000  9279.357643
55529.000  9279.184729
55530.000  9279.528841
55531.000  9279.538174
55532.000  9278.530719
55533.000  9277.388047
55534.000  9278.507253
55535.000  9279.443680
55536.000  9279.531718
55537.000  9279.511399
55538.000  9279.175927
55539.000  9279.361423
55540.000  9279.175198
55541.000  9279.182255
55542.000  9279.516106
55543.000  9279.491285
55544.000  9279.434705
55545.000  9279.512814
55546.000  9279.513050
55547.000  9279.537850
55548.000  9279.459320
55549.000  9279.335405
55550.000  9279.529996
55551.000  9279.455652
55552.000  9279.482807
55553.000  9279.251215
55554.000  9279.365841
55555.000  9279.473244
55556.000  9278.747848
55557.000  9278.410300
55558.000  9279.464096
55559.000  9279.536957
55560.000  9279.528316
55561.000  9279.533634
55562.000  9279.359895
55563.000  9278.723293
55564.000  9279.284174
55565.000  9279.109901
55566.000  9279.306134
55567.000  9278.565948
55568.000  9277.172987
55569.000  9275.200415
55570.000  9274.290585
55571.000  9273.847140
55572.000  9273.601482
55573.000  9273.053283
55574.000  9272.205917
55575.000  9275.756827
55576.000  9278.897259
55577.000  9279.512356
55578.000  9279.504349
55580.000  9278.811490
55581.000  9279.356019
55582.000  9276.727590
55583.000  9276.542147
55584.000  9277.706482
55585.000  9279.251725
55586.000  9279.444205
55587.000  9279.493541
55588.000  9279.534360
55589.000  9279.204031
55590.000  9279.146251
55591.000  9279.470263
55592.000  9278.901701
55593.000  9279.049279
55594.000  9279.153440
55595.000  9278.820861
55596.000  9279.528047
55597.000  9279.281849
55598.000  9279.084159
55599.000  9279.117646
55600.000  9279.494161
55601.000  9278.810113
55602.000  9278.431523
55603.000  9279.328741
55604.000  9279.077507
55605.000  9278.217702
55606.000  9279.457014
55607.000  9279.533163
55608.000  9279.534536
55609.000  9279.529248
55610.000  9279.452043
55611.000  9279.202869
55612.000  9279.072599
55613.000  9279.288077
55614.000  9277.539525
55615.000  9277.541149
55616.000  9278.764373
55617.000  9278.740195
55618.000  9279.220288
55619.000  9279.538185
55620.000  9279.532634
55621.000  9279.480837
55622.000  9279.532826
55623.000  9278.248657
55624.000  9278.519244
55625.000  9279.348731
55626.000  9279.538866
55627.000  9279.508908
55628.000  9279.526798
55629.000  9278.910378
55630.000  9279.125305
55631.000  9278.063277
55632.000  9278.193187
55633.000  9279.459192
55634.000  9279.285015
55635.000  9279.526819
55636.000  9279.536162
55637.000  9279.537668
55638.000  9279.164232
55639.000  9279.529184
55640.000  9279.529865
55641.000  9279.094027
55642.000  9278.418068
55643.000  9276.623168
55644.000  9276.405167
55645.000  9278.035612
55646.000  9278.905634
55647.000  9279.531292
55648.000  9279.518957
55649.000  9279.519251
55650.000  9279.318040
55651.000  9279.499611
55652.000  9279.392939
55653.000  9279.477189
55654.000  9279.492648
55655.000  9279.537824
55656.000  9278.699746
55657.000  9279.456229
55658.000  9279.279714
55659.000  9279.001649
55660.000  9279.157779
55661.000  9279.073009
55662.000  9278.790522
55663.000  9278.429490
55664.000  9277.467667
55665.000  9278.381282
55666.000  9277.580861
55667.000  9278.500841
55668.000  9276.839349
55669.000  9277.493302
55670.000  9277.090384
55671.000  9278.047651
55672.000  9278.891367
55673.000  9277.454469
55674.000  9278.060908
55675.000  9278.769375
55676.000  9278.155025
55677.000  9278.860658
55678.000  9278.869737
55679.000  9278.630573
55680.000  9277.359804
55681.000  9275.808348
55682.000  9277.274241
55683.000  9276.764059
55684.000  9279.029251
55685.000  9277.649928
55686.000  9279.094849
55687.000  9278.764082
55688.000  9277.370049
55689.000  9278.502385
55690.000  9277.756162
55691.000  9278.054577
55692.000  9278.303623
55693.000  9279.523135
55694.000  9279.060121
55695.000  9278.572227
55696.000  9279.237341
55697.000  9279.040845
55698.000  9279.439945
55699.000  9275.631250
55700.000  9277.797290
55701.000  9279.506578
55702.000  9279.531310
55703.000  9279.513121
55704.000  9279.170476
55705.000  9278.950735
55706.000  9278.842883
55707.000  9279.434778
55708.000  9278.140158
55713.000  9279.282790
55714.000  9279.432644
55715.000  9278.333666
55716.000  9279.440062
55717.000  9278.933489
55718.000  9279.336404
55719.000  9279.411096
55720.000  9279.463544
55721.000  9279.396290
55722.000  9279.206298
55723.000  9279.495866
55724.000  9279.537935
55725.000  9279.058829
55726.000  9279.525075
55727.000  9279.529394
55728.000  9279.416554
55729.000  9279.539840
55730.000  9278.745930
55731.000  9279.184868
55732.000  9279.161948
55733.000  9279.538379
55734.000  9279.529636
55735.000  9279.541534
55736.000  9279.063631
55737.000  9279.531324
55738.000  9279.529127
55739.000  9279.491512
55740.000  9279.068198
55741.000  9279.366440
55742.000  9279.357792
55743.000  9279.378079
55744.000  9278.288782
55745.000  9279.216410
55746.000  9279.255100
55747.000  9279.475586
55748.000  9279.456566
55749.000  9277.443437
55750.000  9278.013524
55751.000  9278.066300
55752.000  9279.543868
55753.000  9279.536378
55754.000  9279.413814
55755.000  9279.525670
55756.000  9279.147621
55757.000  9278.867784
55758.000  9279.544392
55759.000  9279.372533
55760.000  9279.537853
55761.000  9279.503577
55762.000  9279.306425
55763.000  9277.621098
55764.000  9279.279813
55765.000  9279.486321
55766.000  9279.527084
55767.000  9278.509021
55768.000  9279.151612
55769.000  9276.673280
55770.000  9278.914965
55771.000  9279.372438
55772.000  9279.498782
55773.000  9279.489639
55774.000  9277.901219
55775.000  9275.933607
55776.000  9278.585148
55777.000  9279.120331
55778.000  9278.652005
55779.000  9279.311882
55780.000  9279.418392
55781.000  9279.542205
55782.000  9279.431317
55783.000  9279.518241
55784.000  9279.526584
55785.000  9279.547114
55786.000  9279.304784
55787.000  9279.192859
55788.000  9279.535897
55789.000  9279.083947
55790.000  9279.540927
55791.000  9279.287163
55792.000  9278.807718
55793.000  9279.441261
55794.000  9279.547853
55795.000  9279.548792
55796.000  9279.532433
55797.000  9279.493559
55798.000  9279.468620
55799.000  9277.594944
55800.000  9279.533480
55801.000  9279.347155
55802.000  9278.340037
55803.000  9278.739803
55804.000  9278.903907
55805.000  9277.977502
55806.000  9276.474468
55807.000  9276.902693
55808.000  9279.483099
55809.000  9279.237454
55810.000  9278.303533
55811.000  9278.020151
55812.000  9279.119238
55813.000  9278.735010
55814.000  9276.454689
55815.000  9277.072022
55816.000  9279.101477
55817.000  9278.664061
55818.000  9278.774322
55819.000  9277.617445
55820.000  9277.913832
55821.000  9277.921193
55822.000  9275.981269
55823.000  9278.319233
55824.000  9279.490385
55825.000  9279.507727
55826.000  9279.476028
55827.000  9279.499487
55828.000  9279.524598
55829.000  9279.535090
55830.000  9279.287547
55831.000  9279.356585
55832.000  9279.186809
55833.000  9279.542066
55834.000  9279.491946
55835.000  9279.537719
55836.000  9279.533196
55837.000  9279.371107
55838.000  9279.414809
55839.000  9279.407535
55840.000  9278.894748
55841.000  9279.139361
55842.000  9279.503798
55843.000  9279.544390
55844.000  9279.432596
55845.000  9279.544446
55846.000  9279.547401
55847.000  9279.481013
55848.000  9279.457503
55849.000  9279.543308
55850.000  9279.528735
55851.000  9279.538598
55852.000  9279.534809
55853.000  9279.532773
55854.000  9279.541701
55855.000  9279.542348
55856.000  9278.523697
55857.000  9279.382435
55858.000  9279.381482
55859.000  9279.409318
55860.000  9279.541689
55861.000  9279.515037
55862.000  9279.392567
55863.000  9279.533981
55864.000  9279.536774
55865.000  9278.977268
55866.000  9278.997907
55868.000  9279.450738
55869.000  9279.506616
55870.000  9279.518517
55871.000  9279.122304
55872.000  9279.524969
55873.000  9279.539546
55874.000  9279.534380
55875.000  9279.534649
55876.000  9279.528048
55877.000  9279.381143
55878.000  9279.222855
55879.000  9279.475311
55880.000  9278.551889
55881.000  9279.016086
55882.000  9279.226466
55884.000  9279.428217
55885.000  9278.757367
55886.000  9279.201081
55887.000  9278.566796
55888.000  9279.473570
55889.000  9279.513715
55890.000  9279.088203
55891.000  9279.530209
55892.000  9279.526350
55893.000  9279.513006
55894.000  9279.506178
55895.000  9279.223710
55896.000  9279.532768
55897.000  9279.522810
55898.000  9279.371853
55899.000  9279.525388
55900.000  9279.521103
55901.000  9279.536360
55902.000  9279.128143
55903.000  9279.287081
55904.000  9279.521989
55905.000  9279.532679
55906.000  9279.506319
55907.000  9279.526117
55908.000  9279.522258
55909.000  9279.438762
55910.000  9279.291738
55911.000  9278.989033
55915.000  9278.997783
55916.000  9277.235822
55917.000  9278.122354
55918.000  9278.357624
55919.000  9277.315287
55920.000  9278.573533
55921.000  9278.399618
55922.000  9278.656790
55923.000  9279.270374
55924.000  9279.412736
55925.000  9279.249395
55926.000  9279.512689
55927.000  9279.139476
55928.000  9279.247511
55929.000  9278.502775
55930.000  9279.267366
55931.000  9277.985290
55932.000  9279.470958
55933.000  9278.978332
55934.000  9279.020049
55935.000  9279.519729
55936.000  9279.504380
55937.000  9279.157280
55938.000  9278.804720
55939.000  9279.166947
55940.000  9279.417426
55941.000  9278.283164
55948.000  9278.072233
55951.000  9276.771403
55957.000  9277.180110
55958.000  9264.822934
55959.000  9274.106531
55960.000  9276.949217
55961.000  9277.566256
55962.000  9279.077318
55963.000  9278.304334
55964.000  9279.505287
55965.000  9279.411478
55966.000  9278.926258
55967.000  9279.358179
55968.000  9279.486236
55969.000  9279.306520
55972.000  9278.954903
55973.000  9277.383966
55974.000  9274.415449
55975.000  9271.807619
55977.000  9277.788701
55978.000  9275.934348
55979.000  9271.585649
55980.000  9270.982897
55981.000  9272.702236
55982.000  9269.484201
55983.000  9275.008617
55985.000  9276.823614
55988.000  9274.923930
55989.000  9271.051263
55990.000  9278.736710
55991.000  9279.243491
55992.000  9274.690938
55994.000  9279.294008
55995.000  9279.163325
55996.000  9279.508737
55997.000  9279.508502
55998.000  9279.491968
55999.000  9278.994149
56000.000  9276.924645
56001.000  9275.065509
56002.000  9275.138554
56009.000  9278.882615
56010.000  9277.391119
56011.000  9278.841564
56012.000  9277.552003
56013.000  9277.272982
56014.000  9279.486866
56015.000  9279.504830
56016.000  9279.527993
56017.000  9279.530435
56018.000  9279.338884
56019.000  9279.498274
56020.000  9279.480030
56021.000  9279.518677
56022.000  9279.446171
56023.000  9279.525218
56024.000  9279.533617
56025.000  9279.033942
56026.000  9278.961848
56027.000  9279.457462
56028.000  9277.848947
56029.000  9279.094091
56030.000  9279.509899
56031.000  9279.534096
56032.000  9279.331794
56033.000  9279.522442
56034.000  9279.422507
56035.000  9279.472018
56036.000  9279.535078
56037.000  9279.535297
56038.000  9279.335831
56039.000  9279.442041
56040.000  9279.205806
56041.000  9279.537611
56042.000  9279.372288
56043.000  9279.454194
56044.000  9279.493246
56045.000  9279.535033
56046.000  9279.517460
56047.000  9279.534752
56048.000  9279.522641
56049.000  9279.540012
56050.000  9279.467031
56051.000  9279.538307
56052.000  9279.329034
56053.000  9279.530070
56054.000  9279.464448
56055.000  9279.521463
56056.000  9279.529879
56057.000  9279.079783
56058.000  9278.962764
56059.000  9279.457297
56060.000  9279.530189
56061.000  9279.540593
56062.000  9279.531252
56063.000  9279.417695
56064.000  9279.472340
56065.000  9279.282278
56066.000  9279.527441
56067.000  9279.529672
56068.000  9279.535449
56069.000  9279.519023
56070.000  9279.393480
56071.000  9279.447493
56072.000  9279.302739
56073.000  9279.537620
56074.000  9279.521413
56075.000  9279.280245
56076.000  9279.537020
56077.000  9279.476167
56078.000  9278.972705
56079.000  9279.084991
56080.000  9277.517086
56081.000  9278.839823
56082.000  9278.439385
56083.000  9277.619468
56084.000  9277.615301
56085.000  9278.350372
56086.000  9279.152404
56087.000  9276.795397
56088.000  9278.315175
56089.000  9278.179479
56090.000  9277.219747
56091.000  9278.907072
56092.000  9278.969188
56093.000  9279.441396
56094.000  9279.109533
56095.000  9279.416127
56096.000  9279.466078
56097.000  9278.860030
56098.000  9279.532711
56099.000  9279.531608
56100.000  9279.539492
56101.000  9279.533382
56102.000  9279.543805
56103.000  9279.489140
56104.000  9278.768909
56105.000  9279.538966
56106.000  9279.462983
56107.000  9279.383022
56108.000  9277.709898
56109.000  9278.176302
56110.000  9275.396075
56111.000  9276.604905
56112.000  9278.177473
56113.000  9278.324569
56114.000  9279.000375
56115.000  9278.060494
56116.000  9279.540040
56117.000  9279.527894
56118.000  9279.541319
56119.000  9279.376786
56120.000  9279.489848
56121.000  9279.542226
56122.000  9278.631346
56123.000  9278.807533
56124.000  9279.547008
56125.000  9278.592989
56126.000  9279.128618
56127.000  9279.353623
56128.000  9279.543575
56129.000  9279.543313
56130.000  9279.513737
56131.000  9279.540202
56132.000  9279.548133
56133.000  9279.136617
56134.000  9279.143636
56135.000  9275.838655
56136.000  9277.402888
56137.000  9279.293978
56138.000  9278.036292
56139.000  9277.208823
56140.000  9278.945802
56141.000  9277.437578
56142.000  9278.341004
56143.000  9279.543172
56144.000  9279.363558
56145.000  9276.841779
56146.000  9278.871352
56148.000  9278.173584
56149.000  9279.507443
56150.000  9279.183787
56151.000  9278.197736
56152.000  9273.722266
56153.000  9278.477018
56154.000  9279.441736
56155.000  9279.536553
56156.000  9279.463311
56157.000  9279.529620
56158.000  9278.931223
56159.000  9277.685937
56160.000  9277.959361
56161.000  9278.679915
56162.000  9279.301386
56163.000  9278.975700
56164.000  9279.437462
56165.000  9275.593380
56166.000  9277.417241
56167.000  9279.551189
56168.000  9279.322465
56169.000  9279.081246
56170.000  9278.499471
56171.000  9277.880724
56172.000  9278.781573
56173.000  9279.547040
56174.000  9279.456566
56175.000  9278.456764
56176.000  9276.705625
56177.000  9273.961495
56178.000  9272.202280
56179.000  9279.120392
56180.000  9275.158665
56181.000  9279.552006
56182.000  9279.080605
56183.000  9279.225019
56184.000  9279.019176
56185.000  9278.836136
56186.000  9279.429235
56187.000  9279.504073
56188.000  9279.336026
56189.000  9279.527333
56190.000  9277.029058
56191.000  9279.548867
56192.000  9279.551835
56193.000  9279.544200
56194.000  9279.046179
56195.000  9279.502349
56196.000  9279.276400
56197.000  9279.535440
56198.000  9279.545738
56199.000  9279.550619
56200.000  9279.033764
56201.000  9279.359062
56202.000  9279.229501
56203.000  9279.504003
56204.000  9279.547514
56205.000  9279.534633
56206.000  9279.298753
56207.000  9279.537399
56208.000  9279.408797
56209.000  9279.321496
56210.000  9279.543145
56211.000  9279.543335
56212.000  9279.550027
56213.000  9279.535057
56214.000  9279.251423
56215.000  9279.466335
56216.000  9278.042472
56217.000  9279.342937
56218.000  9279.519874
56219.000  9279.414509
56220.000  9279.439460
56221.000  9279.506510
56222.000  9279.545643
56223.000  9279.520363
56224.000  9279.545202
56225.000  9279.265635
56226.000  9279.420610
56227.000  9278.886398
56228.000  9279.474137
56229.000  9279.464388
56230.000  9279.109938
56231.000  9279.547545
56232.000  9278.767733
56233.000  9278.482568
56234.000  9279.173899
56235.000  9279.545316
56236.000  9279.529918
56237.000  9279.454332
56238.000  9279.454082
56239.000  9279.475754
56240.000  9279.478095
56241.000  9279.515590
56242.000  9279.025438
56243.000  9279.467021
56246.000  9279.356287
56247.000  9279.292984
56248.000  9279.500898
56249.000  9279.381401
56250.000  9279.146785
56251.000  9279.445806
56252.000  9279.522463
56253.000  9279.529515
56254.000  9278.489221
56255.000  9276.137255
56256.000  9274.499174
56257.000  9278.178402
56258.000  9278.357704
56259.000  9277.630121
56260.000  9275.520093
56261.000  9277.607667
56262.000  9278.488992
56263.000  9278.135088
56264.000  9279.228685
56265.000  9278.887542
56266.000  9278.623046
56267.000  9278.647766
56268.000  9279.429428
56269.000  9279.536944
56270.000  9278.003427
56271.000  9278.018758
56272.000  9279.257015
56273.000  9279.192217
56274.000  9279.314971
56275.000  9278.538765
56276.000  9279.077522
56277.000  9279.486006
56278.000  9279.473242
56279.000  9279.337189
56280.000  9279.516752
56281.000  9279.285889
56282.000  9278.281882
56283.000  9278.486418
56284.000  9279.494997
56285.000  9279.064723
56286.000  9276.719477
56287.000  9279.282308
56288.000  9274.305451
56289.000  9276.186436
56294.000  9275.093197
56295.000  9271.826904
56296.000  9273.838370
56315.000  9275.718042
56316.000  9279.267730
56317.000  9279.325469
56318.000  9277.431892
56319.000  9275.596988
56320.000  9274.283981
56321.000  9274.705540
56322.000  9277.898626
56323.000  9278.831548
56324.000  9279.332510
56325.000  9279.246506
56326.000  9278.859954
56327.000  9279.097843
56328.000  9279.252111
56329.000  9278.761306
56330.000  9279.150841
56331.000  9279.453628
56332.000  9279.533686
56333.000  9279.112713
56334.000  9278.256671
56335.000  9276.807740
56336.000  9278.430534
56337.000  9275.835246
56338.000  9279.276469
56339.000  9279.536127
56340.000  9279.502679
56341.000  9279.275381
56342.000  9279.195297
56343.000  9279.016838
56344.000  9278.979110
56345.000  9279.540702
56346.000  9279.541678
56347.000  9278.507699
56348.000  9279.502389
56349.000  9279.406090
56350.000  9279.502306
56351.000  9278.112364
56352.000  9276.734996
56353.000  9276.144873
56354.000  9275.799239
56355.000  9279.113354
56356.000  9278.853969
56357.000  9276.822568
56358.000  9278.903721
56359.000  9279.545049
56360.000  9279.446010
56361.000  9279.527821
56362.000  9279.455925
56363.000  9279.414139
56364.000  9279.200282
56365.000  9278.783852
56366.000  9279.494128
56367.000  9279.525350
56368.000  9279.503794
56370.000  9279.226111
56371.000  9278.752581
56372.000  9279.217573
56373.000  9279.073066
56374.000  9279.242417
56375.000  9279.354067
56376.000  9279.440224
56377.000  9277.994950
56378.000  9278.583757
56379.000  9278.967322
56380.000  9279.538831
56381.000  9279.543910
56382.000  9279.524030
56383.000  9279.535372
56384.000  9279.059454
56385.000  9279.510455
56386.000  9279.529216
56387.000  9279.523680
56388.000  9279.494501
56389.000  9279.319253
56390.000  9279.528339
56391.000  9279.366860
56392.000  9279.520519
56393.000  9279.519375
56394.000  9279.190917
56395.000  9279.530603
56396.000  9279.539146
56397.000  9279.540674
56398.000  9279.515485
56399.000  9279.538153
56400.000  9279.534626
56401.000  9279.499315
56402.000  9279.227199
56403.000  9279.248177
56404.000  9279.054088
56405.000  9279.370177
56406.000  9279.188127
56407.000  9278.763686
56408.000  9278.801145
56409.000  9279.191627
56410.000  9279.543440
56411.000  9279.477079
56412.000  9278.867336
56413.000  9278.926561
56414.000  9278.633899
56415.000  9279.280487
56416.000  9277.652640
56417.000  9278.600124
56418.000  9279.481605
56419.000  9279.524624
56420.000  9279.539643
56421.000  9278.384376
56422.000  9279.545660
56423.000  9279.096758
56424.000  9279.500241
56425.000  9279.537382
56426.000  9277.628847
56427.000  9277.467751
56428.000  9277.595775
56429.000  9279.086748
56430.000  9279.542434
56431.000  9279.467671
56432.000  9279.451960
56433.000  9278.177002
56434.000  9276.960033
56435.000  9279.522432
56436.000  9279.530580
56437.000  9279.110223
56438.000  9278.433727
56439.000  9279.165085
56440.000  9278.418817
56441.000  9279.377170
56442.000  9279.016553
56443.000  9279.350786
56444.000  9278.940840
56445.000  9279.539538
56446.000  9279.460556
56447.000  9279.544038
56448.000  9279.345687
56449.000  9279.524808
56450.000  9279.485083
56451.000  9279.541107
56452.000  9279.531351
56453.000  9279.531626
56454.000  9279.542931
56455.000  9279.270955
56456.000  9276.785114
56457.000  9279.363585
56458.000  9279.520303
56459.000  9279.534370
56460.000  9279.540501
56461.000  9279.417171
56462.000  9279.488467
56463.000  9279.543541
56464.000  9279.536328
56465.000  9278.818982
56466.000  9279.538724
56467.000  9279.541459
56468.000  9279.529542
56469.000  9277.389248
56470.000  9277.842717
56471.000  9278.557486
56472.000  9279.492100
56473.000  9278.223220
56474.000  9279.271099
56475.000  9273.712058
56476.000  9279.475865
56477.000  9279.551213
56478.000  9279.431769
56479.000  9279.348212
56480.000  9279.539651
56481.000  9279.460173
56482.000  9279.513639
56483.000  9279.547744
56484.000  9279.544512
56485.000  9279.280988
56486.000  9277.472291
56487.000  9276.505513
56488.000  9273.551537
56489.000  9275.613013
56490.000  9279.267434
56491.000  9279.551638
56492.000  9279.258485
56493.000  9279.268806
56494.000  9279.552692
56495.000  9279.547772
56496.000  9279.547562
56497.000  9279.550137
56498.000  9277.924395
56499.000  9274.832500
56500.000  9272.354809
56501.000  9277.589529
56502.000  9277.385905
56503.000  9277.089143
56505.000  9275.345639
56506.000  9277.862766
56507.000  9276.662592
56508.000  9277.294021
56509.000  9277.567183
56510.000  9278.284784
56511.000  9272.570872
56512.000  9275.509941
56513.000  9276.134598
56514.000  9277.489869
56515.000  9276.420455
56516.000  9277.099713
56517.000  9278.965197
56518.000  9278.368670
56519.000  9278.954059
56520.000  9279.357344
56521.000  9279.009061
56522.000  9278.648582
56523.000  9278.378488
56524.000  9278.094396
56525.000  9277.436855
56526.000  9277.657413
56527.000  9276.902372
56528.000  9277.236647
56529.000  9278.579681
56530.000  9278.121364
56531.000  9278.144628
56532.000  9278.904302
56533.000  9278.388967
56534.000  9279.362344
56535.000  9278.568615
56536.000  9276.019910
56537.000  9277.338772
56538.000  9277.427703
56539.000  9278.518757
56540.000  9279.554343
56541.000  9279.481262
56542.000  9279.460444
56543.000  9279.547563
56544.000  9279.263269
56545.000  9278.692086
56546.000  9279.232506
56547.000  9279.548904
56548.000  9279.559099
56549.000  9279.521261
56550.000  9279.554589
56551.000  9279.431900
56552.000  9279.090761
56553.000  9278.602482
56554.000  9279.521102
56555.000  9279.426040
56556.000  9278.996651
56557.000  9278.084979
56558.000  9277.931699
56559.000  9277.569142
56560.000  9279.234009
56561.000  9279.461029
56562.000  9279.469653
56563.000  9279.453531
56564.000  9279.549756
56565.000  9279.554284
56566.000  9279.521247
56567.000  9279.547704
56568.000  9279.545460
56569.000  9279.544054
56570.000  9279.541319
56571.000  9279.513957
56572.000  9279.550548
56573.000  9279.544817
56574.000  9279.559305
56575.000  9279.509026
56576.000  9279.364407
56577.000  9278.497429
56578.000  9277.674908
56579.000  9277.844714
56580.000  9279.207023
56581.000  9276.676072
56582.000  9277.848296
56583.000  9279.539821
56584.000  9279.317829
56585.000  9278.619276
56586.000  9277.964362
56587.000  9278.025845
56588.000  9277.614855
56589.000  9278.460471
56590.000  9279.127908
56591.000  9279.171802
56592.000  9279.270319
56593.000  9279.266847
56594.000  9278.635445
56595.000  9279.177056
56596.000  9279.328894
56597.000  9279.326385
56598.000  9279.557786
56599.000  9279.554133
56600.000  9279.397562
56601.000  9279.549602
56602.000  9279.243783
56603.000  9279.548024
56604.000  9279.463780
56605.000  9277.526810
56606.000  9277.991618
56607.000  9278.083964
56608.000  9278.450876
56609.000  9277.510105
56610.000  9277.372459
56611.000  9278.405592
56612.000  9278.586982
56613.000  9278.748854
56614.000  9278.023667
56615.000  9278.053290
56616.000  9278.504324
56617.000  9278.535788
56618.000  9278.458934
56619.000  9278.908460
56620.000  9277.312006
56621.000  9278.800973
56622.000  9276.964585
56623.000  9277.719656
56624.000  9278.296171
56625.000  9278.923911
56626.000  9279.514333
56627.000  9279.408737
56628.000  9279.525766
56629.000  9279.510876
56630.000  9279.533419
56631.000  9279.333881
56632.000  9279.288642
56635.000  9279.388744
56636.000  9279.466163
56637.000  9279.279337
56638.000  9279.464977
56639.000  9279.485690
56640.000  9279.528383
56641.000  9279.331948
56642.000  9279.543386
56643.000  9279.536335
56644.000  9279.532053
56645.000  9279.428730
56646.000  9279.552723
56647.000  9279.536767
56648.000  9278.948169
56649.000  9277.909781
56650.000  9278.112231
56651.000  9279.183627
56652.000  9278.780001
56653.000  9279.215076
56654.000  9279.128498
56655.000  9278.712045
56656.000  9279.195245
56657.000  9279.106520
56658.000  9278.939185
56659.000  9279.553938
56660.000  9279.553608
56661.000  9279.540791
56662.000  9279.535440
56663.000  9279.546414
56664.000  9279.543295
56665.000  9279.228075
56666.000  9279.482009
56667.000  9279.543848
56668.000  9279.555127
56669.000  9279.485878
56670.000  9279.545357
56671.000  9279.500976
56672.000  9279.229218
56673.000  9279.352471
56674.000  9279.178364
56675.000  9278.469864
56676.000  9278.470571
56677.000  9279.174528
56678.000  9279.474907
56679.000  9279.542340
56680.000  9279.556335
56681.000  9279.495215
56682.000  9279.547125
56683.000  9278.868855
56684.000  9279.510423
56685.000  9279.534880
56686.000  9279.535077
56687.000  9279.548187
56688.000  9279.037465
56689.000  9279.282614
56690.000  9279.489847
56691.000  9279.528218
56692.000  9279.546651
56693.000  9278.510167
56694.000  9278.407151
56695.000  9279.498987
56696.000  9279.531425
56697.000  9279.546914
56698.000  9279.531828
56699.000  9278.678275
56700.000  9278.329508
56701.000  9279.217626
56702.000  9279.537754
56703.000  9279.088850
56704.000  9278.555988
56705.000  9278.787414
56706.000  9277.671589
56707.000  9279.519583
56708.000  9279.335047
56709.000  9279.541764
56710.000  9279.545780
56711.000  9279.548397
56712.000  9279.475868
56713.000  9279.328032
56714.000  9279.468222
56715.000  9279.467293
56716.000  9279.217166
56717.000  9278.839207
56718.000  9279.226317
56719.000  9279.071172
56720.000  9278.949623
56721.000  9278.705405
56722.000  9279.287045
56723.000  9279.554120
56724.000  9279.528608
56725.000  9278.902302
56726.000  9278.669630
56727.000  9278.868385
56728.000  9278.290818
56729.000  9277.769179
56730.000  9278.155472
56731.000  9278.665662
56732.000  9279.452455
56733.000  9279.444938
56734.000  9279.541461
56735.000  9279.468394
56736.000  9279.542585
56737.000  9279.526798
56738.000  9279.552897
56739.000  9279.549319
56740.000  9279.167952
56741.000  9279.473227
56742.000  9279.017270
56743.000  9277.933970
56744.000  9279.551508
56745.000  9279.549196
56746.000  9279.545858
56747.000  9279.544949
56748.000  9279.549658
56749.000  9279.545436
56750.000  9279.372170
56751.000  9279.515333
56752.000  9279.548050
56753.000  9279.546593
56754.000  9279.462248
56755.000  9279.410481
56756.000  9279.530111
56757.000  9279.511862
56758.000  9279.438173
56760.000  9279.444859
56761.000  9279.316502
56762.000  9279.344782
56763.000  9279.534159
56764.000  9279.146002
56765.000  9278.499085
56766.000  9279.375930
56767.000  9279.544525
56768.000  9279.546537
56769.000  9279.542460
56770.000  9279.475284
56771.000  9279.544048
56772.000  9279.493503
56773.000  9279.493482
56774.000  9279.522999
56775.000  9279.416310
56776.000  9279.526872
56777.000  9279.383831
56778.000  9279.507907
56779.000  9279.532864
56780.000  9279.544733
56781.000  9279.291051
56782.000  9279.539383
56783.000  9279.453973
56784.000  9279.270916
56785.000  9278.491477
56786.000  9278.130836
56787.000  9279.332830
56788.000  9279.124814
56789.000  9279.480833
56790.000  9279.525848
56791.000  9279.544151
56792.000  9279.473680
56793.000  9279.354826
56794.000  9279.436568
56795.000  9279.525508
56796.000  9279.372296
56797.000  9279.538444
56798.000  9279.142985
56799.000  9278.918749
56800.000  9279.431888
56801.000  9279.546384
56802.000  9279.490721
56803.000  9279.192507
56804.000  9279.531906
56805.000  9279.511280
56806.000  9279.309047
56807.000  9279.480068
56808.000  9278.986130
56809.000  9279.093545
56810.000  9279.523756
56811.000  9279.388033
56812.000  9279.023580
56813.000  9279.538542
56814.000  9279.522305
56815.000  9279.220723
56816.000  9279.089581
56817.000  9278.871468
56818.000  9277.584507
56819.000  9279.188502
56820.000  9277.931084
56821.000  9279.525018
56822.000  9279.501641
56823.000  9279.453389
56824.000  9279.306085
56825.000  9279.537243
56826.000  9279.283252
56827.000  9279.415126
56828.000  9278.954691
56829.000  9279.370558
56830.000  9279.540373
56831.000  9278.744883
56832.000  9277.917013
56833.000  9276.678710
56834.000  9278.545684
56835.000  9279.114270
56836.000  9279.190869
56837.000  9278.560580
56838.000  9278.745577
56839.000  9278.693905
56840.000  9278.464853
56841.000  9276.597809
56842.000  9277.634976
56843.000  9275.195217
56844.000  9276.038621
56845.000  9271.865392
56846.000  9272.707429
56847.000  9277.805520
56848.000  9276.249658
56849.000  9276.808276
56850.000  9277.113030
56851.000  9279.137515
56852.000  9278.557469
56853.000  9277.349514
56854.000  9278.063820
56855.000  9275.011782
56856.000  9278.989188
56857.000  9278.834051
56858.000  9279.084176
56859.000  9279.432498
56860.000  9279.399945
56861.000  9276.988393
56862.000  9277.063128
56863.000  9277.665017
56864.000  9278.364723
56865.000  9278.843670
56866.000  9279.316513
56867.000  9279.496676
56868.000  9279.515423
56869.000  9278.694550
56870.000  9279.438802
56871.000  9278.705113
56872.000  9279.469297
56873.000  9279.327434
56874.000  9279.275573
56875.000  9279.244055
56876.000  9278.912732
56877.000  9275.846460
56878.000  9277.463581
56879.000  9276.295455
56880.000  9275.839864
56881.000  9275.222925
56882.000  9277.041367
56883.000  9277.993899
56884.000  9279.527285
56885.000  9279.146391
56886.000  9279.505901
56887.000  9279.405681
56888.000  9279.468279
56889.000  9279.504115
56890.000  9279.164144
56891.000  9279.290304
56892.000  9279.055831
56893.000  9279.257010
56894.000  9279.189493
56895.000  9279.504607
56896.000  9279.246110
56897.000  9278.488822
56898.000  9279.107693
56899.000  9279.504505
56900.000  9277.884187
56901.000  9279.317635
56902.000  9279.447867
56903.000  9279.147471
56904.000  9279.439089
56905.000  9277.961776
56906.000  9279.275391
56907.000  9279.400717
56908.000  9279.071482
56909.000  9279.182810
56910.000  9279.081240
56911.000  9279.370440
56912.000  9279.514123
56913.000  9279.411476
56914.000  9279.504275
56915.000  9279.514955
56916.000  9279.394211
56917.000  9279.292598
56918.000  9278.799706
56919.000  9279.488007
56920.000  9279.474234
56921.000  9279.504326
56922.000  9279.490428
56923.000  9279.488521
56924.000  9279.479081
56925.000  9279.313592
56926.000  9279.500894
56927.000  9279.496553
56928.000  9279.490550
56929.000  9279.495540
56930.000  9279.459295
56931.000  9279.487168
56932.000  9279.482312
56933.000  9279.448993
56934.000  9279.465811
56935.000  9279.159386
56936.000  9278.630942
56937.000  9279.083621
56938.000  9278.024061
56939.000  9276.550860
56940.000  9278.209372
56941.000  9275.845220
56942.000  9277.891290
56943.000  9278.593909
56944.000  9278.191533
56945.000  9278.163267
56946.000  9279.323701
56947.000  9278.817979
56948.000  9278.537418
56949.000  9276.701430
56950.000  9276.687371
56951.000  9277.788718
56952.000  9278.412846
56953.000  9278.308745
56954.000  9275.275604
57266.000  9275.069041
57267.000  9275.722360
57268.000  9271.211915
57269.000  9277.740460
57270.000  9277.370446
57271.000  9279.023684
57272.000  9278.640987
57273.000  9278.998861
57274.000  9275.893074
57275.000  9276.801457
57276.000  9276.475770
57277.000  9276.786708
57278.000  9277.670226
57279.000  9277.630892
57280.000  9278.458346
57281.000  9278.859890
57282.000  9277.917742
57283.000  9276.858771
57284.000  9275.949487
57285.000  9275.583003
57286.000  9279.371779
57287.000  9278.462291
57288.000  9277.101479
57289.000  9277.367766
57290.000  9271.680046
57291.000  9279.040168
57292.000  9278.776018
57293.000  9277.390919
57294.000  9277.801280
57295.000  9275.711591
57296.000  9277.735657
57297.000  9276.525568
57298.000  9277.479946
57299.000  9279.339714
57300.000  9279.334549
57301.000  9278.761796
57302.000  9277.502839
57303.000  9279.163535
57304.000  9278.835969
57305.000  9278.774238
57306.000  9278.737261
57307.000  9278.050086
57308.000  9277.722747
57309.000  9277.286191
57310.000  9279.245083
57311.000  9277.747537
57312.000  9277.680220
57313.000  9275.440390
57314.000  9277.321488
57315.000  9275.477948
57316.000  9276.078666
57317.000  9275.932821
57318.000  9271.763145
57319.000  9270.008082
57320.000  9269.510355
57321.000  9270.249326
57322.000  9269.150397
57323.000  9274.881331
57324.000  9275.653717
57325.000  9274.649288
57326.000  9272.122428
57327.000  9274.443637
57328.000  9278.283820
57329.000  9276.243237
57330.000  9276.870892
57331.000  9278.689893
57332.000  9278.331595
57333.000  9279.397267
57334.000  9279.174540
57335.000  9279.384096
57336.000  9279.390692
57337.000  9278.642115
57338.000  9279.162692
57339.000  9279.389571
57340.000  9279.392553
57341.000  9279.245219
57342.000  9279.287270
57343.000  9279.021951
57344.000  9278.911950
57345.000  9279.287033
57346.000  9279.349142
57347.000  9279.347647
57348.000  9279.328756
57349.000  9279.321021
57350.000  9279.293021
57351.000  9278.643731
57352.000  9277.262251
57353.000  9278.239795
57354.000  9278.270874
57355.000  9278.821056
57356.000  9279.131166
57357.000  9278.996687
57358.000  9278.649262
57359.000  9278.787230
57360.000  9278.429312
57361.000  9278.569634
57362.000  9277.802490
