54269.000  8364.179741
54270.000  8364.540183
54271.000  8363.934562
54274.000  8364.716375
54276.000  8364.186430
54277.000  8364.846677
54278.000  8365.181892
54279.000  8364.368347
54280.000  8365.141201
54281.000  8365.104580
54282.000  8364.933977
54283.000  8365.371937
54284.000  8365.123406
54285.000  8365.281958
54286.000  8365.291992
54287.000  8365.298191
54288.000  8365.487412
54289.000  8365.507459
54290.000  8365.506104
54291.000  8365.336892
54292.000  8365.548176
54293.000  8365.395974
54294.000  8365.582707
54295.000  8365.600171
54296.000  8365.610762
54297.000  8365.611626
54298.000  8365.613524
54299.000  8365.174908
54300.000  8365.576744
54301.000  8365.595153
54302.000  8365.638547
54303.000  8365.516492
54304.000  8365.588734
54305.000  8365.424033
54306.000  8364.842609
54307.000  8364.865099
54308.000  8365.727408
54309.000  8365.730952
54310.000  8365.432254
54311.000  8365.652018
54312.000  8365.761946
54313.000  8365.205537
54314.000  8364.859500
54315.000  8365.677176
54316.000  8365.673506
54317.000  8365.772638
54318.000  8365.805304
54319.000  8365.788455
54320.000  8365.556637
54321.000  8365.823770
54322.000  8365.759163
54323.000  8365.524383
54324.000  8365.777633
54325.000  8365.774569
54326.000  8364.717856
54327.000  8365.543589
54328.000  8365.640469
54329.000  8365.750927
54330.000  8365.832763
54331.000  8365.721758
54332.000  8365.643413
54333.000  8365.246483
54334.000  8365.753962
54335.000  8365.462075
54336.000  8365.432962
54337.000  8365.898278
54338.000  8365.904799
54339.000  8365.211290
54340.000  8365.905061
54341.000  8365.918386
54342.000  8365.921808
54343.000  8365.929578
54344.000  8365.914550
54345.000  8365.932422
54346.000  8365.784513
54347.000  8365.423160
54348.000  8365.672097
54349.000  8365.486348
54350.000  8365.613751
54351.000  8365.121986
54352.000  8365.070519
54353.000  8364.449644
54354.000  8364.012646
54355.000  8364.548836
54356.000  8364.546566
54357.000  8364.872312
54358.000  8364.231886
54359.000  8365.220110
54360.000  8365.573794
54361.000  8365.386191
54362.000  8364.757906
54363.000  8364.719590
54364.000  8365.634347
54365.000  8365.276289
54366.000  8364.992533
54367.000  8363.900627
54368.000  8363.506033
54369.000  8363.689054
54370.000  8363.100695
54371.000  8364.919758
54372.000  8365.520071
54373.000  8365.845042
54374.000  8364.846996
54375.000  8365.605314
54376.000  8365.907709
54377.000  8365.616075
54378.000  8365.869677
54379.000  8365.825569
54380.000  8365.546714
54381.000  8365.488424
54382.000  8366.048274
54383.000  8366.006574
54384.000  8366.019738
54385.000  8366.047473
54386.000  8365.977774
54387.000  8365.860015
54388.000  8366.024731
54389.000  8365.528624
54390.000  8365.054129
54391.000  8365.702647
54392.000  8365.571760
54393.000  8365.817778
54394.000  8366.060960
54395.000  8366.084871
54396.000  8366.064105
54397.000  8366.078511
54398.000  8365.647635
54399.000  8365.970692
54400.000  8366.012871
54401.000  8365.905142
54402.000  8365.421505
54403.000  8365.769294
54404.000  8365.648754
54405.000  8365.510060
54406.000  8365.516636
54407.000  8365.788609
54408.000  8365.508752
54409.000  8366.075519
54410.000  8366.069741
54411.000  8365.764037
54412.000  8365.963603
54413.000  8365.532031
54414.000  8365.819831
54415.000  8366.029699
54416.000  8366.056766
54417.000  8366.125727
54418.000  8366.127668
54419.000  8366.126802
54420.000  8365.752787
54421.000  8365.799159
54422.000  8366.113029
54423.000  8366.029158
54424.000  8366.112566
54425.000  8365.957633
54426.000  8366.078182
54427.000  8366.118397
54428.000  8366.145070
54429.000  8366.099193
54430.000  8366.144969
54431.000  8366.149574
54432.000  8366.130907
54433.000  8365.913497
54434.000  8365.540336
54435.000  8365.653033
54436.000  8365.582591
54437.000  8365.648653
54438.000  8365.243383
54439.000  8364.762861
54440.000  8364.486875
54441.000  8364.231523
54442.000  8363.807943
54443.000  8364.670471
54444.000  8364.265017
54445.000  8363.708837
54446.000  8364.612064
54447.000  8364.813392
54448.000  8365.431528
54449.000  8364.849100
54450.000  8365.003464
54451.000  8365.716818
54452.000  8365.877551
54453.000  8365.632148
54454.000  8364.157374
54455.000  8365.993116
54456.000  8366.078720
54457.000  8366.186556
54458.000  8365.421222
54459.000  8365.299704
54460.000  8365.379362
54461.000  8365.252728
54462.000  8365.389896
54463.000  8365.321570
54464.000  8365.184623
54465.000  8365.605420
54466.000  8365.752877
54467.000  8365.702762
54468.000  8365.589575
54469.000  8366.046202
54470.000  8366.006118
54471.000  8366.190422
54472.000  8366.159885
54473.000  8366.188539
54474.000  8365.989026
54475.000  8366.206536
54476.000  8365.643337
54477.000  8365.153091
54478.000  8364.876669
54479.000  8366.163022
54480.000  8366.209953
54481.000  8364.986812
54482.000  8361.247069
54483.000  8365.099018
54484.000  8366.218323
54485.000  8366.133129
54486.000  8366.212296
54487.000  8366.223980
54488.000  8366.219440
54489.000  8366.224318
54490.000  8366.212893
54491.000  8366.183323
54492.000  8366.112357
54493.000  8366.146438
54494.000  8365.507615
54495.000  8365.443123
54496.000  8365.489370
54497.000  8366.092119
54498.000  8366.227210
54499.000  8366.091388
54500.000  8366.111143
54501.000  8365.440139
54502.000  8365.806351
54503.000  8366.163375
54504.000  8366.207689
54505.000  8366.009772
54506.000  8365.730204
54507.000  8365.410516
54508.000  8364.694237
54509.000  8365.357167
54510.000  8365.295016
54511.000  8365.995135
54512.000  8366.249664
54513.000  8366.219693
54514.000  8365.764351
54516.000  8365.678173
54517.000  8364.496414
54518.000  8366.114536
54519.000  8366.256205
54520.000  8365.684505
54521.000  8366.090323
54522.000  8365.538610
54523.000  8364.314288
54524.000  8363.327433
54525.000  8363.711269
54526.000  8364.349575
54527.000  8364.525795
54528.000  8364.802818
54529.000  8365.776603
54530.000  8366.194611
54531.000  8366.250331
54532.000  8366.272224
54533.000  8366.263615
54534.000  8366.273858
54535.000  8366.245340
54536.000  8366.160380
54537.000  8366.264620
54538.000  8366.212453
54539.000  8366.133533
54540.000  8366.275798
54541.000  8365.818045
54542.000  8365.827972
54543.000  8365.798233
54544.000  8365.875209
54545.000  8365.696804
54546.000  8366.008191
54547.000  8366.251852
54548.000  8366.239370
54549.000  8366.255358
54550.000  8366.237871
54551.000  8366.274411
54552.000  8366.162235
54553.000  8365.797115
54554.000  8366.290625
54555.000  8366.231163
54556.000  8365.464257
54557.000  8365.843306
54558.000  8365.653291
54559.000  8364.907417
54560.000  8366.157338
54561.000  8366.290039
54562.000  8366.226950
54564.000  8365.309418
54565.000  8365.472886
54566.000  8365.937308
54567.000  8366.298683
54568.000  8366.241695
54569.000  8365.981726
54570.000  8366.197048
54571.000  8366.098609
54572.000  8366.206936
54573.000  8365.345858
54574.000  8365.825157
54575.000  8366.293092
54576.000  8365.083614
54577.000  8366.030732
54578.000  8366.195214
54579.000  8366.109539
54580.000  8365.506879
54581.000  8366.113248
54582.000  8365.838033
54583.000  8365.772722
54584.000  8365.861176
54585.000  8366.068031
54586.000  8366.217397
54587.000  8366.302463
54588.000  8366.303759
54589.000  8366.101006
54590.000  8366.164766
54591.000  8366.317768
54592.000  8365.909908
54593.000  8365.178637
54594.000  8366.294692
54595.000  8366.305177
54596.000  8366.044105
54597.000  8365.869674
54598.000  8365.934571
54599.000  8366.226233
54600.000  8366.203555
54601.000  8366.123144
54602.000  8366.152501
54603.000  8366.285951
54604.000  8366.226616
54605.000  8366.317275
54606.000  8366.288712
54607.000  8365.998352
54608.000  8366.217224
54609.000  8366.308642
54610.000  8366.300472
54611.000  8365.577020
54612.000  8365.780863
54613.000  8364.978228
54614.000  8364.701944
54615.000  8364.571679
54616.000  8363.952091
54617.000  8362.717035
54618.000  8364.163574
54619.000  8365.059580
54620.000  8366.037949
54621.000  8366.265652
54622.000  8366.109248
54623.000  8366.120988
54624.000  8366.314193
54625.000  8366.314606
54626.000  8366.238916
54627.000  8366.328734
54628.000  8366.056425
54629.000  8366.264855
54630.000  8366.323985
54631.000  8366.316931
54632.000  8366.240966
54633.000  8366.154204
54634.000  8365.982060
54635.000  8365.912045
54636.000  8366.182590
54637.000  8366.309973
54638.000  8366.255949
54639.000  8366.205409
54640.000  8366.317531
54641.000  8366.324728
54642.000  8366.313963
54643.000  8366.006275
54648.000  8365.966700
54649.000  8365.317372
54650.000  8366.251764
54651.000  8365.949680
54652.000  8366.203473
54653.000  8366.308159
54654.000  8366.144760
54655.000  8366.269670
54656.000  8365.852960
54657.000  8365.861261
54658.000  8366.313523
54659.000  8366.243132
54660.000  8366.074054
54661.000  8366.252509
54662.000  8366.328319
54663.000  8366.335817
54664.000  8366.205071
54665.000  8366.325706
54666.000  8365.699818
54667.000  8366.290624
54668.000  8366.282567
54669.000  8366.294282
54670.000  8366.172686
54672.000  8366.301128
54673.000  8366.235465
54674.000  8366.248311
54675.000  8366.313807
54676.000  8366.133719
54677.000  8366.049642
54678.000  8366.209700
54679.000  8366.297160
54680.000  8366.336634
54681.000  8366.309828
54682.000  8366.332350
54683.000  8366.189890
54684.000  8366.337547
54685.000  8366.306082
54686.000  8365.892019
54687.000  8366.303631
54688.000  8366.329469
54689.000  8366.304198
54690.000  8366.285641
54691.000  8365.681449
54692.000  8366.313001
54693.000  8366.335971
54694.000  8366.337867
54695.000  8366.141543
54696.000  8366.171715
54697.000  8366.166198
54698.000  8366.334301
54699.000  8366.327450
54700.000  8366.288432
54701.000  8366.081219
54702.000  8366.204509
54703.000  8366.329397
54704.000  8366.332197
54705.000  8366.230051
54706.000  8366.270465
54707.000  8366.180370
54708.000  8366.336195
54709.000  8366.253672
54710.000  8366.224447
54711.000  8366.208260
54712.000  8366.268341
54713.000  8366.125917
54714.000  8366.317395
54715.000  8366.303793
54716.000  8366.322392
54717.000  8366.328216
54718.000  8366.335722
54719.000  8366.332133
54720.000  8366.327618
54721.000  8366.183863
54722.000  8366.143662
54723.000  8366.330730
54724.000  8366.303884
54725.000  8366.329537
54726.000  8366.082744
54727.000  8366.328984
54728.000  8366.288114
54729.000  8366.330322
54730.000  8366.241965
54731.000  8366.254926
54732.000  8366.057974
54733.000  8366.330145
54734.000  8366.329028
54735.000  8366.016480
54736.000  8365.895021
54737.000  8365.984460
54738.000  8366.324321
54739.000  8366.292534
54740.000  8366.208444
54741.000  8366.296135
54742.000  8366.041733
54743.000  8365.771384
54744.000  8366.309226
54745.000  8366.325132
54746.000  8366.324976
54747.000  8366.204110
54748.000  8366.247394
54749.000  8366.243484
54750.000  8365.886850
54751.000  8366.244583
54752.000  8366.269006
54753.000  8366.299935
54754.000  8366.328149
54755.000  8366.319761
54756.000  8366.306531
54757.000  8366.311493
54758.000  8366.266739
54759.000  8366.325080
54760.000  8366.318648
54761.000  8366.280602
54762.000  8366.203994
54763.000  8366.321522
54764.000  8366.322392
54765.000  8366.244144
54766.000  8366.319211
54767.000  8366.299419
54768.000  8366.320707
54769.000  8366.321879
54770.000  8366.194316
54771.000  8366.317307
54772.000  8366.323825
54773.000  8366.032369
54774.000  8366.253661
54775.000  8366.291341
54776.000  8366.248922
54777.000  8366.316460
54778.000  8366.190387
54779.000  8366.029016
54780.000  8366.023788
54781.000  8366.234678
54782.000  8366.311997
54783.000  8366.279813
54784.000  8366.247283
54785.000  8366.111720
54786.000  8366.105424
54787.000  8366.045756
54788.000  8366.288225
54789.000  8366.290298
54790.000  8366.283918
54791.000  8366.204722
54793.000  8366.281228
54794.000  8365.906525
54795.000  8365.985427
54796.000  8366.307809
54797.000  8365.990785
54798.000  8365.740438
54799.000  8365.258959
54800.000  8365.642078
54801.000  8365.518302
54802.000  8365.424149
54803.000  8365.600735
54804.000  8365.987384
54805.000  8365.865974
54806.000  8365.508265
54807.000  8365.987872
54808.000  8366.201240
54809.000  8365.858043
54810.000  8365.796824
54811.000  8365.658857
54812.000  8365.510181
54813.000  8365.563396
54814.000  8366.103978
54815.000  8366.092628
54816.000  8365.818241
54817.000  8366.054997
54818.000  8366.162431
54819.000  8366.301034
54820.000  8366.263593
54821.000  8366.047905
54822.000  8366.022242
54823.000  8365.971907
54826.000  8366.066218
54827.000  8365.994333
54828.000  8365.785100
54829.000  8365.807828
54830.000  8365.923818
54831.000  8365.445929
54832.000  8365.377854
54833.000  8365.871825
54834.000  8366.160408
54837.000  8366.195169
54838.000  8364.687272
54839.000  8363.767185
54841.000  8364.624297
54842.000  8364.143770
54843.000  8364.872977
54844.000  8365.400387
54845.000  8364.837171
54846.000  8366.004390
54847.000  8365.560017
54848.000  8365.832991
54849.000  8366.234892
54850.000  8366.295789
54851.000  8366.289489
54852.000  8366.118373
54853.000  8365.864335
54854.000  8366.197853
54855.000  8366.228178
54856.000  8366.217378
54857.000  8366.001750
54858.000  8365.877349
54859.000  8365.949460
54860.000  8365.855091
54861.000  8365.967221
54862.000  8366.015829
54863.000  8365.876004
54864.000  8365.414427
54865.000  8364.542496
54866.000  8364.971928
54867.000  8365.731114
54868.000  8365.990981
54869.000  8366.244946
54870.000  8366.028869
54871.000  8366.073425
54872.000  8366.050966
54873.000  8366.224323
54875.000  8365.441299
54876.000  8365.993417
54877.000  8365.493359
54878.000  8366.086428
54879.000  8365.313746
54898.000  8365.908081
54899.000  8365.218408
54900.000  8364.910745
54901.000  8365.510377
54902.000  8365.395992
54903.000  8365.213129
54904.000  8365.228860
54905.000  8365.420107
54906.000  8364.731248
54907.000  8364.627372
54908.000  8364.606383
54909.000  8365.933335
54910.000  8365.786710
54911.000  8366.246974
54912.000  8365.938347
54913.000  8365.546802
54914.000  8365.482861
54915.000  8365.630682
54916.000  8365.829491
54917.000  8366.224885
54918.000  8366.255996
54919.000  8366.189170
54920.000  8366.036520
54921.000  8366.257142
54922.000  8365.850055
54923.000  8365.249293
54924.000  8366.086023
54925.000  8365.858120
54926.000  8365.295364
54927.000  8365.545717
54928.000  8366.083693
54929.000  8365.837426
54930.000  8365.781808
54931.000  8365.424442
54932.000  8365.240483
54933.000  8365.474734
54934.000  8365.947889
54935.000  8365.838701
54936.000  8366.068174
54937.000  8366.229324
54938.000  8365.606040
54939.000  8365.385380
54940.000  8365.803990
54941.000  8365.946072
54942.000  8365.297285
54943.000  8365.590363
54944.000  8366.182926
54945.000  8365.973027
54946.000  8365.996582
54947.000  8365.391764
54948.000  8366.171677
54949.000  8366.243720
54950.000  8366.143642
54951.000  8365.779051
54952.000  8365.868156
54953.000  8365.574502
54954.000  8366.050729
54955.000  8365.965077
54956.000  8365.933247
54957.000  8366.238265
54958.000  8366.223408
54959.000  8366.116169
54960.000  8366.055919
54961.000  8366.244136
54962.000  8366.236501
54963.000  8366.242336
54964.000  8366.181335
54965.000  8366.231203
54966.000  8366.195157
54967.000  8366.227306
54968.000  8366.166582
54969.000  8366.238075
54970.000  8366.222213
54971.000  8366.118610
54972.000  8366.226880
54973.000  8366.101331
54974.000  8366.112358
54975.000  8366.058093
54976.000  8366.190455
54977.000  8366.141130
54978.000  8366.231473
54979.000  8366.204540
54980.000  8366.216191
54981.000  8366.218406
54982.000  8366.054697
54983.000  8366.136991
54984.000  8366.141761
54985.000  8366.216310
54986.000  8366.215036
54987.000  8366.212395
54988.000  8366.220777
54989.000  8366.207378
54990.000  8366.162266
54991.000  8366.213007
54992.000  8366.212179
54993.000  8366.217071
54994.000  8366.205306
54995.000  8366.206368
54996.000  8366.015256
54997.000  8366.201643
54998.000  8366.179389
54999.000  8366.209427
55000.000  8366.206772
55001.000  8366.202605
55002.000  8366.189014
55003.000  8366.193484
55004.000  8366.205177
55005.000  8366.193040
55006.000  8366.201788
55007.000  8366.119329
55008.000  8366.016250
55009.000  8365.907836
55010.000  8366.199364
55011.000  8365.725081
55012.000  8366.127807
55013.000  8365.746157
55014.000  8366.182730
55015.000  8366.188144
55016.000  8365.885652
55017.000  8365.972505
55018.000  8366.187809
55019.000  8366.182503
55020.000  8365.936733
55021.000  8365.855118
55022.000  8366.022065
55023.000  8366.000352
55024.000  8366.177739
55025.000  8366.163522
55026.000  8366.170256
55027.000  8366.143032
55029.000  8366.134533
55030.000  8365.880425
55031.000  8365.913388
55032.000  8366.159722
55033.000  8365.973369
55034.000  8365.766089
55035.000  8366.064742
55036.000  8366.142153
55037.000  8366.159782
55038.000  8366.157998
55039.000  8366.087872
55040.000  8366.147678
55041.000  8366.152406
55042.000  8366.135365
55043.000  8365.950503
55044.000  8366.124411
55045.000  8365.788934
55046.000  8366.138041
55047.000  8366.142539
55048.000  8366.137793
55049.000  8366.122348
55050.000  8366.130228
55051.000  8366.072114
55052.000  8365.998748
55053.000  8366.063447
55054.000  8366.073837
55055.000  8366.114770
55056.000  8366.099621
55057.000  8365.970438
55058.000  8366.065776
55059.000  8366.118596
55060.000  8366.100044
55061.000  8365.973338
55062.000  8366.027619
55063.000  8365.415097
55064.000  8363.456394
55065.000  8363.804300
55066.000  8364.949153
55067.000  8365.478971
55068.000  8365.060289
55069.000  8363.652698
55070.000  8363.038544
55071.000  8364.643897
55072.000  8364.921946
55073.000  8362.969415
55074.000  8365.595763
55075.000  8364.884920
55076.000  8366.064395
55077.000  8366.022473
55078.000  8365.606386
55079.000  8364.896448
55080.000  8365.584126
55081.000  8366.037125
55082.000  8365.573651
55083.000  8365.929464
55084.000  8364.935264
55085.000  8364.304253
55086.000  8363.920968
55087.000  8364.920122
55088.000  8365.089826
55089.000  8365.061386
55090.000  8364.816505
55091.000  8364.345017
55092.000  8365.047708
55093.000  8365.568121
55094.000  8364.834292
55095.000  8365.876930
55096.000  8365.427443
55097.000  8365.545786
55098.000  8365.724709
55099.000  8365.813961
55100.000  8365.925180
55101.000  8365.542737
55102.000  8364.234253
55103.000  8365.828257
55104.000  8365.547945
55105.000  8365.734098
55106.000  8365.883008
55107.000  8365.826492
55108.000  8365.795838
55109.000  8365.767706
55110.000  8365.728716
55111.000  8365.540786
55112.000  8365.900679
55113.000  8365.959710
55114.000  8365.939714
55115.000  8365.925408
55116.000  8365.948719
55117.000  8365.949166
55118.000  8365.914984
55119.000  8365.942870
55120.000  8365.870442
55121.000  8365.912667
55122.000  8365.907943
55123.000  8365.903273
55124.000  8365.898068
55125.000  8365.880196
55126.000  8365.739504
55127.000  8364.653181
55128.000  8365.630781
55129.000  8365.861092
55130.000  8365.414939
55131.000  8365.760938
55132.000  8365.068077
55133.000  8365.119296
55134.000  8365.828051
55135.000  8365.820853
55136.000  8365.663288
55137.000  8365.539879
55138.000  8365.084440
55139.000  8364.944460
55140.000  8364.499696
55141.000  8365.039764
55142.000  8363.983145
55143.000  8363.775219
55144.000  8364.639821
55145.000  8365.246307
55146.000  8365.773094
55147.000  8365.376038
55148.000  8363.455707
55149.000  8364.263718
55150.000  8362.907042
55151.000  8362.965852
55152.000  8362.181829
55153.000  8360.845950
55154.000  8364.280827
55155.000  8363.595880
55156.000  8362.060910
55157.000  8361.815449
55158.000  8363.071869
55159.000  8363.357855
55160.000  8363.331364
55161.000  8363.437504
55162.000  8363.042064
55163.000  8364.068682
55164.000  8357.799573
55165.000  8360.564204
55166.000  8358.671953
55167.000  8361.518839
55168.000  8362.766761
55169.000  8364.024571
55170.000  8363.057000
55171.000  8363.943490
55172.000  8364.356688
55173.000  8364.491639
55174.000  8364.696741
55175.000  8364.414245
55177.000  8364.401588
55178.000  8363.864213
55180.000  8361.452015
55187.000  8363.963300
55188.000  8364.752322
55189.000  8364.437862
55190.000  8365.226444
55191.000  8365.227988
55192.000  8364.978076
55193.000  8364.440591
55194.000  8363.791322
55195.000  8365.108434
55196.000  8364.928492
55197.000  8365.238274
55198.000  8365.280647
55199.000  8365.338272
55200.000  8365.163945
55201.000  8365.004383
55202.000  8364.928705
55203.000  8365.111878
55204.000  8365.632893
55205.000  8365.634769
55206.000  8365.590824
55207.000  8365.278546
55208.000  8365.323650
55209.000  8365.445178
55210.000  8365.147773
55211.000  8365.572251
55212.000  8365.578336
55213.000  8365.422229
55214.000  8365.726983
55215.000  8365.340432
55217.000  8365.603151
55218.000  8364.305470
55219.000  8365.358937
55220.000  8365.462749
55221.000  8365.588526
55222.000  8365.740329
55223.000  8365.777782
55224.000  8365.505804
55225.000  8365.671104
55226.000  8364.836615
55227.000  8364.864167
55228.000  8365.163129
55229.000  8364.821281
55230.000  8364.096852
55231.000  8363.861036
55261.000  8365.432468
55264.000  8365.431155
55265.000  8364.308876
55266.000  8361.944991
55267.000  8358.911323
55269.000  8358.474606
55271.000  8361.804953
55272.000  8364.347663
55273.000  8363.860448
55274.000  8364.963855
55275.000  8362.912756
55276.000  8362.098068
55277.000  8362.975386
55278.000  8364.205904
55279.000  8364.311819
55280.000  8364.023074
55281.000  8364.518468
55282.000  8365.140745
55283.000  8364.095278
55284.000  8365.421692
55285.000  8365.551642
55286.000  8365.219852
55287.000  8365.862320
55288.000  8365.432254
55289.000  8365.523004
55290.000  8365.688319
55291.000  8365.892114
55292.000  8365.129829
55293.000  8365.270506
55294.000  8364.752975
55295.000  8365.677476
55296.000  8365.803475
55297.000  8365.376320
55298.000  8365.805276
55299.000  8365.911309
55300.000  8366.035134
55301.000  8366.041927
55302.000  8366.049374
55303.000  8366.032837
55304.000  8365.563225
55305.000  8365.037341
55306.000  8365.271080
55307.000  8365.787897
55308.000  8365.859683
55309.000  8365.621600
55310.000  8365.948502
55311.000  8365.645542
55312.000  8365.545037
55313.000  8365.484940
55314.000  8365.582450
55315.000  8365.133493
55316.000  8365.110632
55317.000  8363.941802
55318.000  8364.499980
55319.000  8362.972392
55320.000  8365.909336
55321.000  8365.478074
55322.000  8365.534375
55323.000  8365.213946
55324.000  8364.865730
55325.000  8365.156901
55326.000  8365.430208
55327.000  8365.868173
55328.000  8365.328785
55329.000  8365.669969
55330.000  8364.595891
55331.000  8365.272492
55332.000  8365.851846
55333.000  8366.025978
55334.000  8365.816890
55335.000  8365.839889
55336.000  8364.631040
55337.000  8363.771070
55338.000  8365.419604
55339.000  8364.203211
55340.000  8365.839782
55341.000  8363.988880
55342.000  8364.633369
55343.000  8365.999320
55344.000  8365.607066
55345.000  8365.530258
55346.000  8365.764581
55347.000  8365.251668
55348.000  8365.770571
55349.000  8365.527333
55350.000  8363.803353
55351.000  8364.089399
55352.000  8364.254082
55353.000  8363.823977
55354.000  8363.318347
55355.000  8361.816566
55356.000  8361.032220
55357.000  8364.133330
55358.000  8365.185058
55359.000  8364.287663
55360.000  8363.338244
55361.000  8361.837755
55362.000  8361.010987
55363.000  8361.118778
55364.000  8361.150174
55365.000  8361.004352
55366.000  8362.347051
55367.000  8364.261425
55368.000  8363.186106
55369.000  8364.770356
55370.000  8363.546781
55371.000  8364.828048
55372.000  8363.508578
55373.000  8363.985716
55374.000  8366.056149
55375.000  8365.490831
55376.000  8364.461214
55377.000  8365.987204
55378.000  8364.645656
55379.000  8364.460167
55380.000  8363.267508
55381.000  8365.852391
55382.000  8364.179477
55383.000  8365.192889
55384.000  8365.893439
55385.000  8365.635502
55386.000  8366.015760
55387.000  8366.134467
55388.000  8365.014403
55389.000  8364.737478
55390.000  8364.283498
55391.000  8365.524300
55392.000  8365.341228
55393.000  8364.642112
55394.000  8365.089236
55395.000  8365.624492
55396.000  8365.527249
55397.000  8365.730630
55398.000  8366.176310
55399.000  8366.143772
55400.000  8366.125024
55401.000  8365.905317
55402.000  8366.178820
55403.000  8366.131672
55404.000  8365.478607
55405.000  8366.061642
55406.000  8365.572285
55409.000  8365.593317
55410.000  8365.009563
55411.000  8364.589664
55412.000  8365.884543
55413.000  8365.965179
55414.000  8365.683475
55415.000  8365.316274
55416.000  8365.067857
55417.000  8364.927840
55418.000  8365.583061
55419.000  8365.499337
55420.000  8364.992011
55421.000  8364.757414
55422.000  8364.820308
55423.000  8363.321477
55424.000  8363.434029
55425.000  8363.384312
55426.000  8363.462738
55427.000  8363.409792
55428.000  8365.153375
55429.000  8365.075298
55430.000  8364.644778
55431.000  8365.332460
55432.000  8366.159713
55433.000  8365.931649
55434.000  8365.226435
55435.000  8365.073397
55436.000  8365.508591
55437.000  8364.884423
55438.000  8364.384766
55439.000  8363.712594
55440.000  8365.024780
55441.000  8364.813663
55442.000  8365.894043
55443.000  8365.931074
55444.000  8365.396305
55445.000  8365.320805
55446.000  8363.621823
55447.000  8365.547639
55448.000  8365.346014
55449.000  8365.280704
55450.000  8364.777395
55451.000  8365.171599
55452.000  8364.240532
55453.000  8364.717020
55454.000  8364.409692
55455.000  8364.226265
55456.000  8364.631944
55457.000  8363.872013
55458.000  8364.367111
55459.000  8364.487221
55460.000  8364.194178
55461.000  8364.187290
55462.000  8364.533333
55463.000  8364.696649
55464.000  8362.375983
55465.000  8364.387740
55466.000  8365.099166
55467.000  8364.702950
55468.000  8365.356493
55469.000  8365.642020
55470.000  8364.578161
55471.000  8365.551259
55472.000  8365.541133
55473.000  8365.088582
55474.000  8364.035160
55475.000  8364.705050
55476.000  8365.485396
55477.000  8365.142985
55478.000  8363.296077
55479.000  8362.826046
55480.000  8361.943694
55481.000  8362.404115
55482.000  8364.751474
55483.000  8364.463014
55484.000  8364.999285
55485.000  8365.155745
55486.000  8365.605777
55487.000  8365.943613
55488.000  8366.055458
55489.000  8366.146922
55490.000  8366.098739
55491.000  8366.117624
55492.000  8365.282302
55493.000  8366.079034
55494.000  8365.507900
55495.000  8364.651031
55496.000  8365.432499
55497.000  8365.932274
55498.000  8365.453363
55499.000  8365.553871
55500.000  8365.132009
55501.000  8365.139277
55502.000  8365.424264
55503.000  8365.026498
55504.000  8365.601114
55505.000  8365.828189
55506.000  8365.803184
55507.000  8365.578176
55508.000  8365.884699
55509.000  8365.977343
55510.000  8366.228562
55511.000  8366.190530
55512.000  8365.964960
55513.000  8365.913823
55514.000  8366.214671
55515.000  8366.227647
55516.000  8366.227926
55517.000  8366.075778
55518.000  8365.938093
55519.000  8365.704066
55520.000  8365.675170
55521.000  8364.890327
55522.000  8365.193242
55523.000  8364.789185
55524.000  8365.061398
55525.000  8365.071462
55526.000  8365.291536
55527.000  8365.470653
55528.000  8365.915365
55529.000  8366.099758
55530.000  8366.080652
55531.000  8365.855113
55532.000  8366.118776
55533.000  8365.938955
55534.000  8365.824631
55535.000  8364.869685
55536.000  8365.255088
55537.000  8365.478481
55538.000  8364.669190
55539.000  8364.813057
55540.000  8365.056420
55541.000  8364.484460
55542.000  8365.514059
55543.000  8365.359903
55544.000  8365.857256
55545.000  8365.827431
55546.000  8365.808067
55547.000  8365.867982
55548.000  8366.207045
55549.000  8366.138361
55550.000  8365.922632
55551.000  8365.666174
55552.000  8364.724126
55553.000  8364.434495
55554.000  8364.805213
55555.000  8364.947770
55556.000  8363.012970
55557.000  8364.048422
55558.000  8365.071289
55559.000  8365.682700
55560.000  8365.855112
55561.000  8365.953983
55562.000  8365.413717
55563.000  8365.322655
55564.000  8365.025096
55565.000  8365.999556
55566.000  8364.851480
55567.000  8365.567269
55568.000  8366.042789
55569.000  8365.889649
55570.000  8364.126858
55571.000  8364.868795
55572.000  8364.140586
55573.000  8362.685802
55574.000  8363.426850
55575.000  8363.165795
55576.000  8364.481486
55577.000  8362.767801
55578.000  8361.348753
55580.000  8364.093437
55581.000  8361.639639
55582.000  8362.614753
55583.000  8361.201593
55584.000  8359.502443
55585.000  8359.134524
55586.000  8357.014811
55587.000  8359.853580
55588.000  8359.838264
55589.000  8363.443707
55590.000  8363.364080
55591.000  8360.508696
55592.000  8361.960901
55593.000  8363.590256
55594.000  8364.035142
55595.000  8363.418390
55596.000  8364.403583
55597.000  8364.772870
55598.000  8363.781534
55599.000  8363.986177
55600.000  8362.888727
55601.000  8362.189744
55602.000  8363.323383
55603.000  8365.281113
55604.000  8365.419967
55605.000  8365.644487
55606.000  8365.542417
55607.000  8365.183036
55608.000  8365.938363
55609.000  8366.049211
55610.000  8365.835464
55611.000  8365.474167
55612.000  8365.634544
55613.000  8365.248967
55614.000  8365.416073
55615.000  8365.896028
55616.000  8363.994991
55617.000  8364.895399
55618.000  8363.307301
55619.000  8363.007025
55620.000  8363.244348
55621.000  8363.583213
55622.000  8363.818079
55623.000  8363.497629
55624.000  8363.071084
55625.000  8363.618510
55626.000  8364.384805
55627.000  8364.779689
55628.000  8364.709769
55629.000  8363.978752
55630.000  8363.746423
55631.000  8364.593691
55632.000  8362.473478
55633.000  8361.283259
55634.000  8362.499832
55635.000  8362.954024
55636.000  8363.780204
55637.000  8362.971304
55638.000  8365.747161
55639.000  8365.634417
55640.000  8365.250343
55641.000  8365.235812
55642.000  8365.288812
55643.000  8365.541620
55644.000  8364.886294
55645.000  8365.937273
55646.000  8365.917715
55647.000  8366.194442
55648.000  8366.203611
55649.000  8366.230640
55650.000  8366.144521
55651.000  8366.228122
55652.000  8366.233835
55653.000  8366.222089
55654.000  8366.218688
55655.000  8366.138313
55656.000  8366.099440
55657.000  8365.780078
55658.000  8365.333235
55659.000  8366.066671
55660.000  8366.207774
55661.000  8366.234039
55662.000  8366.232139
55663.000  8365.910720
55664.000  8366.170329
55665.000  8365.953138
55666.000  8365.858541
55667.000  8366.180794
55668.000  8366.221941
55669.000  8366.218057
55670.000  8366.220675
55671.000  8366.219264
55672.000  8366.232505
55673.000  8366.231225
55674.000  8366.230235
55675.000  8366.226894
55676.000  8366.186317
55677.000  8366.169861
55678.000  8366.212144
55679.000  8366.232736
55680.000  8366.218139
55681.000  8366.232662
55682.000  8366.114936
55683.000  8366.041559
55684.000  8366.168609
55685.000  8366.075388
55686.000  8366.037462
55687.000  8366.213749
55688.000  8366.149661
55689.000  8366.220628
55690.000  8366.146676
55691.000  8366.232034
55692.000  8366.053308
55693.000  8366.224653
55694.000  8366.231961
55695.000  8366.152438
55696.000  8366.203781
55697.000  8365.785664
55698.000  8365.815929
55699.000  8366.127927
55700.000  8366.186404
55701.000  8366.157870
55702.000  8366.224092
55703.000  8366.135873
55704.000  8366.217092
55705.000  8366.201255
55706.000  8365.743007
55707.000  8366.073281
55708.000  8365.826539
55713.000  8365.889403
55714.000  8366.094210
55715.000  8366.130987
55716.000  8366.220680
55717.000  8366.177875
55718.000  8366.087763
55719.000  8366.046529
55720.000  8365.912993
55721.000  8366.230470
55722.000  8366.228898
55723.000  8366.084113
55724.000  8366.082557
55725.000  8365.803016
55726.000  8365.887701
55727.000  8365.736614
55728.000  8365.926516
55729.000  8366.235686
55730.000  8365.995222
55731.000  8366.035020
55732.000  8366.233827
55733.000  8366.038517
55734.000  8366.236855
55735.000  8366.227684
55736.000  8366.113143
55737.000  8366.178259
55738.000  8366.237432
55739.000  8366.087866
55740.000  8365.738003
55741.000  8365.743903
55742.000  8366.023826
55743.000  8365.040782
55744.000  8365.766647
55745.000  8364.260318
55746.000  8363.751473
55747.000  8364.711368
55748.000  8364.470986
55749.000  8365.808024
55750.000  8365.066110
55751.000  8363.726684
55752.000  8363.443464
55753.000  8364.430717
55754.000  8364.011908
55755.000  8365.581824
55756.000  8365.306715
55757.000  8365.797005
55758.000  8364.126216
55759.000  8365.294549
55760.000  8366.062497
55761.000  8366.184372
55762.000  8366.130076
55763.000  8366.144613
55764.000  8366.229568
55765.000  8365.761787
55766.000  8366.217239
55767.000  8366.243980
55768.000  8366.177264
55769.000  8365.822057
55770.000  8365.744544
55771.000  8364.116145
55772.000  8364.452068
55773.000  8365.826309
55774.000  8365.336734
55775.000  8366.160190
55776.000  8365.744960
55777.000  8366.210986
55778.000  8366.220811
55779.000  8366.206770
55780.000  8366.238394
55781.000  8366.202689
55782.000  8366.247239
55783.000  8366.242500
55784.000  8366.242649
55785.000  8366.245331
55786.000  8366.243665
55787.000  8366.245839
55788.000  8366.230872
55789.000  8366.138699
55790.000  8366.237960
55791.000  8366.246759
55792.000  8366.247853
55793.000  8366.159876
55794.000  8366.099504
55795.000  8366.207991
55796.000  8366.231869
55797.000  8366.244815
55798.000  8366.148622
55799.000  8365.554984
55800.000  8366.013893
55801.000  8366.190514
55802.000  8366.245825
55803.000  8366.228090
55804.000  8366.226794
55805.000  8366.246445
55806.000  8366.245191
55807.000  8366.226038
55808.000  8366.203056
55809.000  8366.233035
55810.000  8366.240372
55811.000  8366.197143
55812.000  8366.244444
55813.000  8366.238849
55814.000  8366.244882
55815.000  8366.245484
55816.000  8366.243478
55817.000  8366.244952
55818.000  8366.205942
55819.000  8366.225081
55820.000  8366.196175
55821.000  8366.069656
55822.000  8366.111890
55823.000  8366.070263
55824.000  8365.874393
55825.000  8365.595805
55826.000  8365.887447
55827.000  8366.234021
55828.000  8365.781272
55829.000  8366.035591
55830.000  8366.081951
55831.000  8366.215669
55832.000  8365.928390
55833.000  8366.231724
55834.000  8366.234857
55835.000  8366.236344
55836.000  8366.219249
55837.000  8366.230622
55838.000  8366.066697
55839.000  8366.053120
55840.000  8366.231280
55841.000  8366.033155
55842.000  8366.235942
55843.000  8366.229469
55844.000  8366.209275
55845.000  8365.950061
55846.000  8366.174274
55847.000  8366.204103
55848.000  8366.229410
55849.000  8366.232170
55850.000  8366.223877
55851.000  8366.189659
55852.000  8366.225018
55853.000  8366.206731
55854.000  8366.222932
55855.000  8366.183683
55856.000  8366.186759
55857.000  8366.163343
55858.000  8366.160279
55859.000  8366.220430
55860.000  8366.211694
55861.000  8366.198399
55862.000  8366.212012
55863.000  8366.062635
55864.000  8366.193604
55865.000  8366.212731
55866.000  8366.209827
55868.000  8365.984690
55869.000  8365.104595
55870.000  8366.097942
55871.000  8366.081873
55872.000  8366.108770
55873.000  8366.166313
55874.000  8365.896060
55875.000  8365.990023
55876.000  8366.040250
55877.000  8366.021898
55878.000  8366.196875
55879.000  8365.813971
55880.000  8366.127593
55881.000  8366.204424
55882.000  8366.068164
55884.000  8365.994082
55885.000  8364.603189
55886.000  8365.652637
55887.000  8366.081573
55888.000  8366.207438
55889.000  8366.092438
55890.000  8366.175040
55891.000  8366.202990
55892.000  8366.205692
55893.000  8366.204164
55894.000  8366.076457
55895.000  8365.496039
55896.000  8366.203640
55897.000  8366.203837
55898.000  8366.192754
55899.000  8366.197446
55900.000  8366.201185
55901.000  8365.971603
55902.000  8366.146634
55903.000  8366.141958
55904.000  8366.194143
55905.000  8366.167902
55906.000  8365.984076
55907.000  8366.102348
55908.000  8365.881283
55909.000  8364.874592
55910.000  8365.681900
55911.000  8364.588030
55915.000  8364.969982
55916.000  8363.575089
55917.000  8364.599395
55918.000  8364.642292
55919.000  8364.581282
55920.000  8365.023264
55921.000  8364.885806
55922.000  8365.027649
55923.000  8365.485756
55924.000  8365.764151
55925.000  8365.692317
55926.000  8365.448908
55927.000  8365.767907
55928.000  8366.092697
55929.000  8365.439267
55930.000  8365.667906
55931.000  8366.157547
55932.000  8365.427013
55933.000  8364.693786
55934.000  8363.775107
55935.000  8365.448753
55936.000  8365.709764
55937.000  8365.418750
55938.000  8363.508757
55939.000  8364.460692
55940.000  8363.625412
55941.000  8365.353544
55948.000  8365.671411
55951.000  8366.068167
55957.000  8366.029753
55958.000  8365.840173
55959.000  8365.956580
55960.000  8365.481534
55961.000  8365.834698
55962.000  8366.155745
55963.000  8366.159266
55964.000  8366.141672
55965.000  8366.180881
55966.000  8366.186598
55967.000  8366.185189
55968.000  8365.848298
55969.000  8366.175607
55972.000  8366.088993
55973.000  8365.898689
55974.000  8365.362880
55975.000  8363.797459
55977.000  8364.750447
55978.000  8365.170996
55979.000  8363.782371
55980.000  8363.989093
55981.000  8364.106017
55982.000  8364.635544
55983.000  8363.840656
55985.000  8365.294836
55988.000  8364.649283
55989.000  8365.160718
55990.000  8366.146650
55991.000  8366.185639
55992.000  8365.655967
55994.000  8365.627215
55995.000  8364.482081
55996.000  8361.801499
55997.000  8360.800152
55998.000  8361.495419
55999.000  8362.553237
56000.000  8363.389796
56001.000  8362.206848
56002.000  8363.689532
56009.000  8364.301463
56010.000  8364.754596
56011.000  8363.972016
56012.000  8365.092887
56013.000  8363.021649
56014.000  8364.567417
56015.000  8363.642049
56016.000  8363.910570
56017.000  8365.639763
56018.000  8366.205016
56019.000  8365.130092
56020.000  8365.949949
56021.000  8365.361225
56022.000  8364.314105
56023.000  8365.019509
56024.000  8365.252838
56025.000  8365.721753
56026.000  8365.346945
56027.000  8365.042463
56028.000  8364.394176
56029.000  8364.384226
56030.000  8363.231944
56031.000  8364.706119
56032.000  8365.429052
56033.000  8364.689754
56034.000  8364.814058
56035.000  8365.433994
56036.000  8365.203483
56037.000  8365.763796
56038.000  8365.910252
56039.000  8365.320869
56040.000  8365.187830
56041.000  8365.953193
56042.000  8365.392737
56043.000  8364.823950
56044.000  8363.751694
56045.000  8364.757809
56046.000  8365.099818
56047.000  8363.871245
56048.000  8363.499056
56049.000  8364.604062
56050.000  8363.675250
56051.000  8365.055368
56052.000  8365.068271
56053.000  8366.038267
56054.000  8364.355297
56055.000  8363.841568
56056.000  8365.383079
56057.000  8365.211109
56058.000  8364.852613
56059.000  8364.895024
56060.000  8364.102615
56061.000  8364.068312
56062.000  8363.146186
56063.000  8364.651306
56064.000  8365.231688
56065.000  8364.633507
56066.000  8364.744345
56067.000  8364.382494
56068.000  8362.379322
56069.000  8363.420430
56070.000  8363.326834
56071.000  8359.282168
56072.000  8361.445026
56073.000  8360.184907
56074.000  8360.985050
56075.000  8360.808030
56076.000  8362.774937
56077.000  8361.886673
56078.000  8362.796804
56079.000  8363.071348
56080.000  8363.693743
56081.000  8360.407974
56082.000  8361.905711
56083.000  8362.801185
56084.000  8363.445928
56085.000  8360.795153
56086.000  8363.663066
56087.000  8363.104968
56088.000  8361.297852
56089.000  8362.186558
56090.000  8360.664087
56091.000  8359.849619
56092.000  8359.934745
56093.000  8361.982973
56094.000  8363.149506
56095.000  8362.349484
56096.000  8362.265691
56097.000  8363.538379
56098.000  8364.639975
56099.000  8364.048678
56100.000  8364.238869
56101.000  8364.202697
56102.000  8364.505454
56103.000  8363.803523
56104.000  8363.586770
56105.000  8364.251832
56106.000  8363.495295
56107.000  8363.621921
56108.000  8363.769969
56109.000  8365.707067
56110.000  8364.657101
56111.000  8364.781858
56112.000  8365.617717
56113.000  8366.050926
56114.000  8365.279116
56115.000  8364.218182
56116.000  8364.106662
56117.000  8364.941875
56118.000  8366.132034
56119.000  8366.218445
56120.000  8366.154212
56121.000  8366.179248
56122.000  8365.942675
56123.000  8365.471139
56124.000  8365.965316
56125.000  8366.087784
56126.000  8365.093744
56127.000  8365.338519
56128.000  8365.666705
56129.000  8366.115957
56130.000  8366.076902
56131.000  8365.557301
56132.000  8365.699581
56133.000  8365.884827
56134.000  8366.229460
56135.000  8365.600991
56136.000  8365.848129
56137.000  8366.208821
56138.000  8365.878349
56139.000  8365.801994
56140.000  8364.826023
56141.000  8365.458230
56142.000  8365.812025
56143.000  8366.115288
56144.000  8366.022782
56145.000  8366.050866
56146.000  8365.918993
56148.000  8365.673717
56149.000  8365.935623
56150.000  8365.434281
56151.000  8365.967783
56152.000  8364.005525
56153.000  8365.251677
56154.000  8365.489484
56155.000  8365.983836
56156.000  8365.813513
56157.000  8366.221217
56158.000  8365.693921
56159.000  8365.531328
56160.000  8365.072275
56161.000  8364.741198
56162.000  8364.789125
56163.000  8365.079522
56164.000  8363.765928
56165.000  8364.251561
56166.000  8363.976193
56167.000  8363.983253
56168.000  8365.287232
56169.000  8364.670797
56170.000  8364.583236
56171.000  8365.039737
56172.000  8365.760079
56173.000  8365.588589
56174.000  8365.643885
56175.000  8365.198512
56176.000  8365.816670
56177.000  8365.360991
56178.000  8364.838822
56179.000  8365.706570
56180.000  8365.433475
56181.000  8366.058306
56182.000  8365.705524
56183.000  8365.720162
56184.000  8366.199125
56185.000  8366.215728
56186.000  8366.188332
56187.000  8366.231130
56188.000  8366.231032
56189.000  8366.077034
56190.000  8366.119950
56191.000  8366.063540
56192.000  8366.222782
56193.000  8365.993153
56194.000  8366.112064
56195.000  8365.489036
56196.000  8365.796518
56197.000  8365.989772
56198.000  8365.611287
56199.000  8365.865784
56200.000  8366.231321
56201.000  8366.227871
56202.000  8366.216337
56203.000  8366.223497
56204.000  8366.222362
56205.000  8366.206929
56206.000  8366.229701
56207.000  8366.228324
56208.000  8366.183724
56209.000  8366.029827
56210.000  8366.126545
56211.000  8366.177982
56212.000  8366.147442
56213.000  8366.185633
56214.000  8366.125942
56215.000  8365.999973
56216.000  8366.135500
56217.000  8366.005548
56218.000  8365.969087
56219.000  8365.835319
56220.000  8365.456561
56221.000  8365.602254
56222.000  8365.556399
56223.000  8365.382414
56224.000  8365.421092
56225.000  8364.620447
56226.000  8365.110741
56227.000  8365.641455
56228.000  8365.763859
56229.000  8365.427292
56230.000  8366.164683
56231.000  8366.069720
56232.000  8366.189619
56233.000  8365.961867
56234.000  8366.166711
56235.000  8365.781939
56236.000  8365.888505
56237.000  8366.138089
56238.000  8366.000952
56239.000  8365.733850
56240.000  8365.852621
56241.000  8365.951284
56242.000  8365.852964
56243.000  8366.160406
56246.000  8365.929129
56247.000  8366.184672
56248.000  8366.103452
56249.000  8366.169091
56250.000  8366.071124
56251.000  8364.801245
56252.000  8366.023925
56253.000  8366.036084
56254.000  8365.456294
56255.000  8364.944398
56256.000  8363.983940
56257.000  8365.244355
56258.000  8365.150689
56259.000  8365.804624
56260.000  8365.148617
56261.000  8365.153885
56262.000  8364.882728
56263.000  8365.126798
56264.000  8365.244737
56265.000  8365.510249
56266.000  8365.596646
56267.000  8365.793402
56268.000  8365.894775
56269.000  8365.716138
56270.000  8365.783047
56271.000  8365.735476
56272.000  8365.603231
56273.000  8366.061994
56274.000  8365.975337
56275.000  8366.123095
56276.000  8365.317057
56277.000  8365.837210
56278.000  8364.873776
56279.000  8365.248861
56280.000  8364.310089
56281.000  8364.716788
56282.000  8364.340533
56283.000  8365.099009
56284.000  8365.845262
56285.000  8366.046803
56286.000  8361.943729
56287.000  8364.288911
56288.000  8365.776331
56289.000  8365.435612
56294.000  8363.782314
56295.000  8366.046018
56296.000  8366.073161
56315.000  8365.977149
56316.000  8365.263790
56317.000  8365.399078
56318.000  8365.023284
56319.000  8364.493848
56320.000  8364.615677
56321.000  8364.885644
56322.000  8365.027469
56323.000  8365.332965
56324.000  8365.048132
56325.000  8365.875559
56326.000  8366.059877
56327.000  8366.097946
56328.000  8366.188222
56329.000  8366.118140
56330.000  8366.186409
56331.000  8366.139659
56332.000  8366.067742
56333.000  8365.878174
56334.000  8365.859639
56335.000  8366.012081
56336.000  8365.173697
56337.000  8364.566414
56338.000  8365.616559
56339.000  8366.206094
56340.000  8366.209113
56341.000  8366.205602
56342.000  8366.198975
56343.000  8366.209228
56344.000  8365.739704
56345.000  8365.702598
56346.000  8364.789949
56347.000  8364.861590
56348.000  8363.749785
56349.000  8364.949920
56350.000  8365.636096
56351.000  8366.165620
56352.000  8365.079830
56353.000  8365.665511
56354.000  8365.298078
56355.000  8364.655445
56356.000  8365.697549
56357.000  8365.043416
56358.000  8365.144967
56359.000  8365.738923
56360.000  8365.997267
56361.000  8366.143732
56362.000  8365.071902
56363.000  8365.069944
56364.000  8365.405737
56365.000  8365.853033
56366.000  8366.109315
56367.000  8365.939273
56368.000  8365.760613
56370.000  8365.937652
56371.000  8365.980793
56372.000  8366.201440
56373.000  8365.877627
56374.000  8365.907365
56375.000  8365.863610
56376.000  8365.719407
56377.000  8364.279199
56378.000  8364.462980
56379.000  8364.993841
56380.000  8365.277157
56381.000  8366.034009
56382.000  8366.018971
56383.000  8365.915188
56384.000  8365.682893
56385.000  8365.477936
56386.000  8366.117818
56387.000  8366.130598
56388.000  8366.202033
56389.000  8366.218908
56390.000  8365.702241
56391.000  8365.800290
56392.000  8364.848875
56393.000  8365.206053
56394.000  8364.718780
56395.000  8365.046028
56396.000  8365.647602
56397.000  8365.183803
56398.000  8366.046776
56399.000  8366.053354
56400.000  8365.885391
56401.000  8366.080081
56402.000  8366.070266
56403.000  8366.140283
56404.000  8366.167174
56405.000  8365.094501
56406.000  8365.282452
56407.000  8365.590699
56408.000  8365.957475
56409.000  8365.759007
56410.000  8366.144170
56411.000  8366.165385
56412.000  8366.233176
56413.000  8366.213378
56414.000  8366.017272
56415.000  8366.222899
56416.000  8366.222536
56417.000  8366.126662
56418.000  8366.228541
56419.000  8366.165064
56420.000  8366.227645
56421.000  8366.206889
56422.000  8366.215431
56423.000  8365.952703
56424.000  8366.089442
56425.000  8365.860678
56426.000  8364.957313
56427.000  8365.894986
56428.000  8366.071226
56429.000  8366.230722
56430.000  8366.095468
56431.000  8366.234772
56432.000  8365.263440
56433.000  8366.092392
56434.000  8366.158163
56435.000  8366.225454
56436.000  8366.087022
56437.000  8366.230143
56438.000  8366.083179
56439.000  8365.785939
56440.000  8364.965769
56441.000  8365.088732
56442.000  8364.955828
56443.000  8365.587383
56444.000  8365.951191
56445.000  8366.174842
56446.000  8366.199552
56447.000  8366.227643
56448.000  8366.235406
56449.000  8366.226866
56450.000  8365.648830
56451.000  8366.230413
56452.000  8366.227675
56453.000  8365.695726
56454.000  8365.471065
56455.000  8365.691030
56456.000  8366.176129
56457.000  8365.826517
56458.000  8366.231579
56459.000  8366.136324
56460.000  8366.225267
56461.000  8365.835196
56462.000  8365.877382
56463.000  8364.941208
56464.000  8366.082043
56465.000  8366.200343
56466.000  8365.918849
56467.000  8365.709774
56468.000  8365.810832
56469.000  8365.214306
56470.000  8363.797589
56471.000  8366.072490
56472.000  8365.140976
56473.000  8364.547839
56474.000  8365.947985
56475.000  8366.232801
56476.000  8365.657900
56477.000  8365.126334
56478.000  8366.179789
56479.000  8366.230143
56480.000  8366.225844
56481.000  8365.829417
56482.000  8366.049878
56483.000  8366.193991
56484.000  8365.283733
56485.000  8365.935957
56486.000  8365.913630
56487.000  8365.730953
56488.000  8366.231326
56489.000  8365.935029
56490.000  8365.673477
56491.000  8364.474529
56492.000  8365.611502
56493.000  8363.921659
56494.000  8364.654520
56495.000  8363.169684
56496.000  8362.852811
56497.000  8364.818118
56498.000  8364.519786
56499.000  8366.079927
56500.000  8366.055930
56501.000  8365.701624
56502.000  8364.343146
56503.000  8364.872437
56505.000  8365.070103
56506.000  8365.687698
56507.000  8366.046728
56508.000  8366.011100
56509.000  8365.480473
56510.000  8365.932806
56511.000  8366.070264
56512.000  8365.821615
56513.000  8365.813021
56514.000  8364.029671
56515.000  8365.505118
56516.000  8366.212626
56517.000  8364.813380
56518.000  8364.628985
56519.000  8364.845900
56520.000  8365.944698
56521.000  8365.557917
56522.000  8365.829467
56523.000  8365.670746
56524.000  8365.803895
56525.000  8366.079516
56526.000  8366.010009
56527.000  8366.049247
56528.000  8366.156993
56529.000  8365.762819
56530.000  8365.204800
56531.000  8365.766619
56532.000  8365.827317
56533.000  8365.204717
56534.000  8366.109762
56535.000  8366.211225
56536.000  8366.155886
56537.000  8365.524524
56538.000  8366.116624
56539.000  8365.568647
56540.000  8365.501217
56541.000  8365.961881
56542.000  8366.090699
56543.000  8365.899736
56544.000  8365.601373
56545.000  8365.320317
56546.000  8364.839453
56547.000  8365.711598
56548.000  8365.535582
56549.000  8366.051276
56550.000  8366.233771
56551.000  8366.111633
56552.000  8365.964581
56553.000  8365.999968
56554.000  8365.521965
56555.000  8366.018529
56556.000  8366.017698
56557.000  8366.194654
56558.000  8365.454581
56559.000  8365.952032
56560.000  8365.959108
56561.000  8366.114706
56562.000  8365.935829
56563.000  8366.010495
56564.000  8365.267580
56565.000  8365.442749
56566.000  8366.094130
56567.000  8365.254806
56568.000  8364.824747
56569.000  8365.034682
56570.000  8365.005728
56571.000  8366.038335
56572.000  8365.444785
56573.000  8365.316044
56574.000  8365.689995
56575.000  8366.227423
56576.000  8366.255093
56577.000  8366.253405
56578.000  8366.258244
56579.000  8366.163440
56580.000  8366.226839
56581.000  8366.252003
56582.000  8366.165122
56583.000  8366.234380
56584.000  8366.156998
56585.000  8366.260893
56586.000  8366.184530
56587.000  8365.999117
56588.000  8366.149307
56589.000  8366.098138
56590.000  8366.101535
56591.000  8366.260067
56592.000  8366.189488
56593.000  8366.096235
56594.000  8366.154253
56595.000  8366.206906
56596.000  8366.236875
56597.000  8366.151577
56598.000  8366.256734
56599.000  8366.221144
56600.000  8366.143389
56601.000  8366.111832
56602.000  8366.050363
56603.000  8366.213097
56604.000  8366.105182
56605.000  8366.198922
56606.000  8366.144883
56607.000  8366.095789
56608.000  8366.102712
56609.000  8366.243995
56610.000  8366.242636
56611.000  8366.216997
56612.000  8366.244998
56613.000  8366.254772
56614.000  8366.248659
56615.000  8366.156364
56616.000  8366.178942
56617.000  8366.252452
56618.000  8366.249085
56619.000  8366.246854
56620.000  8366.254017
56621.000  8366.239995
56622.000  8366.230798
56623.000  8366.249894
56624.000  8366.246004
56625.000  8366.218294
56626.000  8366.058958
56627.000  8366.176695
56628.000  8366.241153
56629.000  8366.235387
56630.000  8365.917458
56631.000  8366.066254
56632.000  8366.172567
56635.000  8365.823880
56636.000  8365.771423
56637.000  8365.404739
56638.000  8365.994916
56639.000  8366.128918
56640.000  8365.487156
56641.000  8365.600704
56642.000  8365.163674
56643.000  8365.386912
56644.000  8365.821286
56645.000  8365.810757
56646.000  8365.740895
56647.000  8365.427840
56648.000  8365.993748
56649.000  8366.172397
56650.000  8366.120244
56651.000  8366.199825
56652.000  8366.240197
56653.000  8366.009881
56654.000  8365.996613
56655.000  8366.083616
56656.000  8366.244701
56657.000  8366.180869
56658.000  8366.209108
56659.000  8366.238486
56660.000  8366.250858
56661.000  8366.244039
56662.000  8366.241802
56663.000  8366.241605
56664.000  8366.237911
56665.000  8366.191130
56666.000  8366.179523
56667.000  8366.243695
56668.000  8366.244504
56669.000  8366.245063
56670.000  8366.231200
56671.000  8366.089368
56672.000  8366.001474
56673.000  8365.663171
56674.000  8366.071122
56675.000  8365.533776
56676.000  8365.688687
56677.000  8365.514318
56678.000  8365.724381
56679.000  8365.405020
56680.000  8365.315640
56681.000  8365.662538
56682.000  8364.752347
56683.000  8365.486841
56684.000  8366.038834
56685.000  8365.037452
56686.000  8364.857489
56687.000  8365.164325
56688.000  8364.448217
56689.000  8364.938071
56690.000  8365.642750
56691.000  8365.680926
56692.000  8366.052463
56693.000  8366.032955
56694.000  8366.226958
56695.000  8366.217449
56696.000  8366.241170
56697.000  8366.242512
56698.000  8365.844798
56699.000  8366.207012
56700.000  8365.969104
56701.000  8366.216654
56702.000  8366.044094
56703.000  8366.176828
56704.000  8366.150827
56705.000  8366.143291
56706.000  8366.242815
56707.000  8366.213159
56708.000  8366.196456
56709.000  8365.963007
56710.000  8366.131995
56711.000  8366.081562
56712.000  8366.128212
56713.000  8365.807068
56714.000  8365.634244
56715.000  8365.703442
56716.000  8365.691889
56717.000  8366.137867
56718.000  8365.837890
56719.000  8365.748498
56720.000  8365.611162
56721.000  8365.966065
56722.000  8366.054983
56723.000  8366.002073
56724.000  8366.191695
56725.000  8364.229413
56726.000  8364.059305
56727.000  8365.362784
56728.000  8365.858420
56729.000  8365.097922
56730.000  8364.689697
56731.000  8365.540163
56732.000  8364.953052
56733.000  8364.825304
56734.000  8365.058948
56735.000  8364.718803
56736.000  8364.924400
56737.000  8363.908349
56738.000  8364.313994
56739.000  8363.315055
56740.000  8364.361939
56741.000  8365.389449
56742.000  8365.731163
56743.000  8365.888919
56744.000  8365.474570
56745.000  8365.263202
56746.000  8366.084550
56747.000  8365.666164
56748.000  8365.860168
56749.000  8365.786365
56750.000  8365.467841
56751.000  8365.358390
56752.000  8364.754438
56753.000  8365.298156
56754.000  8364.467213
56755.000  8365.060388
56756.000  8365.499057
56757.000  8365.571179
56758.000  8364.637781
56760.000  8364.534270
56761.000  8363.698719
56762.000  8365.007739
56763.000  8363.455401
56764.000  8365.359221
56765.000  8365.175900
56766.000  8364.659190
56767.000  8365.520275
56768.000  8365.592516
56769.000  8364.958791
56770.000  8364.564499
56771.000  8364.856587
56772.000  8365.778900
56773.000  8364.836473
56774.000  8365.714673
56775.000  8365.406590
56776.000  8365.989270
56777.000  8365.646300
56778.000  8365.432300
56779.000  8365.989930
56780.000  8365.251993
56781.000  8363.860967
56782.000  8363.675292
56783.000  8363.279588
56784.000  8363.644398
56785.000  8363.662150
56786.000  8364.612633
56787.000  8364.322887
56788.000  8364.810125
56789.000  8365.796134
56790.000  8365.825018
56791.000  8365.687334
56792.000  8364.887816
56793.000  8365.737116
56794.000  8366.075223
56795.000  8365.767070
56796.000  8365.824331
56797.000  8365.696823
56798.000  8365.480195
56799.000  8365.482987
56800.000  8366.183444
56801.000  8365.977007
56802.000  8365.619195
56803.000  8364.953039
56804.000  8365.988459
56805.000  8365.246032
56806.000  8364.050045
56807.000  8363.498381
56808.000  8365.612836
56809.000  8366.084316
56810.000  8366.196256
56811.000  8366.101994
56812.000  8365.378194
56813.000  8364.699667
56814.000  8364.545331
56815.000  8365.334208
56816.000  8365.270471
56817.000  8366.017315
56818.000  8366.182998
56819.000  8365.806260
56820.000  8365.847685
56821.000  8363.165193
56822.000  8364.937668
56823.000  8364.614057
56824.000  8365.806611
56825.000  8365.368539
56826.000  8365.761194
56827.000  8365.373561
56828.000  8363.900031
56829.000  8364.494573
56830.000  8363.786985
56831.000  8363.473535
56832.000  8362.130709
56833.000  8364.405549
56834.000  8364.808160
56835.000  8364.161612
56836.000  8363.047541
56837.000  8361.917116
56838.000  8360.853942
56839.000  8361.114398
56840.000  8363.369162
56841.000  8363.465143
56842.000  8364.731236
56843.000  8363.537443
56844.000  8364.935092
56845.000  8365.830999
56846.000  8365.574475
56847.000  8364.754150
56848.000  8364.965873
56849.000  8364.041490
56850.000  8362.031082
56851.000  8362.291579
56852.000  8364.988197
56853.000  8362.602780
56854.000  8362.766376
56855.000  8361.202833
56856.000  8359.425856
56857.000  8361.469975
56858.000  8364.489292
56859.000  8363.602745
56860.000  8361.665772
56861.000  8364.076191
56862.000  8363.160411
56863.000  8365.094877
56864.000  8364.288783
56865.000  8364.582893
56866.000  8364.330873
56867.000  8365.819937
56868.000  8365.504216
56869.000  8365.746615
56870.000  8365.685191
56871.000  8365.914938
56872.000  8366.054483
56873.000  8366.114378
56874.000  8365.602573
56875.000  8365.843768
56876.000  8366.044996
56877.000  8365.967697
56878.000  8365.742877
56879.000  8365.482148
56880.000  8365.486184
56881.000  8366.109247
56882.000  8365.469088
56883.000  8365.603673
56884.000  8365.924225
56885.000  8366.060558
56886.000  8366.037146
56887.000  8365.627689
56888.000  8365.444672
56889.000  8365.671164
56890.000  8365.390479
56891.000  8366.101853
56892.000  8366.003797
56893.000  8365.886222
56894.000  8365.622966
56895.000  8365.901347
56896.000  8366.093152
56897.000  8366.074765
56898.000  8366.084839
56899.000  8365.809368
56900.000  8365.205162
56901.000  8365.113695
56902.000  8365.248428
56903.000  8365.066760
56904.000  8365.170253
56905.000  8365.304705
56906.000  8365.276876
56907.000  8365.390880
56908.000  8364.983961
56909.000  8365.261477
56910.000  8364.698905
56911.000  8364.026917
56912.000  8365.035734
56913.000  8365.603655
56914.000  8365.285445
56915.000  8365.037051
56916.000  8366.032062
56917.000  8365.949802
56918.000  8366.037614
56919.000  8366.003106
56920.000  8365.528610
56921.000  8364.731148
56922.000  8365.801872
56923.000  8365.651675
56924.000  8365.698338
56925.000  8365.894163
56926.000  8364.614156
56927.000  8364.988632
56928.000  8365.234902
56929.000  8364.160006
56930.000  8365.190038
56931.000  8365.590466
56932.000  8365.535438
56933.000  8365.465156
56934.000  8365.887281
56935.000  8363.443585
56936.000  8364.725659
56937.000  8365.340441
56938.000  8365.573650
56939.000  8365.676443
56940.000  8365.690769
56941.000  8365.859819
56942.000  8365.692433
56943.000  8365.475320
56944.000  8365.215869
56945.000  8365.120087
56946.000  8363.939864
56947.000  8363.007078
56948.000  8363.067465
56949.000  8362.078119
56950.000  8363.073392
56951.000  8364.673891
56952.000  8364.264006
56953.000  8364.530650
56954.000  8364.270402
57266.000  8362.245650
57267.000  8363.200410
57268.000  8365.507392
57269.000  8364.992477
57270.000  8364.309979
57271.000  8365.718102
57272.000  8365.718126
57273.000  8365.624912
57274.000  8365.759914
57275.000  8365.010331
57276.000  8364.976900
57277.000  8365.368960
57278.000  8364.286917
57279.000  8364.958755
57280.000  8365.282951
57281.000  8365.764876
57282.000  8365.650266
57283.000  8365.809792
57284.000  8365.799510
57285.000  8365.800442
57286.000  8365.522962
57287.000  8365.801947
57288.000  8365.679962
57289.000  8365.581529
57290.000  8365.807494
57291.000  8365.802995
57292.000  8365.586066
57293.000  8365.441349
57294.000  8364.811665
57295.000  8365.789094
57296.000  8365.063939
57297.000  8365.539507
57298.000  8365.797217
57299.000  8365.761565
57300.000  8365.748272
57301.000  8365.793531
57302.000  8365.602402
57303.000  8364.548005
57304.000  8365.397068
57305.000  8365.365098
57306.000  8364.595304
57307.000  8365.707185
57308.000  8363.681865
57309.000  8363.550443
57310.000  8363.745035
57311.000  8365.260390
57312.000  8364.887542
57313.000  8365.430588
57314.000  8364.879413
57315.000  8364.930841
57316.000  8364.768734
57317.000  8365.333939
57318.000  8363.431122
57319.000  8360.350907
57320.000  8360.258248
57321.000  8360.996523
57322.000  8361.233465
57323.000  8363.406158
57324.000  8362.888717
57325.000  8364.488792
57326.000  8365.044454
57327.000  8364.194022
57328.000  8364.662312
57329.000  8365.113003
57330.000  8365.584524
57331.000  8364.730255
57332.000  8365.520731
57333.000  8365.552426
57334.000  8365.552115
57335.000  8365.474366
57336.000  8365.528093
57337.000  8365.542165
57338.000  8365.495340
57339.000  8365.426347
57340.000  8364.224229
57341.000  8365.396395
57342.000  8364.569776
57343.000  8362.622832
57344.000  8362.435047
57345.000  8365.221682
57346.000  8365.402219
57347.000  8365.350971
57348.000  8365.264559
57349.000  8365.267405
57350.000  8365.116227
57351.000  8365.293270
57352.000  8365.091099
57353.000  8365.086466
57354.000  8363.847313
57355.000  8364.312347
57356.000  8364.822888
57357.000  8363.760556
57358.000  8364.776562
57359.000  8364.568455
57360.000  8364.741070
57361.000  8364.515944
57362.000  8363.350391
