54269.000  15411.975919
54270.000  15422.947047
54271.000  15423.827292
54274.000  15423.800305
54276.000  15423.593869
54277.000  15423.334630
54278.000  15424.196092
54279.000  15424.263076
54280.000  15423.559676
54281.000  15423.677456
54282.000  15424.001707
54283.000  15424.033395
54284.000  15424.311344
54285.000  15424.398909
54286.000  15424.444040
54287.000  15424.481085
54288.000  15423.743141
54289.000  15424.509625
54290.000  15424.525386
54291.000  15424.536642
54292.000  15423.465274
54293.000  15424.552562
54294.000  15424.579437
54295.000  15424.539986
54296.000  15422.708071
54297.000  15424.464128
54298.000  15424.621713
54299.000  15424.483782
54300.000  15424.120216
54301.000  15423.632666
54302.000  15424.384921
54303.000  15423.500573
54304.000  15424.661742
54305.000  15424.673924
54306.000  15424.442610
54307.000  15424.617381
54308.000  15424.519594
54309.000  15424.689150
54310.000  15424.615816
54311.000  15424.696807
54312.000  15424.710868
54313.000  15424.705786
54314.000  15424.733016
54315.000  15424.725177
54316.000  15424.210812
54317.000  15424.703461
54318.000  15424.500037
54319.000  15423.654178
54320.000  15424.572803
54321.000  15424.572878
54322.000  15424.083253
54323.000  15423.533492
54324.000  15423.146786
54325.000  15424.623197
54326.000  15424.793420
54327.000  15424.591735
54328.000  15424.556921
54329.000  15424.809803
54330.000  15424.816229
54331.000  15424.144606
54332.000  15424.458778
54333.000  15424.488333
54334.000  15424.347992
54335.000  15424.065933
54336.000  15424.652691
54337.000  15424.290686
54338.000  15423.665087
54339.000  15424.642004
54340.000  15424.855910
54341.000  15424.859938
54342.000  15423.685725
54343.000  15424.655629
54344.000  15424.446668
54345.000  15424.720109
54346.000  15424.756975
54347.000  15424.409564
54348.000  15424.711602
54349.000  15424.886275
54350.000  15424.826757
54351.000  15424.863435
54352.000  15424.891697
54353.000  15424.726973
54354.000  15424.060697
54355.000  15424.857633
54356.000  15424.903834
54357.000  15424.908676
54358.000  15424.877402
54359.000  15424.917646
54360.000  15424.909898
54361.000  15424.882057
54362.000  15424.920079
54363.000  15424.898398
54364.000  15424.915100
54365.000  15424.815138
54366.000  15424.818976
54367.000  15424.868610
54368.000  15424.493139
54369.000  15424.817962
54370.000  15424.737732
54371.000  15424.929289
54372.000  15424.948502
54373.000  15424.937600
54374.000  15424.954032
54375.000  15424.956326
54376.000  15424.821593
54377.000  15423.649133
54378.000  15424.085035
54379.000  15424.430617
54380.000  15424.859105
54381.000  15424.594709
54382.000  15424.948392
54383.000  15424.976752
54384.000  15424.868906
54385.000  15424.962422
54386.000  15424.975783
54387.000  15424.978978
54388.000  15424.982827
54389.000  15424.982844
54390.000  15424.963974
54391.000  15424.960834
54392.000  15424.930797
54393.000  15424.987622
54394.000  15424.986436
54395.000  15424.967678
54396.000  15424.983972
54397.000  15424.991166
54398.000  15424.598004
54399.000  15425.006970
54400.000  15425.004000
54401.000  15424.983354
54402.000  15424.963328
54403.000  15425.001572
54404.000  15424.746151
54405.000  15423.249406
54406.000  15423.092575
54407.000  15423.935231
54408.000  15424.797920
54409.000  15424.822340
54410.000  15424.491889
54411.000  15424.393301
54412.000  15424.933859
54413.000  15424.979493
54414.000  15424.575365
54415.000  15424.993104
54416.000  15424.977014
54417.000  15424.716730
54418.000  15425.021417
54419.000  15425.035300
54420.000  15424.954215
54421.000  15424.908574
54422.000  15424.821290
54423.000  15424.880586
54424.000  15424.979258
54425.000  15424.825933
54426.000  15425.044240
54427.000  15424.878148
54428.000  15425.013740
54429.000  15424.758918
54430.000  15424.933016
54431.000  15422.629172
54432.000  15424.021889
54433.000  15424.406659
54434.000  15424.411527
54435.000  15424.848381
54436.000  15424.984669
54437.000  15424.912450
54438.000  15424.895616
54439.000  15424.212382
54440.000  15423.679231
54441.000  15423.565786
54442.000  15423.873918
54443.000  15423.638702
54444.000  15422.490690
54445.000  15420.456530
54446.000  15420.957854
54447.000  15421.310220
54448.000  15421.985646
54449.000  15424.334501
54450.000  15424.402300
54451.000  15424.017148
54452.000  15424.189055
54453.000  15424.921824
54454.000  15423.800782
54455.000  15423.328753
54456.000  15425.060045
54457.000  15425.080756
54458.000  15424.318866
54459.000  15423.846845
54460.000  15423.617072
54461.000  15424.118043
54462.000  15424.973901
54463.000  15425.012170
54464.000  15424.768485
54465.000  15424.651038
54466.000  15424.801691
54467.000  15424.079972
54468.000  15424.051771
54469.000  15424.459112
54470.000  15423.883304
54471.000  15423.252944
54472.000  15423.686154
54473.000  15424.533271
54474.000  15425.099226
54475.000  15425.089294
54476.000  15424.895698
54477.000  15424.517022
54478.000  15425.075885
54479.000  15424.235305
54480.000  15425.069474
54481.000  15423.847548
54482.000  15423.478996
54483.000  15422.599519
54484.000  15423.109776
54485.000  15424.100234
54486.000  15423.932797
54487.000  15424.533409
54488.000  15424.648597
54489.000  15424.457093
54490.000  15423.960921
54491.000  15424.478103
54492.000  15423.422471
54493.000  15423.603100
54494.000  15424.664625
54495.000  15424.936025
54496.000  15424.847834
54497.000  15424.641749
54498.000  15424.595598
54499.000  15424.635407
54500.000  15424.728023
54501.000  15424.693522
54502.000  15425.128409
54503.000  15425.108354
54504.000  15425.110016
54505.000  15425.108404
54506.000  15425.116078
54507.000  15425.134189
54508.000  15425.132038
54509.000  15424.961041
54510.000  15424.446843
54511.000  15423.346484
54512.000  15425.123138
54513.000  15425.129172
54514.000  15424.251734
54516.000  15424.338120
54517.000  15423.878213
54518.000  15423.797390
54519.000  15425.142940
54520.000  15425.125953
54521.000  15425.080327
54522.000  15424.918690
54523.000  15425.118504
54524.000  15425.076962
54525.000  15425.104598
54526.000  15424.803052
54527.000  15424.776066
54528.000  15424.362150
54529.000  15424.656546
54530.000  15425.126561
54531.000  15425.109060
54532.000  15425.080564
54533.000  15425.034855
54534.000  15424.850074
54535.000  15424.882918
54536.000  15424.790377
54537.000  15424.639304
54538.000  15424.796076
54539.000  15424.568730
54540.000  15424.554402
54541.000  15424.392796
54542.000  15423.916672
54543.000  15425.159743
54544.000  15425.144487
54545.000  15425.158027
54546.000  15425.164596
54547.000  15425.168512
54548.000  15425.117391
54549.000  15425.167294
54550.000  15425.151276
54551.000  15425.150727
54552.000  15425.148176
54553.000  15425.166945
54554.000  15425.146931
54555.000  15425.154357
54556.000  15424.521984
54557.000  15424.444341
54558.000  15425.177170
54559.000  15425.162066
54560.000  15425.172541
54561.000  15424.824447
54562.000  15424.780639
54564.000  15425.118153
54565.000  15425.145359
54566.000  15425.160481
54567.000  15425.136316
54568.000  15425.152408
54569.000  15425.169396
54570.000  15425.138841
54571.000  15425.176488
54572.000  15425.174515
54573.000  15425.166846
54574.000  15425.181276
54575.000  15425.183211
54576.000  15425.189872
54577.000  15425.187557
54578.000  15425.170736
54579.000  15425.048270
54580.000  15425.151165
54581.000  15425.191434
54582.000  15425.061443
54583.000  15424.591576
54584.000  15425.194821
54585.000  15425.188783
54586.000  15425.191408
54587.000  15424.965335
54588.000  15423.815731
54589.000  15424.854237
54590.000  15425.154424
54591.000  15425.104957
54592.000  15425.121106
54593.000  15425.189658
54594.000  15425.197601
54595.000  15424.717487
54596.000  15425.012411
54597.000  15425.191962
54598.000  15425.193455
54599.000  15425.174279
54600.000  15424.989633
54601.000  15425.183089
54602.000  15425.202888
54603.000  15425.193048
54604.000  15425.203292
54605.000  15424.987574
54606.000  15425.205839
54607.000  15425.192254
54608.000  15424.907636
54609.000  15425.179180
54610.000  15425.199577
54611.000  15425.158816
54612.000  15425.171717
54613.000  15425.154495
54614.000  15425.142297
54615.000  15425.034770
54616.000  15425.180607
54617.000  15425.205951
54618.000  15425.181746
54619.000  15425.203996
54620.000  15424.559715
54621.000  15424.585177
54622.000  15424.497785
54623.000  15424.791368
54624.000  15425.185394
54625.000  15425.210974
54626.000  15425.209543
54627.000  15425.198419
54628.000  15425.199095
54629.000  15425.192741
54630.000  15424.899107
54631.000  15425.199866
54632.000  15425.074784
54633.000  15424.891100
54634.000  15424.871931
54635.000  15425.143986
54636.000  15425.201535
54637.000  15425.194083
54638.000  15425.200687
54639.000  15424.330161
54640.000  15423.981727
54641.000  15423.387697
54642.000  15424.088644
54643.000  15424.847595
54648.000  15423.739568
54649.000  15422.953980
54650.000  15423.775250
54651.000  15422.859553
54652.000  15424.054899
54653.000  15424.220260
54654.000  15422.206052
54655.000  15424.057173
54656.000  15424.557929
54657.000  15423.957553
54658.000  15423.318761
54659.000  15424.286175
54660.000  15423.908775
54661.000  15422.667721
54662.000  15422.453894
54663.000  15423.393853
54664.000  15423.719183
54665.000  15422.030582
54666.000  15423.464642
54667.000  15423.738809
54668.000  15423.539670
54669.000  15422.231075
54670.000  15422.648291
54672.000  15421.711425
54673.000  15423.023228
54674.000  15421.134324
54675.000  15419.480248
54676.000  15422.316686
54677.000  15423.008745
54678.000  15423.287963
54679.000  15421.316523
54680.000  15420.949201
54681.000  15423.410800
54682.000  15421.653803
54683.000  15420.556923
54684.000  15419.824439
54685.000  15421.721175
54686.000  15421.590435
54687.000  15421.008068
54688.000  15422.935062
54689.000  15422.668004
54690.000  15422.226136
54691.000  15423.464008
54692.000  15423.955005
54693.000  15422.637542
54694.000  15423.382175
54695.000  15422.318013
54696.000  15421.314485
54697.000  15421.893101
54698.000  15421.853111
54699.000  15422.683085
54700.000  15422.778852
54701.000  15423.055383
54702.000  15421.082370
54703.000  15421.969470
54704.000  15422.741761
54705.000  15422.569263
54706.000  15423.213971
54707.000  15423.412047
54708.000  15423.736338
54709.000  15423.804522
54710.000  15423.167545
54711.000  15422.222480
54712.000  15423.264566
54713.000  15424.013116
54714.000  15423.347795
54715.000  15423.554145
54716.000  15422.113958
54717.000  15424.071165
54718.000  15424.974804
54719.000  15424.569477
54720.000  15424.365376
54721.000  15422.702194
54722.000  15423.598528
54723.000  15424.121436
54724.000  15424.982093
54725.000  15424.147056
54726.000  15424.359275
54727.000  15424.310893
54728.000  15424.310694
54729.000  15425.004140
54730.000  15425.185322
54731.000  15424.905873
54732.000  15424.554078
54733.000  15424.369306
54734.000  15424.154733
54735.000  15424.210893
54736.000  15423.925374
54737.000  15424.277707
54738.000  15423.604693
54739.000  15423.413163
54740.000  15424.207757
54741.000  15422.663128
54742.000  15422.379698
54743.000  15422.336030
54744.000  15422.936504
54745.000  15424.356721
54746.000  15423.286457
54747.000  15422.461598
54748.000  15424.121351
54749.000  15423.833501
54750.000  15422.203657
54751.000  15424.289927
54752.000  15424.828273
54753.000  15424.361063
54754.000  15424.786394
54755.000  15424.968901
54756.000  15424.664732
54757.000  15424.570340
54758.000  15423.971830
54759.000  15424.399913
54760.000  15424.999045
54761.000  15424.938075
54762.000  15425.087007
54763.000  15424.475963
54764.000  15424.236678
54765.000  15424.935467
54766.000  15424.433487
54767.000  15424.061067
54768.000  15423.265647
54769.000  15423.180266
54770.000  15422.470074
54771.000  15423.862093
54772.000  15424.235358
54773.000  15424.800020
54774.000  15424.742928
54775.000  15424.632991
54776.000  15424.859516
54777.000  15425.016077
54778.000  15423.390466
54779.000  15424.166740
54780.000  15424.224167
54781.000  15424.621182
54782.000  15424.654158
54783.000  15424.473039
54784.000  15425.069633
54785.000  15423.634012
54786.000  15424.325951
54787.000  15424.487513
54788.000  15424.573961
54789.000  15424.474159
54790.000  15424.201431
54791.000  15423.136382
54793.000  15421.284225
54794.000  15423.794686
54795.000  15422.970699
54796.000  15424.431377
54797.000  15423.181882
54798.000  15423.714326
54799.000  15423.948333
54800.000  15424.584031
54801.000  15424.607677
54802.000  15424.845860
54803.000  15424.695867
54804.000  15424.768583
54805.000  15425.040390
54806.000  15425.119485
54807.000  15425.181746
54808.000  15425.152086
54809.000  15424.926390
54810.000  15424.702084
54811.000  15424.767045
54812.000  15424.590869
54813.000  15424.598758
54814.000  15424.937177
54815.000  15425.132498
54816.000  15424.677631
54817.000  15424.660515
54818.000  15424.836062
54819.000  15424.684498
54820.000  15422.971011
54821.000  15425.107073
54822.000  15425.134925
54823.000  15424.809529
54826.000  15423.777258
54827.000  15424.125408
54828.000  15424.054930
54829.000  15423.848510
54830.000  15424.617250
54831.000  15424.737160
54832.000  15424.337589
54833.000  15423.343362
54834.000  15420.721255
54837.000  15424.305596
54838.000  15425.141124
54839.000  15424.884323
54841.000  15424.708356
54842.000  15422.693941
54843.000  15423.776183
54844.000  15423.792815
54845.000  15423.255876
54846.000  15423.633438
54847.000  15424.850491
54848.000  15424.254510
54849.000  15424.996693
54850.000  15424.265438
54851.000  15424.638513
54852.000  15424.491849
54853.000  15424.828281
54854.000  15424.860783
54855.000  15425.142897
54856.000  15424.714735
54857.000  15425.026778
54858.000  15424.377066
54859.000  15424.678495
54860.000  15424.779352
54861.000  15424.533074
54862.000  15423.755460
54863.000  15423.846586
54864.000  15423.935169
54865.000  15423.401227
54866.000  15423.424228
54867.000  15422.878201
54868.000  15422.812478
54869.000  15424.473148
54870.000  15423.892346
54871.000  15424.392145
54872.000  15423.955389
54873.000  15423.928139
54875.000  15422.140692
54876.000  15425.086143
54877.000  15424.890563
54878.000  15425.072778
54879.000  15424.047563
54898.000  15421.412226
54899.000  15420.128879
54900.000  15420.477432
54901.000  15418.925439
54902.000  15421.314313
54903.000  15423.880876
54904.000  15424.599189
54905.000  15423.919742
54906.000  15423.180964
54907.000  15421.683493
54908.000  15422.205614
54909.000  15420.725574
54910.000  15421.867689
54911.000  15422.826961
54912.000  15420.997596
54913.000  15420.148022
54914.000  15418.717632
54915.000  15421.528792
54916.000  15420.534483
54917.000  15420.571329
54918.000  15420.963901
54919.000  15420.819028
54920.000  15421.880979
54921.000  15423.023021
54922.000  15422.728236
54923.000  15421.179267
54924.000  15420.704376
54925.000  15421.162624
54926.000  15422.608681
54927.000  15419.070260
54928.000  15422.975470
54929.000  15421.063526
54930.000  15421.091457
54931.000  15420.969376
54932.000  15419.706559
54933.000  15422.087153
54934.000  15421.329557
54935.000  15421.556452
54936.000  15421.282829
54937.000  15423.623646
54938.000  15421.833629
54939.000  15422.838510
54940.000  15421.215044
54941.000  15421.357128
54942.000  15421.678826
54943.000  15420.909222
54944.000  15416.479306
54945.000  15418.810318
54946.000  15417.830574
54947.000  15418.076432
54948.000  15421.518224
54949.000  15422.562536
54950.000  15422.323472
54951.000  15421.545752
54952.000  15422.260994
54953.000  15422.907176
54954.000  15422.520133
54955.000  15422.580044
54956.000  15422.880179
54957.000  15423.139094
54958.000  15422.216334
54959.000  15421.658039
54960.000  15420.417571
54961.000  15422.320289
54962.000  15423.305397
54963.000  15422.964182
54964.000  15423.520916
54965.000  15422.400179
54966.000  15424.022605
54967.000  15422.698351
54968.000  15422.494330
54969.000  15422.617651
54970.000  15424.387643
54971.000  15423.534755
54972.000  15424.180670
54973.000  15425.098499
54974.000  15424.517938
54975.000  15422.355992
54976.000  15424.660387
54977.000  15424.356964
54978.000  15424.505890
54979.000  15424.369245
54980.000  15424.002305
54981.000  15424.905306
54982.000  15423.799223
54983.000  15421.547718
54984.000  15424.746504
54985.000  15425.022849
54986.000  15423.745519
54987.000  15424.262859
54988.000  15423.714006
54989.000  15424.324813
54990.000  15423.898875
54991.000  15424.010809
54992.000  15423.535811
54993.000  15424.373211
54994.000  15424.014429
54995.000  15423.976456
54996.000  15424.945112
54997.000  15423.936793
54998.000  15423.815121
54999.000  15424.629441
55000.000  15424.236555
55001.000  15424.058824
55002.000  15422.712372
55003.000  15423.023664
55004.000  15423.916571
55005.000  15424.454277
55006.000  15423.715001
55007.000  15424.760395
55008.000  15425.046360
55009.000  15424.970278
55010.000  15424.282199
55011.000  15424.290746
55012.000  15423.227298
55013.000  15425.069178
55014.000  15425.068740
55015.000  15424.822330
55016.000  15424.996288
55017.000  15425.028357
55018.000  15425.067338
55019.000  15424.572904
55020.000  15423.743136
55021.000  15424.673492
55022.000  15424.997263
55023.000  15425.023710
55024.000  15425.051255
55025.000  15425.033658
55026.000  15425.032467
55027.000  15425.000292
55029.000  15423.796867
55030.000  15423.506697
55031.000  15423.962767
55032.000  15424.926474
55033.000  15425.060271
55034.000  15424.771950
55035.000  15425.027504
55036.000  15424.975100
55037.000  15425.038177
55038.000  15424.944894
55039.000  15424.753699
55040.000  15425.028949
55041.000  15425.026484
55042.000  15424.636727
55043.000  15424.602091
55044.000  15423.966487
55045.000  15424.398886
55046.000  15425.000788
55047.000  15425.074933
55048.000  15425.076231
55049.000  15425.058378
55050.000  15425.057985
55051.000  15425.001784
55052.000  15425.009079
55053.000  15424.962484
55054.000  15425.006253
55055.000  15424.929447
55056.000  15424.866227
55057.000  15424.972246
55058.000  15425.062909
55059.000  15424.902363
55060.000  15425.043584
55061.000  15425.001211
55062.000  15424.862871
55063.000  15424.922586
55064.000  15425.038312
55065.000  15424.993779
55066.000  15425.018271
55067.000  15425.048044
55068.000  15424.946031
55069.000  15424.983571
55070.000  15425.037675
55071.000  15424.999809
55072.000  15424.936060
55073.000  15424.975821
55074.000  15424.573436
55075.000  15424.943090
55076.000  15424.050755
55077.000  15425.030639
55078.000  15424.959084
55079.000  15424.802705
55080.000  15424.504206
55081.000  15425.015619
55082.000  15424.950276
55083.000  15424.239019
55084.000  15424.526416
55085.000  15424.044519
55086.000  15424.507958
55087.000  15424.424751
55088.000  15424.305099
55089.000  15423.738955
55090.000  15424.617213
55091.000  15424.992625
55092.000  15424.729093
55093.000  15424.932735
55094.000  15424.887752
55095.000  15424.993389
55096.000  15424.539608
55097.000  15423.213914
55098.000  15424.895464
55099.000  15424.499803
55100.000  15424.769186
55101.000  15424.931881
55102.000  15424.973494
55103.000  15424.973928
55104.000  15424.938850
55105.000  15424.930470
55106.000  15424.953907
55107.000  15424.699109
55108.000  15424.421868
55109.000  15424.944562
55110.000  15424.950800
55111.000  15424.779335
55112.000  15424.904768
55113.000  15424.890689
55114.000  15424.847665
55115.000  15424.618926
55116.000  15424.941139
55117.000  15424.590564
55118.000  15424.697595
55119.000  15424.613072
55120.000  15424.688008
55121.000  15424.911531
55122.000  15424.849907
55123.000  15424.849482
55124.000  15424.913615
55125.000  15424.753841
55126.000  15424.743054
55127.000  15424.877008
55128.000  15424.892957
55129.000  15424.785609
55130.000  15424.778321
55131.000  15424.872936
55132.000  15424.806731
55133.000  15424.481896
55134.000  15424.560981
55135.000  15424.248291
55136.000  15424.590624
55137.000  15424.497579
55138.000  15424.545528
55139.000  15424.338692
55140.000  15424.656080
55141.000  15424.547000
55142.000  15424.709756
55143.000  15424.721986
55144.000  15424.805508
55145.000  15424.815012
55146.000  15424.758708
55147.000  15424.789761
55148.000  15424.793056
55149.000  15424.785307
55150.000  15424.331342
55151.000  15424.775255
55152.000  15424.305852
55153.000  15424.747504
55154.000  15423.944779
55155.000  15423.701225
55156.000  15422.713275
55157.000  15424.372459
55158.000  15424.672315
55159.000  15424.616496
55160.000  15424.507567
55161.000  15424.411469
55162.000  15424.141914
55163.000  15424.504199
55164.000  15424.627601
55165.000  15424.357038
55166.000  15423.845918
55167.000  15423.736154
55168.000  15422.914629
55169.000  15422.615163
55170.000  15424.001101
55171.000  15424.247642
55172.000  15423.933493
55173.000  15424.378518
55174.000  15424.083519
55175.000  15423.250506
55177.000  15409.173314
55178.000  15418.295770
55180.000  15422.930763
55187.000  15413.654265
55188.000  15417.090638
55189.000  15416.212931
55190.000  15418.317887
55191.000  15417.813822
55192.000  15417.643157
55193.000  15421.509572
55194.000  15420.901996
55195.000  15424.130560
55196.000  15424.416399
55197.000  15424.598179
55198.000  15424.550273
55199.000  15424.642704
55200.000  15424.381513
55201.000  15424.216444
55202.000  15424.166694
55203.000  15424.124662
55204.000  15423.641609
55205.000  15422.113787
55206.000  15424.387812
55207.000  15423.974665
55208.000  15423.959420
55209.000  15423.556433
55210.000  15423.133437
55211.000  15421.245169
55212.000  15420.561350
55213.000  15417.787725
55214.000  15423.647114
55215.000  15423.512080
55217.000  15423.496257
55218.000  15422.952343
55219.000  15423.693095
55220.000  15422.649596
55221.000  15423.429800
55222.000  15422.849125
55223.000  15423.358797
55224.000  15424.297948
55225.000  15422.360476
55226.000  15424.692640
55227.000  15424.646709
55228.000  15424.596957
55229.000  15424.569580
55230.000  15424.552102
55231.000  15423.341349
55261.000  15423.991215
55264.000  15424.044008
55265.000  15424.781115
55266.000  15424.797768
55267.000  15424.439124
55269.000  15424.768734
55271.000  15424.823773
55272.000  15424.865396
55273.000  15424.880780
55274.000  15424.828850
55275.000  15424.918146
55276.000  15424.907885
55277.000  15424.926270
55278.000  15424.934853
55279.000  15424.866069
55280.000  15424.875584
55281.000  15424.877653
55282.000  15424.867358
55283.000  15424.792462
55284.000  15424.550402
55285.000  15424.962750
55286.000  15424.965561
55287.000  15424.903968
55288.000  15424.904413
55289.000  15424.915258
55290.000  15424.908546
55291.000  15424.829357
55292.000  15424.897397
55293.000  15424.952578
55294.000  15424.925492
55295.000  15424.973348
55296.000  15424.930159
55297.000  15424.933740
55298.000  15424.806564
55299.000  15424.995469
55300.000  15424.523157
55301.000  15424.866516
55302.000  15424.914512
55303.000  15425.005354
55304.000  15424.968931
55305.000  15424.539637
55306.000  15423.997656
55307.000  15424.945525
55308.000  15424.988486
55309.000  15424.990102
55310.000  15424.827958
55311.000  15425.002680
55312.000  15425.012366
55313.000  15424.622839
55314.000  15424.615964
55315.000  15424.995599
55316.000  15424.744020
55317.000  15424.564258
55318.000  15424.543535
55319.000  15425.026450
55320.000  15424.876635
55321.000  15424.936856
55322.000  15424.840806
55323.000  15425.024695
55324.000  15425.038124
55325.000  15424.989801
55326.000  15424.673919
55327.000  15424.991108
55328.000  15424.986227
55329.000  15424.995275
55330.000  15425.043328
55331.000  15424.998793
55332.000  15424.899400
55333.000  15424.968692
55334.000  15425.050014
55335.000  15425.034781
55336.000  15425.048830
55337.000  15424.999341
55338.000  15425.022887
55339.000  15425.014145
55340.000  15424.980691
55341.000  15425.005054
55342.000  15424.645289
55343.000  15425.037983
55344.000  15425.031287
55345.000  15425.058987
55346.000  15425.019983
55347.000  15424.925515
55348.000  15424.944625
55349.000  15424.906867
55350.000  15424.980647
55351.000  15425.018084
55352.000  15425.060542
55353.000  15424.998411
55354.000  15425.067422
55355.000  15425.039140
55356.000  15425.045863
55357.000  15425.073946
55358.000  15425.020451
55359.000  15424.974682
55360.000  15424.993057
55361.000  15425.033329
55362.000  15425.038273
55363.000  15425.033353
55364.000  15425.037040
55365.000  15425.041672
55366.000  15425.014577
55367.000  15425.030041
55368.000  15424.986380
55369.000  15425.044012
55370.000  15424.720074
55371.000  15425.053686
55372.000  15424.991053
55373.000  15424.979367
55374.000  15425.052416
55375.000  15425.039579
55376.000  15425.052484
55377.000  15424.996563
55378.000  15424.910226
55379.000  15425.018776
55380.000  15425.033878
55381.000  15425.001392
55382.000  15424.730238
55383.000  15424.927917
55384.000  15425.057553
55385.000  15424.864855
55386.000  15425.047208
55387.000  15425.036359
55388.000  15425.062426
55389.000  15423.900398
55390.000  15424.489999
55391.000  15425.076650
55392.000  15425.019939
55393.000  15425.064622
55394.000  15425.061216
55395.000  15425.024197
55396.000  15425.094137
55397.000  15424.636681
55398.000  15425.002346
55399.000  15424.116157
55400.000  15424.922499
55401.000  15425.054543
55402.000  15424.790140
55403.000  15425.062167
55404.000  15425.034983
55405.000  15425.064231
55406.000  15425.041269
55409.000  15424.963798
55410.000  15425.067111
55411.000  15424.956811
55412.000  15425.104412
55413.000  15425.012519
55414.000  15424.630740
55415.000  15424.510838
55416.000  15424.675887
55417.000  15423.627314
55418.000  15424.657649
55419.000  15424.551965
55420.000  15424.535663
55421.000  15424.974823
55422.000  15425.048620
55423.000  15424.312422
55424.000  15425.073767
55425.000  15424.339003
55426.000  15425.113481
55427.000  15424.930337
55428.000  15424.663206
55429.000  15423.436518
55430.000  15422.324904
55431.000  15423.613980
55432.000  15421.761712
55433.000  15422.828555
55434.000  15424.186703
55435.000  15425.063993
55436.000  15424.945080
55437.000  15424.598229
55438.000  15423.585506
55439.000  15423.615919
55440.000  15424.155540
55441.000  15424.603624
55442.000  15424.928827
55443.000  15424.330554
55444.000  15424.695900
55445.000  15424.572333
55446.000  15423.616383
55447.000  15423.890001
55448.000  15424.916036
55449.000  15424.359417
55450.000  15424.693656
55451.000  15423.872628
55452.000  15425.124949
55453.000  15425.051719
55454.000  15424.830750
55455.000  15424.907175
55456.000  15425.112689
55457.000  15424.292962
55458.000  15425.059744
55459.000  15424.653594
55460.000  15424.805902
55461.000  15425.057749
55462.000  15424.764868
55463.000  15424.927849
55464.000  15424.950837
55465.000  15424.501292
55466.000  15424.610084
55467.000  15424.407784
55468.000  15424.903376
55469.000  15425.126031
55470.000  15425.128281
55471.000  15425.115297
55472.000  15425.097162
55473.000  15425.113059
55474.000  15424.802377
55475.000  15424.740765
55476.000  15424.940813
55477.000  15425.064056
55478.000  15424.579897
55479.000  15424.737475
55480.000  15425.100008
55481.000  15425.124481
55482.000  15425.108051
55483.000  15425.083056
55484.000  15425.100935
55485.000  15425.094039
55486.000  15425.049789
55487.000  15425.095647
55488.000  15425.093978
55489.000  15425.091530
55490.000  15425.109285
55491.000  15425.106370
55492.000  15425.099304
55493.000  15425.126846
55494.000  15425.126050
55495.000  15425.126147
55496.000  15425.070637
55497.000  15425.113621
55498.000  15425.111998
55499.000  15425.125049
55500.000  15425.118895
55501.000  15425.118130
55502.000  15424.814785
55503.000  15424.840520
55504.000  15425.052825
55505.000  15424.967312
55506.000  15425.026099
55507.000  15425.120930
55508.000  15424.496242
55509.000  15424.468695
55510.000  15423.736911
55511.000  15422.908054
55512.000  15423.634738
55513.000  15423.564692
55514.000  15424.535942
55515.000  15423.433665
55516.000  15423.718923
55517.000  15423.469788
55518.000  15422.494816
55519.000  15423.119717
55520.000  15422.863615
55521.000  15422.784032
55522.000  15423.780355
55523.000  15422.557167
55524.000  15422.898387
55525.000  15424.163477
55526.000  15423.811535
55527.000  15424.470060
55528.000  15424.548203
55529.000  15423.861496
55530.000  15424.590944
55531.000  15424.149053
55532.000  15424.913696
55533.000  15423.521050
55534.000  15424.235023
55535.000  15423.938284
55536.000  15423.867582
55537.000  15422.913200
55538.000  15422.215906
55539.000  15421.588843
55540.000  15422.438239
55541.000  15423.678488
55542.000  15424.288842
55543.000  15424.419920
55544.000  15423.715031
55545.000  15423.930382
55546.000  15424.142407
55547.000  15424.155690
55548.000  15423.710640
55549.000  15424.835570
55550.000  15424.949433
55551.000  15424.468959
55552.000  15424.843218
55553.000  15424.300605
55554.000  15424.195605
55555.000  15424.237339
55556.000  15424.871927
55557.000  15424.388419
55558.000  15424.322171
55559.000  15423.741374
55560.000  15423.751601
55561.000  15424.459132
55562.000  15424.347917
55563.000  15424.435054
55564.000  15424.080448
55565.000  15423.704177
55566.000  15423.953466
55567.000  15424.887810
55568.000  15425.029563
55569.000  15422.072903
55570.000  15419.708548
55571.000  15420.717791
55572.000  15423.309204
55573.000  15421.184544
55574.000  15422.752431
55575.000  15423.733654
55576.000  15424.891050
55577.000  15424.537386
55578.000  15424.813738
55580.000  15424.780979
55581.000  15425.037908
55582.000  15425.080181
55583.000  15425.062707
55584.000  15425.100565
55585.000  15425.062340
55586.000  15425.109361
55587.000  15424.958258
55588.000  15425.089530
55589.000  15425.063371
55590.000  15425.092826
55591.000  15425.111353
55592.000  15425.036275
55593.000  15425.094814
55594.000  15425.098084
55595.000  15425.115487
55596.000  15425.095072
55597.000  15424.070636
55598.000  15424.248904
55599.000  15425.038979
55600.000  15424.497671
55601.000  15424.489997
55602.000  15424.656892
55603.000  15424.025124
55604.000  15423.096265
55605.000  15422.755492
55606.000  15422.736496
55607.000  15422.551057
55608.000  15423.133906
55609.000  15422.169814
55610.000  15422.651456
55611.000  15423.797520
55612.000  15423.442665
55613.000  15424.271937
55614.000  15424.282562
55615.000  15424.183525
55616.000  15424.893622
55617.000  15425.012336
55618.000  15425.107977
55619.000  15425.077725
55620.000  15425.102138
55621.000  15424.652130
55622.000  15424.424774
55623.000  15424.729389
55624.000  15425.022023
55625.000  15425.102304
55626.000  15425.049388
55627.000  15425.113164
55628.000  15425.103464
55629.000  15425.106231
55630.000  15425.119825
55631.000  15425.120308
55632.000  15425.101227
55633.000  15425.114149
55634.000  15425.101805
55635.000  15424.963683
55636.000  15424.701252
55637.000  15423.732923
55638.000  15424.638661
55639.000  15424.487235
55640.000  15424.681881
55641.000  15424.700222
55642.000  15424.931611
55643.000  15424.738801
55644.000  15424.717866
55645.000  15425.042652
55646.000  15425.117453
55647.000  15425.071199
55648.000  15424.624471
55649.000  15424.498291
55650.000  15424.976850
55651.000  15425.092684
55652.000  15424.940225
55653.000  15425.115899
55654.000  15425.107974
55655.000  15424.899630
55656.000  15424.855342
55657.000  15424.168144
55658.000  15424.939818
55659.000  15424.067538
55660.000  15424.163213
55661.000  15424.785165
55662.000  15423.696127
55663.000  15424.937290
55664.000  15424.986249
55665.000  15424.795625
55666.000  15424.436016
55667.000  15424.601793
55668.000  15425.054241
55669.000  15425.002723
55670.000  15425.102648
55671.000  15425.041084
55672.000  15424.872436
55673.000  15425.062347
55674.000  15425.015705
55675.000  15424.909329
55676.000  15424.890121
55677.000  15424.468837
55678.000  15424.369614
55679.000  15424.608956
55680.000  15425.072313
55681.000  15424.732472
55682.000  15424.706537
55683.000  15424.945531
55684.000  15425.005133
55685.000  15424.996597
55686.000  15425.110715
55687.000  15424.822834
55688.000  15424.311706
55689.000  15425.105062
55690.000  15425.019745
55691.000  15424.917440
55692.000  15425.114582
55693.000  15425.105517
55694.000  15425.115508
55695.000  15425.036230
55696.000  15425.042910
55697.000  15425.115990
55698.000  15425.052872
55699.000  15425.082474
55700.000  15425.029725
55701.000  15424.979183
55702.000  15424.972090
55703.000  15424.759887
55704.000  15424.811698
55705.000  15425.098099
55706.000  15425.085156
55707.000  15425.097891
55708.000  15425.083833
55713.000  15424.745757
55714.000  15424.813454
55715.000  15424.804397
55716.000  15423.490865
55717.000  15424.744090
55718.000  15425.107586
55719.000  15424.631697
55720.000  15424.051551
55721.000  15425.114307
55722.000  15425.107734
55723.000  15425.085623
55724.000  15425.035024
55725.000  15425.091609
55726.000  15425.110417
55727.000  15425.017289
55728.000  15425.117702
55729.000  15425.119302
55730.000  15425.027588
55731.000  15425.119727
55732.000  15425.103901
55733.000  15425.121391
55734.000  15425.115116
55735.000  15425.069490
55736.000  15425.074196
55737.000  15425.078380
55738.000  15425.115645
55739.000  15425.111783
55740.000  15425.123146
55741.000  15425.109663
55742.000  15425.058915
55743.000  15424.948135
55744.000  15424.553628
55745.000  15425.125105
55746.000  15425.098540
55747.000  15425.127233
55748.000  15425.098372
55749.000  15425.097057
55750.000  15424.967208
55751.000  15425.107632
55752.000  15425.102158
55753.000  15425.101942
55754.000  15425.115869
55755.000  15425.107908
55756.000  15425.120468
55757.000  15424.863814
55758.000  15424.843755
55759.000  15424.841287
55760.000  15425.109842
55761.000  15425.120983
55762.000  15425.124200
55763.000  15425.120838
55764.000  15425.124653
55765.000  15425.020309
55766.000  15425.086984
55767.000  15425.027999
55768.000  15425.102905
55769.000  15424.404734
55770.000  15424.831123
55771.000  15425.009807
55772.000  15425.112375
55773.000  15425.087111
55774.000  15425.117882
55775.000  15425.109846
55776.000  15425.114879
55777.000  15425.126866
55778.000  15424.972038
55779.000  15425.028418
55780.000  15425.109008
55781.000  15425.102559
55782.000  15425.104777
55783.000  15425.127700
55784.000  15425.115164
55785.000  15425.120889
55786.000  15425.126173
55787.000  15425.119464
55788.000  15425.104874
55789.000  15424.912445
55790.000  15425.007973
55791.000  15425.132559
55792.000  15424.721766
55793.000  15425.119591
55794.000  15425.135199
55795.000  15425.100916
55796.000  15425.128401
55797.000  15425.040008
55798.000  15425.125417
55799.000  15424.623761
55800.000  15424.461813
55801.000  15425.135257
55802.000  15425.022909
55803.000  15425.101468
55804.000  15425.127395
55805.000  15424.999186
55806.000  15425.126367
55807.000  15425.113840
55808.000  15425.123053
55809.000  15425.134389
55810.000  15425.093583
55811.000  15425.123984
55812.000  15425.040310
55813.000  15425.071689
55814.000  15425.125988
55815.000  15425.122582
55816.000  15425.129055
55817.000  15424.837479
55818.000  15423.991822
55819.000  15424.444370
55820.000  15425.021825
55821.000  15425.121633
55822.000  15425.120251
55823.000  15424.983166
55824.000  15424.731727
55825.000  15424.781565
55826.000  15424.856826
55827.000  15425.126747
55828.000  15424.279042
55829.000  15424.201260
55830.000  15424.560754
55831.000  15424.556141
55832.000  15424.696597
55833.000  15423.893681
55834.000  15424.816269
55835.000  15424.901833
55836.000  15424.649073
55837.000  15425.065276
55838.000  15424.769874
55839.000  15422.795458
55840.000  15424.009201
55841.000  15423.825681
55842.000  15421.781555
55843.000  15422.299162
55844.000  15423.611979
55845.000  15423.551810
55846.000  15423.713422
55847.000  15424.119348
55848.000  15423.480458
55849.000  15424.153701
55850.000  15424.170975
55851.000  15424.545010
55852.000  15423.144277
55853.000  15424.093819
55854.000  15423.311310
55855.000  15422.090762
55856.000  15422.046059
55857.000  15422.531320
55858.000  15423.610140
55859.000  15424.069121
55860.000  15422.832092
55861.000  15422.819609
55862.000  15422.926085
55863.000  15423.648086
55864.000  15424.406254
55865.000  15422.663482
55866.000  15424.602733
55868.000  15419.020620
55869.000  15423.459807
55870.000  15423.375822
55871.000  15424.569905
55872.000  15424.026662
55873.000  15423.858435
55874.000  15424.354746
55875.000  15423.929788
55876.000  15423.663032
55877.000  15424.342034
55878.000  15424.376398
55879.000  15423.996397
55880.000  15422.997230
55881.000  15423.210192
55882.000  15425.070339
55884.000  15424.966290
55885.000  15419.502810
55886.000  15421.953144
55887.000  15423.157217
55888.000  15423.603509
55889.000  15424.845390
55890.000  15424.089277
55891.000  15424.054900
55892.000  15423.858304
55893.000  15424.187517
55894.000  15424.869510
55895.000  15424.895899
55896.000  15424.280775
55897.000  15424.963244
55898.000  15424.473583
55899.000  15424.257976
55900.000  15424.187773
55901.000  15424.313624
55902.000  15424.884675
55903.000  15424.734098
55904.000  15424.898442
55905.000  15424.871403
55906.000  15424.964130
55907.000  15424.441858
55908.000  15424.879570
55909.000  15424.740784
55910.000  15425.081050
55911.000  15425.014917
55915.000  15424.264249
55916.000  15424.985237
55917.000  15424.863060
55918.000  15424.784635
55919.000  15425.011708
55920.000  15425.050727
55921.000  15424.818688
55922.000  15423.569415
55923.000  15424.857586
55924.000  15424.982171
55925.000  15424.979392
55926.000  15424.823686
55927.000  15425.081595
55928.000  15425.030779
55929.000  15424.581414
55930.000  15424.773572
55931.000  15424.917823
55932.000  15424.976894
55933.000  15424.777900
55934.000  15424.069107
55935.000  15424.026392
55936.000  15423.799775
55937.000  15423.237446
55938.000  15423.545458
55939.000  15422.738864
55940.000  15420.413539
55941.000  15414.597174
55948.000  15419.520870
55951.000  15422.790685
55957.000  15421.947133
55958.000  15422.103235
55959.000  15423.254759
55960.000  15424.487927
55961.000  15424.113351
55962.000  15424.871166
55963.000  15424.835834
55964.000  15424.861964
55965.000  15425.033855
55966.000  15425.069081
55967.000  15425.031123
55968.000  15424.396128
55969.000  15423.776711
55972.000  15424.140480
55973.000  15424.965981
55974.000  15425.063186
55975.000  15424.882789
55977.000  15424.944570
55978.000  15425.033929
55979.000  15424.963800
55980.000  15425.089876
55981.000  15424.867818
55982.000  15424.525476
55983.000  15422.227445
55985.000  15421.659997
55988.000  15423.178721
55989.000  15422.075807
55990.000  15424.603672
55991.000  15425.056967
55992.000  15424.741123
55994.000  15424.653127
55995.000  15425.057471
55996.000  15424.825720
55997.000  15424.549339
55998.000  15423.951855
55999.000  15423.406007
56000.000  15422.342749
56001.000  15422.919487
56002.000  15424.651090
56009.000  15423.013563
56010.000  15421.657854
56011.000  15422.204805
56012.000  15424.615925
56013.000  15423.959055
56014.000  15422.959580
56015.000  15423.026703
56016.000  15424.770405
56017.000  15424.671529
56018.000  15424.569426
56019.000  15424.805724
56020.000  15424.940980
56021.000  15425.080282
56022.000  15425.085253
56023.000  15425.081995
56024.000  15425.081790
56025.000  15425.108039
56026.000  15425.064022
56027.000  15425.085217
56028.000  15425.061923
56029.000  15425.075053
56030.000  15425.079067
56031.000  15425.108401
56032.000  15425.089018
56033.000  15425.105608
56034.000  15425.045422
56035.000  15425.110225
56036.000  15425.041209
56037.000  15425.105910
56038.000  15425.111487
56039.000  15425.107861
56040.000  15424.934233
56041.000  15424.880017
56042.000  15425.079585
56043.000  15424.410664
56044.000  15424.769834
56045.000  15424.625339
56046.000  15423.863002
56047.000  15425.023967
56048.000  15424.904918
56049.000  15424.178701
56050.000  15425.111827
56051.000  15425.107020
56052.000  15425.105893
56053.000  15425.101380
56054.000  15425.101482
56055.000  15425.109427
56056.000  15425.112863
56057.000  15425.113279
56058.000  15425.081187
56059.000  15425.091731
56060.000  15425.077910
56061.000  15425.110579
56062.000  15425.098005
56063.000  15425.077445
56064.000  15424.566248
56065.000  15425.082207
56066.000  15425.113861
56067.000  15425.114008
56068.000  15425.089820
56069.000  15424.967031
56070.000  15424.074074
56071.000  15424.994393
56072.000  15425.080719
56073.000  15425.086797
56074.000  15425.094520
56075.000  15425.094997
56076.000  15425.074213
56077.000  15425.111312
56078.000  15425.077121
56079.000  15425.094282
56080.000  15424.857404
56081.000  15424.775269
56082.000  15423.872676
56083.000  15424.489062
56084.000  15424.287445
56085.000  15424.899984
56086.000  15425.077815
56087.000  15424.292951
56088.000  15425.093967
56089.000  15424.806400
56090.000  15425.001859
56091.000  15425.090179
56092.000  15425.066855
56093.000  15425.088065
56094.000  15424.985120
56095.000  15424.884856
56096.000  15424.449811
56097.000  15424.438945
56098.000  15424.729696
56099.000  15424.712621
56100.000  15425.081109
56101.000  15424.870844
56102.000  15425.000533
56103.000  15424.939652
56104.000  15425.096558
56105.000  15424.872008
56106.000  15425.095114
56107.000  15425.093755
56108.000  15423.870420
56109.000  15424.845438
56110.000  15423.901982
56111.000  15424.103053
56112.000  15424.126580
56113.000  15424.443737
56114.000  15425.100892
56115.000  15425.073436
56116.000  15424.841551
56117.000  15425.106059
56118.000  15425.056523
56119.000  15425.050649
56120.000  15425.033179
56121.000  15424.922101
56122.000  15424.907684
56123.000  15424.939457
56124.000  15424.892168
56125.000  15425.104484
56126.000  15425.009308
56127.000  15425.098322
56128.000  15425.117739
56129.000  15425.114524
56130.000  15425.118479
56131.000  15425.126369
56132.000  15424.719005
56133.000  15424.977052
56134.000  15424.994806
56135.000  15424.259764
56136.000  15424.768559
56137.000  15424.368459
56138.000  15423.987655
56139.000  15424.005305
56140.000  15425.072851
56141.000  15424.854410
56142.000  15425.072516
56143.000  15424.408443
56144.000  15424.455630
56145.000  15424.430718
56146.000  15424.662004
56148.000  15424.705148
56149.000  15424.331681
56150.000  15424.549726
56151.000  15423.763607
56152.000  15424.250236
56153.000  15424.805368
56154.000  15424.971023
56155.000  15424.996787
56156.000  15424.836231
56157.000  15425.105012
56158.000  15425.132787
56159.000  15425.105733
56160.000  15425.132850
56161.000  15425.078276
56162.000  15424.549263
56163.000  15425.042439
56164.000  15425.084818
56165.000  15423.676855
56166.000  15422.790446
56167.000  15424.401555
56168.000  15424.944764
56169.000  15424.677280
56170.000  15424.918396
56171.000  15425.053217
56172.000  15424.777132
56173.000  15425.099952
56174.000  15424.913014
56175.000  15425.077817
56176.000  15423.764243
56177.000  15422.844737
56178.000  15424.286177
56179.000  15424.560925
56180.000  15424.399484
56181.000  15425.001093
56182.000  15425.111431
56183.000  15425.095212
56184.000  15424.827086
56185.000  15424.890227
56186.000  15425.079821
56187.000  15425.076385
56188.000  15424.980720
56189.000  15424.945802
56190.000  15424.598241
56191.000  15425.074780
56192.000  15425.089098
56193.000  15425.104426
56194.000  15425.097873
56195.000  15425.093655
56196.000  15425.108608
56197.000  15425.105682
56198.000  15425.062656
56199.000  15425.096777
56200.000  15425.049061
56201.000  15424.881964
56202.000  15425.084733
56203.000  15424.719347
56204.000  15424.853879
56205.000  15425.099520
56206.000  15425.060536
56207.000  15425.100589
56208.000  15425.090794
56209.000  15425.100165
56210.000  15425.121504
56211.000  15425.102415
56212.000  15425.125260
56213.000  15425.114258
56214.000  15425.125351
56215.000  15425.128389
56216.000  15424.898486
56217.000  15425.080805
56218.000  15425.096404
56219.000  15425.089251
56220.000  15425.093095
56221.000  15424.863633
56222.000  15425.029708
56223.000  15425.064121
56224.000  15425.097807
56225.000  15425.096752
56226.000  15425.105401
56227.000  15425.068087
56228.000  15425.085198
56229.000  15425.035032
56230.000  15424.941297
56231.000  15425.065286
56232.000  15425.093249
56233.000  15424.751694
56234.000  15424.681661
56235.000  15425.003661
56236.000  15424.724876
56237.000  15424.808475
56238.000  15424.202686
56239.000  15424.992902
56240.000  15425.084235
56241.000  15424.960306
56242.000  15424.922848
56243.000  15424.544210
56246.000  15424.010187
56247.000  15424.707371
56248.000  15424.306905
56249.000  15423.761740
56250.000  15424.504380
56251.000  15424.789605
56252.000  15425.107235
56253.000  15425.079653
56254.000  15425.081481
56255.000  15424.652108
56256.000  15424.660417
56257.000  15424.436271
56258.000  15425.066277
56259.000  15425.103857
56260.000  15424.406477
56261.000  15424.571012
56262.000  15424.806025
56263.000  15424.743780
56264.000  15424.972709
56265.000  15424.091234
56266.000  15424.341931
56267.000  15424.416361
56268.000  15425.015807
56269.000  15425.101938
56270.000  15424.908952
56271.000  15425.066289
56272.000  15425.072486
56273.000  15425.052420
56274.000  15424.930283
56275.000  15425.041177
56276.000  15425.080599
56277.000  15425.067443
56278.000  15425.001624
56279.000  15425.086056
56280.000  15425.095608
56281.000  15424.965635
56282.000  15425.088752
56283.000  15425.087959
56284.000  15425.085299
56285.000  15424.933852
56286.000  15424.501654
56287.000  15424.070606
56288.000  15423.762929
56289.000  15425.026790
56294.000  15424.673206
56295.000  15425.000256
56296.000  15424.968229
56315.000  15424.766269
56316.000  15424.665251
56317.000  15424.395173
56318.000  15424.090529
56319.000  15424.033083
56320.000  15423.712321
56321.000  15422.107663
56322.000  15423.331837
56323.000  15423.019608
56324.000  15422.763647
56325.000  15424.597898
56326.000  15423.223784
56327.000  15423.510912
56328.000  15424.882974
56329.000  15424.482372
56330.000  15425.069448
56331.000  15425.072867
56332.000  15425.079864
56333.000  15425.077589
56334.000  15424.990224
56335.000  15424.151685
56336.000  15423.778130
56337.000  15420.082678
56338.000  15425.115830
56339.000  15425.028350
56340.000  15424.487811
56341.000  15423.447058
56342.000  15423.577906
56343.000  15422.896139
56344.000  15422.749276
56345.000  15422.871100
56346.000  15423.302435
56347.000  15423.538027
56348.000  15421.507265
56349.000  15420.275053
56350.000  15419.771306
56351.000  15418.754587
56352.000  15419.428231
56353.000  15417.998952
56354.000  15417.764852
56355.000  15420.218602
56356.000  15420.982027
56357.000  15420.061741
56358.000  15421.060732
56359.000  15420.839246
56360.000  15420.699561
56361.000  15420.540080
56362.000  15420.983279
56363.000  15421.702226
56364.000  15422.459514
56365.000  15422.829629
56366.000  15422.545410
56367.000  15421.144199
56368.000  15420.005340
56370.000  15422.370588
56371.000  15423.635492
56372.000  15421.911486
56373.000  15422.438574
56374.000  15423.300205
56375.000  15424.163318
56376.000  15423.353734
56377.000  15423.695568
56378.000  15423.505722
56379.000  15423.397860
56380.000  15422.538697
56381.000  15421.422254
56382.000  15422.113871
56383.000  15422.942862
56384.000  15422.247472
56385.000  15423.630916
56386.000  15422.208262
56387.000  15422.706630
56388.000  15422.451992
56389.000  15422.620401
56390.000  15422.883648
56391.000  15423.039263
56392.000  15424.060427
56393.000  15423.681539
56394.000  15422.556207
56395.000  15422.005151
56396.000  15423.284395
56397.000  15423.068940
56398.000  15423.622066
56399.000  15422.631400
56400.000  15423.186086
56401.000  15422.828027
56402.000  15423.952839
56403.000  15423.555754
56404.000  15423.810856
56405.000  15424.515595
56406.000  15424.701178
56407.000  15424.934607
56408.000  15424.809064
56409.000  15424.748916
56410.000  15424.081500
56411.000  15424.675539
56412.000  15424.071983
56413.000  15423.853231
56414.000  15423.312736
56415.000  15423.068583
56416.000  15424.359487
56417.000  15424.224587
56418.000  15424.593515
56419.000  15424.984902
56420.000  15424.761194
56421.000  15424.246815
56422.000  15424.855901
56423.000  15424.978891
56424.000  15425.108543
56425.000  15425.106472
56426.000  15425.105633
56427.000  15425.120999
56428.000  15425.134437
56429.000  15425.098656
56430.000  15424.194676
56431.000  15425.133789
56432.000  15424.803751
56433.000  15424.206675
56434.000  15424.218868
56435.000  15424.300147
56436.000  15424.761218
56437.000  15425.063316
56438.000  15425.031348
56439.000  15425.135602
56440.000  15425.135806
56441.000  15425.112610
56442.000  15425.124941
56443.000  15425.109866
56444.000  15424.909356
56445.000  15424.797395
56446.000  15424.646226
56447.000  15425.046885
56448.000  15424.114149
56449.000  15424.947323
56450.000  15425.082686
56451.000  15425.013438
56452.000  15424.961867
56453.000  15424.817268
56454.000  15425.089223
56455.000  15425.095404
56456.000  15424.528445
56457.000  15424.329055
56458.000  15424.826641
56459.000  15425.044890
56460.000  15425.112374
56461.000  15425.121356
56462.000  15424.604251
56463.000  15424.911972
56464.000  15424.694528
56465.000  15424.901231
56466.000  15425.113584
56467.000  15424.887703
56468.000  15424.671027
56469.000  15425.105087
56470.000  15425.116629
56471.000  15425.129785
56472.000  15425.141097
56473.000  15425.097494
56474.000  15425.141295
56475.000  15424.223923
56476.000  15425.089485
56477.000  15425.114765
56478.000  15425.071851
56479.000  15424.569902
56480.000  15424.852768
56481.000  15425.097961
56482.000  15424.904061
56483.000  15424.726541
56484.000  15425.118703
56485.000  15425.063380
56486.000  15425.140288
56487.000  15425.131479
56488.000  15424.909296
56489.000  15425.062586
56490.000  15425.134471
56491.000  15425.103851
56492.000  15425.120137
56493.000  15424.979518
56494.000  15425.143922
56495.000  15424.933853
56496.000  15425.120374
56497.000  15425.066175
56498.000  15424.415743
56499.000  15425.065541
56500.000  15424.979566
56501.000  15424.345655
56502.000  15424.672962
56503.000  15423.736147
56505.000  15424.160435
56506.000  15425.121363
56507.000  15425.119145
56508.000  15425.077780
56509.000  15425.085192
56510.000  15424.878834
56511.000  15424.728137
56512.000  15425.125756
56513.000  15425.123987
56514.000  15425.126490
56515.000  15424.835054
56516.000  15425.120152
56517.000  15424.436168
56518.000  15424.627974
56519.000  15424.959678
56520.000  15424.943294
56521.000  15425.008803
56522.000  15424.788001
56523.000  15425.059561
56524.000  15425.045997
56525.000  15425.058956
56526.000  15424.999186
56527.000  15424.605417
56528.000  15424.383858
56529.000  15424.464962
56530.000  15424.840621
56531.000  15424.520001
56532.000  15425.124050
56533.000  15424.744941
56534.000  15424.586086
56535.000  15424.245093
56536.000  15424.932587
56537.000  15424.729065
56538.000  15424.844379
56539.000  15424.961578
56540.000  15425.043205
56541.000  15425.084601
56542.000  15424.584138
56543.000  15425.097286
56544.000  15424.695119
56545.000  15424.837561
56546.000  15424.559784
56547.000  15424.276674
56548.000  15424.939730
56549.000  15424.916866
56550.000  15424.459628
56551.000  15425.129933
56552.000  15425.130528
56553.000  15425.126734
56554.000  15425.044201
56555.000  15425.117128
56556.000  15425.131920
56557.000  15425.070855
56558.000  15424.979263
56559.000  15425.124962
56560.000  15425.004892
56561.000  15425.160248
56562.000  15425.160679
56563.000  15425.116367
56564.000  15425.121637
56565.000  15424.940717
56566.000  15424.788316
56567.000  15425.110145
56568.000  15425.121102
56569.000  15425.131648
56570.000  15425.115963
56571.000  15425.151530
56572.000  15425.132947
56573.000  15425.128429
56574.000  15425.123598
56575.000  15425.003726
56576.000  15424.651723
56577.000  15425.132922
56578.000  15424.963020
56579.000  15425.099782
56580.000  15425.080601
56581.000  15425.017505
56582.000  15425.058836
56583.000  15424.926395
56584.000  15424.735741
56585.000  15424.867807
56586.000  15424.756060
56587.000  15424.671462
56588.000  15424.767242
56589.000  15424.826130
56590.000  15424.823193
56591.000  15424.894610
56592.000  15424.840008
56593.000  15425.117729
56594.000  15425.119425
56595.000  15425.115788
56596.000  15425.128194
56597.000  15425.116269
56598.000  15425.141255
56599.000  15425.125761
56600.000  15425.131294
56601.000  15425.129537
56602.000  15425.074774
56603.000  15424.966169
56604.000  15425.048466
56605.000  15424.749784
56606.000  15424.842065
56607.000  15425.118285
56608.000  15425.141290
56609.000  15425.123549
56610.000  15425.099140
56611.000  15424.983675
56612.000  15425.098270
56613.000  15425.088727
56614.000  15425.126779
56615.000  15424.986908
56616.000  15424.898402
56617.000  15424.811057
56618.000  15425.042802
56619.000  15424.602124
56620.000  15424.593459
56621.000  15424.872341
56622.000  15424.483077
56623.000  15424.848926
56624.000  15424.977962
56625.000  15424.990461
56626.000  15425.110660
56627.000  15424.994319
56628.000  15424.932174
56629.000  15424.447828
56630.000  15424.756486
56631.000  15424.947175
56632.000  15424.932749
56635.000  15425.049132
56636.000  15424.969534
56637.000  15425.113537
56638.000  15425.143932
56639.000  15425.062395
56640.000  15425.131080
56641.000  15425.065711
56642.000  15425.145977
56643.000  15425.148507
56644.000  15425.145893
56645.000  15425.151409
56646.000  15425.147077
56647.000  15425.153341
56648.000  15425.118827
56649.000  15425.150750
56650.000  15425.131451
56651.000  15425.153683
56652.000  15425.109776
56653.000  15425.107668
56654.000  15425.116891
56655.000  15425.150266
56656.000  15425.143866
56657.000  15425.123097
56658.000  15425.120743
56659.000  15425.089012
56660.000  15425.104278
56661.000  15425.132935
56662.000  15425.121266
56663.000  15425.123372
56664.000  15425.122103
56665.000  15425.038025
56666.000  15425.118007
56667.000  15425.119334
56668.000  15425.146850
56669.000  15425.111854
56670.000  15425.116276
56671.000  15425.121032
56672.000  15425.150122
56673.000  15425.084840
56674.000  15425.074662
56675.000  15425.110395
56676.000  15425.118270
56677.000  15424.837904
56678.000  15425.114353
56679.000  15425.120265
56680.000  15425.068078
56681.000  15425.083433
56682.000  15425.119790
56683.000  15425.050671
56684.000  15423.984326
56685.000  15424.595731
56686.000  15424.909231
56687.000  15425.119310
56688.000  15424.860486
56689.000  15425.015223
56690.000  15425.058251
56691.000  15425.121954
56692.000  15425.122603
56693.000  15424.987092
56694.000  15425.020513
56695.000  15425.147845
56696.000  15425.115617
56697.000  15425.095902
56698.000  15425.147140
56699.000  15425.073857
56700.000  15424.932764
56701.000  15425.122808
56702.000  15424.904793
56703.000  15424.600324
56704.000  15424.707404
56705.000  15425.145388
56706.000  15425.122675
56707.000  15424.909558
56708.000  15424.572550
56709.000  15425.042303
56710.000  15424.362950
56711.000  15425.023370
56712.000  15424.596206
56713.000  15424.805830
56714.000  15424.993589
56715.000  15425.147579
56716.000  15425.146451
56717.000  15425.116556
56718.000  15425.140357
56719.000  15425.108531
56720.000  15425.063661
56721.000  15425.115983
56722.000  15425.089212
56723.000  15425.143626
56724.000  15425.117391
56725.000  15424.812708
56726.000  15425.081899
56727.000  15425.115869
56728.000  15425.094051
56729.000  15425.112137
56730.000  15425.134046
56731.000  15425.134522
56732.000  15424.983525
56733.000  15424.685307
56734.000  15424.833839
56735.000  15425.110403
56736.000  15424.830130
56737.000  15424.252025
56738.000  15424.821790
56739.000  15424.742793
56740.000  15424.635161
56741.000  15423.928094
56742.000  15424.470966
56743.000  15424.709268
56744.000  15424.814909
56745.000  15424.879062
56746.000  15424.853389
56747.000  15424.830014
56748.000  15425.103253
56749.000  15425.111806
56750.000  15425.108939
56751.000  15425.120419
56752.000  15425.063568
56753.000  15425.098348
56754.000  15425.090064
56755.000  15425.049635
56756.000  15425.103719
56757.000  15425.127079
56758.000  15424.950733
56760.000  15424.555059
56761.000  15423.697324
56762.000  15424.717524
56763.000  15424.879567
56764.000  15424.191939
56765.000  15424.575709
56766.000  15424.237106
56767.000  15424.674365
56768.000  15424.597884
56769.000  15424.405690
56770.000  15424.768154
56771.000  15424.322971
56772.000  15424.735573
56773.000  15424.998421
56774.000  15425.095581
56775.000  15425.040138
56776.000  15425.034831
56777.000  15424.575347
56778.000  15424.704917
56779.000  15424.167466
56780.000  15424.825854
56781.000  15425.059401
56782.000  15425.091879
56783.000  15425.048593
56784.000  15424.990248
56785.000  15425.118746
56786.000  15424.883380
56787.000  15425.113183
56788.000  15424.777861
56789.000  15425.092749
56790.000  15425.114583
56791.000  15425.077782
56792.000  15425.100198
56793.000  15425.075600
56794.000  15424.756898
56795.000  15424.764313
56796.000  15424.715083
56797.000  15424.987612
56798.000  15424.925528
56799.000  15425.095443
56800.000  15425.089585
56801.000  15425.098580
56802.000  15424.947275
56803.000  15425.082412
56804.000  15425.107307
56805.000  15425.083242
56806.000  15424.803527
56807.000  15425.071719
56808.000  15424.842145
56809.000  15425.079155
56810.000  15424.978020
56811.000  15425.075999
56812.000  15424.995563
56813.000  15425.040254
56814.000  15424.950941
56815.000  15425.058326
56816.000  15424.381220
56817.000  15424.065769
56818.000  15424.081975
56819.000  15423.562330
56820.000  15424.998994
56821.000  15425.054551
56822.000  15424.562184
56823.000  15424.768821
56824.000  15425.064916
56825.000  15424.520727
56826.000  15422.907259
56827.000  15423.182764
56828.000  15424.067158
56829.000  15423.928331
56830.000  15424.552553
56831.000  15424.381054
56832.000  15424.483828
56833.000  15423.035463
56834.000  15423.133943
56835.000  15424.634033
56836.000  15425.055856
56837.000  15422.391145
56838.000  15422.202060
56839.000  15422.409777
56840.000  15424.042950
56841.000  15424.336609
56842.000  15423.836602
56843.000  15423.491339
56844.000  15423.543347
56845.000  15423.194337
56846.000  15423.934731
56847.000  15419.861910
56848.000  15418.894091
56849.000  15423.133373
56850.000  15423.434122
56851.000  15423.184152
56852.000  15424.157256
56853.000  15424.238755
56854.000  15422.687164
56855.000  15418.742746
56856.000  15419.406237
56857.000  15423.291287
56858.000  15422.416426
56859.000  15421.504632
56860.000  15422.925272
56861.000  15422.225020
56862.000  15423.346225
56863.000  15424.040558
56864.000  15420.949579
56865.000  15423.776207
56866.000  15424.148332
56867.000  15424.037705
56868.000  15423.769202
56869.000  15423.462077
56870.000  15422.252196
56871.000  15423.878888
56872.000  15423.733274
56873.000  15422.663283
56874.000  15422.819253
56875.000  15421.952862
56876.000  15423.531715
56877.000  15424.351547
56878.000  15424.218249
56879.000  15423.663852
56880.000  15424.317652
56881.000  15423.897195
56882.000  15423.311384
56883.000  15423.572036
56884.000  15424.412706
56885.000  15424.870958
56886.000  15424.235092
56887.000  15424.380500
56888.000  15424.717726
56889.000  15424.688246
56890.000  15424.406502
56891.000  15424.643365
56892.000  15424.955704
56893.000  15424.609060
56894.000  15424.754244
56895.000  15425.011508
56896.000  15424.994729
56897.000  15424.595165
56898.000  15424.815821
56899.000  15424.895091
56900.000  15425.003288
56901.000  15424.581559
56902.000  15424.967651
56903.000  15424.653166
56904.000  15424.969026
56905.000  15424.754592
56906.000  15424.950810
56907.000  15424.979838
56908.000  15424.837132
56909.000  15424.894159
56910.000  15424.960543
56911.000  15424.983698
56912.000  15424.962958
56913.000  15424.917214
56914.000  15424.938930
56915.000  15424.938125
56916.000  15424.930930
56917.000  15424.948204
56918.000  15424.949494
56919.000  15424.962199
56920.000  15424.961797
56921.000  15424.773851
56922.000  15424.959445
56923.000  15424.663512
56924.000  15424.910076
56925.000  15424.948096
56926.000  15424.925385
56927.000  15424.939251
56928.000  15424.660877
56929.000  15424.857910
56930.000  15424.901337
56931.000  15424.904755
56932.000  15424.918389
56933.000  15424.884195
56934.000  15424.912198
56935.000  15424.889987
56936.000  15424.883931
56937.000  15424.842162
56938.000  15424.790402
56939.000  15424.555076
56940.000  15424.850017
56941.000  15424.818017
56942.000  15424.596724
56943.000  15424.684315
56944.000  15424.732658
56945.000  15424.758883
56946.000  15424.443804
56947.000  15424.720790
56948.000  15424.698887
56949.000  15424.721129
56950.000  15424.693782
56951.000  15424.644866
56952.000  15424.606117
56953.000  15424.284834
56954.000  15424.435626
57266.000  15424.182222
57267.000  15422.568409
57268.000  15423.934326
57269.000  15424.591469
57270.000  15424.618333
57271.000  15424.670667
57272.000  15424.689732
57273.000  15424.703864
57274.000  15424.715288
57275.000  15424.618963
57276.000  15424.733814
57277.000  15424.651856
57278.000  15424.722769
57279.000  15424.211864
57280.000  15424.570248
57281.000  15424.525196
57282.000  15424.733757
57283.000  15424.763936
57284.000  15424.758824
57285.000  15424.735153
57286.000  15424.645171
57287.000  15424.658421
57288.000  15424.492266
57289.000  15424.429034
57290.000  15424.743447
57291.000  15424.611193
57292.000  15424.366429
57293.000  15423.936749
57294.000  15423.778753
57295.000  15424.238092
57296.000  15424.450593
57297.000  15424.660313
57298.000  15424.405674
57299.000  15424.498477
57300.000  15424.723483
57301.000  15424.737849
57302.000  15424.751043
57303.000  15424.710854
57304.000  15423.818701
57305.000  15424.713011
57306.000  15424.687421
57307.000  15424.498649
57308.000  15422.936553
57309.000  15423.706005
57310.000  15422.678321
57311.000  15424.404032
57312.000  15424.717204
57313.000  15424.200314
57314.000  15423.993759
57315.000  15424.374502
57316.000  15423.705445
57317.000  15421.314868
57318.000  15423.787249
57319.000  15423.867264
57320.000  15422.562043
57321.000  15423.563070
57322.000  15424.083248
57323.000  15423.978924
57324.000  15422.756914
57325.000  15423.228700
57326.000  15424.567498
57327.000  15424.125227
57328.000  15424.067428
57329.000  15424.501538
57330.000  15424.565739
57331.000  15424.140577
57332.000  15423.935268
57333.000  15423.738612
57334.000  15424.434894
57335.000  15424.582670
57336.000  15424.558757
57337.000  15424.516147
57338.000  15424.551956
57339.000  15424.494119
57340.000  15422.970167
57341.000  15422.283527
57342.000  15423.042969
57343.000  15424.380001
57344.000  15424.349699
57345.000  15423.866271
57346.000  15423.735250
57347.000  15423.543996
57348.000  15422.271037
57349.000  15423.762167
57350.000  15423.386039
57351.000  15424.246137
57352.000  15424.315683
57353.000  15424.285533
57354.000  15424.184464
57355.000  15422.402687
57356.000  15423.292879
57357.000  15423.725375
57358.000  15423.525253
57359.000  15422.632384
57360.000  15423.195231
57361.000  15423.675784
57362.000  15423.307377
