54792.000000
54874.000000
54887.000000
54888.000000
54889.000000
54890.000000
54891.000000
54894.000000
54895.000000
54896.000000
54897.000000
55176.000000
55235.000000
55236.000000
55237.000000
55238.000000
55239.000000
55240.000000
55241.000000
55242.000000
55243.000000
55244.000000
55245.000000
55246.000000
55247.000000
55248.000000
55249.000000
55250.000000
55251.000000
55252.000000
55253.000000
55254.000000
55255.000000
55256.000000
55257.000000
55258.000000
55259.000000
55260.000000
55262.000000
55263.000000
55867.000000
55883.000000
55944.000000
55945.000000
55947.000000
55949.000000
55950.000000
55976.000000
55984.000000
55986.000000
55987.000000
56004.000000
56005.000000
56006.000000
56007.000000
56008.000000
56369.000000
56633.000000
56634.000000
56759.000000
57417.000000
57418.000000
57419.000000
57464.000000
54563.000000
55268.000000
